<?xml version="1.0" encoding="utf-8"?><testsuites name="pytest tests"><testsuite name="pytest" errors="0" failures="0" skipped="0" tests="28" time="3.675" timestamp="2026-03-30T02:43:17.027132+00:00" hostname="agent-env-ed8aeb0c-79f3-4253-8a92-03038bc97dd3"><testcase classname="backend.tests.test_3tier_network_cap.TestMiningRateBreakdown" name="test_rate_breakdown_returns_200" time="0.219" /><testcase classname="backend.tests.test_3tier_network_cap.TestMiningRateBreakdown" name="test_rate_breakdown_has_l1_indirect_referrals" time="0.162" /><testcase classname="backend.tests.test_3tier_network_cap.TestMiningRateBreakdown" name="test_rate_breakdown_has_cap_tier1_base" time="0.151" /><testcase classname="backend.tests.test_3tier_network_cap.TestMiningRateBreakdown" name="test_rate_breakdown_has_cap_tier2_bonus" time="0.125" /><testcase classname="backend.tests.test_3tier_network_cap.TestMiningRateBreakdown" name="test_rate_breakdown_has_cap_tier3_bonus" time="0.115" /><testcase classname="backend.tests.test_3tier_network_cap.TestMiningRateBreakdown" name="test_rate_breakdown_has_network_cap" time="0.170" /><testcase classname="backend.tests.test_3tier_network_cap.TestMiningRateBreakdown" name="test_rate_breakdown_network_cap_formula" time="0.140" /><testcase classname="backend.tests.test_3tier_network_cap.TestMiningStatus" name="test_mining_status_returns_200" time="0.117" /><testcase classname="backend.tests.test_3tier_network_cap.TestMiningStatus" name="test_mining_status_has_l1_indirect_referrals" time="0.118" /><testcase classname="backend.tests.test_3tier_network_cap.TestMiningStatus" name="test_mining_status_has_cap_tier1_base" time="0.145" /><testcase classname="backend.tests.test_3tier_network_cap.TestMiningStatus" name="test_mining_status_has_cap_tier2_bonus" time="0.117" /><testcase classname="backend.tests.test_3tier_network_cap.TestMiningStatus" name="test_mining_status_has_cap_tier3_bonus" time="0.146" /><testcase classname="backend.tests.test_3tier_network_cap.TestMiningStatus" name="test_mining_status_has_mining_active" time="0.117" /><testcase classname="backend.tests.test_3tier_network_cap.TestMiningStatus" name="test_mining_status_has_mined_coins" time="0.112" /><testcase classname="backend.tests.test_3tier_network_cap.TestMiningStatus" name="test_mining_status_has_session_info" time="0.123" /><testcase classname="backend.tests.test_3tier_network_cap.TestGrowthNetworkStats" name="test_network_stats_returns_200" time="0.113" /><testcase classname="backend.tests.test_3tier_network_cap.TestGrowthNetworkStats" name="test_network_stats_has_success_and_data" time="0.122" /><testcase classname="backend.tests.test_3tier_network_cap.TestGrowthNetworkStats" name="test_network_stats_has_l1_indirect_referrals" time="0.109" /><testcase classname="backend.tests.test_3tier_network_cap.TestGrowthNetworkStats" name="test_network_stats_has_cap_tier1_base" time="0.128" /><testcase classname="backend.tests.test_3tier_network_cap.TestGrowthNetworkStats" name="test_network_stats_has_cap_tier2_bonus" time="0.115" /><testcase classname="backend.tests.test_3tier_network_cap.TestGrowthNetworkStats" name="test_network_stats_has_cap_tier3_bonus" time="0.123" /><testcase classname="backend.tests.test_3tier_network_cap.TestNetworkCapMath" name="test_primary_user_cap_calculation" time="0.128" /><testcase classname="backend.tests.test_3tier_network_cap.TestNetworkCapMath" name="test_tier2_bonus_calculation" time="0.117" /><testcase classname="backend.tests.test_3tier_network_cap.TestNetworkCapMath" name="test_tier3_bonus_calculation" time="0.141" /><testcase classname="backend.tests.test_3tier_network_cap.TestPRCUserEndpoints" name="test_prc_user_rate_breakdown" time="0.122" /><testcase classname="backend.tests.test_3tier_network_cap.TestPRCUserEndpoints" name="test_prc_user_mining_status" time="0.102" /><testcase classname="backend.tests.test_3tier_network_cap.TestEdgeCases" name="test_invalid_user_rate_breakdown" time="0.106" /><testcase classname="backend.tests.test_3tier_network_cap.TestEdgeCases" name="test_invalid_user_mining_status" time="0.121" /></testsuite></testsuites>