<?xml version="1.0" encoding="utf-8"?><testsuites name="pytest tests"><testsuite name="pytest" errors="0" failures="1" skipped="0" tests="20" time="5.946" timestamp="2026-04-07T08:25:31.582781+00:00" hostname="agent-env-1402b158-3a1a-47dc-9046-ba754c78d940"><testcase classname="backend.tests.test_8_core_flows.TestHealthAndBasics" name="test_health_endpoint" time="0.121" /><testcase classname="backend.tests.test_8_core_flows.TestRegistrationFlow" name="test_registration_page_api_check_auth_type" time="0.105" /><testcase classname="backend.tests.test_8_core_flows.TestRegistrationFlow" name="test_registration_page_api_check_new_user" time="0.097"><failure message="AssertionError: assert True == False&#10; +  where True = &lt;built-in method get of dict object at 0xfa8e96f78740&gt;('user_exists')&#10; +    where &lt;built-in method get of dict object at 0xfa8e96f78740&gt; = {'auth_type': 'pin', 'user_exists': True}.get">backend/tests/test_8_core_flows.py:69: in test_registration_page_api_check_new_user
    assert data.get("user_exists") == False
E   AssertionError: assert True == False
E    +  where True = &lt;built-in method get of dict object at 0xfa8e96f78740&gt;('user_exists')
E    +    where &lt;built-in method get of dict object at 0xfa8e96f78740&gt; = {'auth_type': 'pin', 'user_exists': True}.get</failure></testcase><testcase classname="backend.tests.test_8_core_flows.TestLoginFlow" name="test_login_with_valid_credentials" time="0.351" /><testcase classname="backend.tests.test_8_core_flows.TestLoginFlow" name="test_login_with_invalid_pin" time="0.574" /><testcase classname="backend.tests.test_8_core_flows.TestSubscriptionFlow" name="test_subscription_plans_endpoint" time="0.342" /><testcase classname="backend.tests.test_8_core_flows.TestSubscriptionFlow" name="test_subscription_user_status" time="0.102" /><testcase classname="backend.tests.test_8_core_flows.TestSubscriptionFlow" name="test_public_settings_payment_methods" time="0.101" /><testcase classname="backend.tests.test_8_core_flows.TestMiningRewardFlow" name="test_mining_status" time="0.113" /><testcase classname="backend.tests.test_8_core_flows.TestMiningRewardFlow" name="test_mining_start_session" time="0.100" /><testcase classname="backend.tests.test_8_core_flows.TestRedeemLimitFlow" name="test_redeem_limit_endpoint" time="0.115" /><testcase classname="backend.tests.test_8_core_flows.TestReferralFlow" name="test_user_referral_code" time="0.609" /><testcase classname="backend.tests.test_8_core_flows.TestReferralFlow" name="test_referral_lookup" time="0.447" /><testcase classname="backend.tests.test_8_core_flows.TestReferralFlow" name="test_network_stats" time="0.100" /><testcase classname="backend.tests.test_8_core_flows.TestBankRedeemFlow" name="test_bank_transfer_config" time="0.101" /><testcase classname="backend.tests.test_8_core_flows.TestBankRedeemFlow" name="test_ifsc_verification" time="1.064" /><testcase classname="backend.tests.test_8_core_flows.TestKYCFlow" name="test_kyc_status_check" time="0.099" /><testcase classname="backend.tests.test_8_core_flows.TestKYCFlow" name="test_user_kyc_status" time="0.343" /><testcase classname="backend.tests.test_8_core_flows.TestNavigationRoutes" name="test_dashboard_api" time="0.613" /><testcase classname="backend.tests.test_8_core_flows.TestNavigationRoutes" name="test_user_endpoint" time="0.378" /></testsuite></testsuites>