<?xml version="1.0" encoding="utf-8"?><testsuites name="pytest tests"><testsuite name="pytest" errors="0" failures="0" skipped="0" tests="15" time="1.119" timestamp="2026-01-05T16:05:27.293252+00:00" hostname="agent-env-e2cd59c5-d22b-426b-b3d4-d33f622c755a"><testcase classname="tests.test_accounting_system.TestMasterDashboard" name="test_get_master_dashboard" time="0.101" /><testcase classname="tests.test_accounting_system.TestPRCMintLedger" name="test_get_prc_mint_ledger" time="0.044" /><testcase classname="tests.test_accounting_system.TestPRCMintLedger" name="test_prc_mint_ledger_with_filters" time="0.044" /><testcase classname="tests.test_accounting_system.TestPRCBurnLedger" name="test_get_prc_burn_ledger" time="0.046" /><testcase classname="tests.test_accounting_system.TestLiabilityLedger" name="test_get_liability_ledger" time="0.043" /><testcase classname="tests.test_accounting_system.TestReserveFund" name="test_get_reserve_fund" time="0.044" /><testcase classname="tests.test_accounting_system.TestReserveFund" name="test_add_to_reserve_fund" time="0.152" /><testcase classname="tests.test_accounting_system.TestConversionRate" name="test_get_conversion_rate" time="0.045" /><testcase classname="tests.test_accounting_system.TestConversionRate" name="test_update_conversion_rate" time="0.119" /><testcase classname="tests.test_accounting_system.TestDailySummary" name="test_get_daily_summaries" time="0.039" /><testcase classname="tests.test_accounting_system.TestDailySummary" name="test_generate_daily_summary" time="0.070" /><testcase classname="tests.test_accounting_system.TestUserCostAnalysis" name="test_get_user_cost_analysis" time="0.061" /><testcase classname="tests.test_accounting_system.TestAccountingSettings" name="test_get_accounting_settings" time="0.043" /><testcase classname="tests.test_accounting_system.TestAccountingSettings" name="test_update_accounting_settings" time="0.122" /><testcase classname="tests.test_accounting_system.TestBurnInactivePRC" name="test_burn_inactive_prc_endpoint" time="0.038" /></testsuite></testsuites>