<?xml version="1.0" encoding="utf-8"?><testsuites name="pytest tests"><testsuite name="pytest" errors="4" failures="2" skipped="0" tests="16" time="1.418" timestamp="2026-01-06T16:59:00.761510+00:00" hostname="agent-env-f72bcf88-0fea-4816-898f-664fa23b53c3"><testcase classname="tests.test_admin_security.TestAdminLogin" name="test_admin_login_returns_tokens" time="0.073" /><testcase classname="tests.test_admin_security.TestAdminLogin" name="test_nonexistent_user_returns_404" time="0.040" /><testcase classname="tests.test_admin_security.TestRateLimiting" name="test_rate_limit_configuration_exists" time="0.091" /><testcase classname="tests.test_admin_security.TestSecurityDashboard" name="test_security_dashboard_loads" time="0.089" /><testcase classname="tests.test_admin_security.TestSecurityDashboard" name="test_security_dashboard_requires_admin" time="0.039" /><testcase classname="tests.test_admin_security.TestEmergencyLockdown" name="test_get_lockdown_status" time="0.090" /><testcase classname="tests.test_admin_security.TestEmergencyLockdown" name="test_activate_and_deactivate_partial_lockdown" time="0.306" /><testcase classname="tests.test_admin_security.TestEmergencyLockdown" name="test_activate_full_lockdown_and_deactivate" time="0.133" /><testcase classname="tests.test_admin_security.TestIPWhitelist" name="test_get_ip_whitelist" time="0.084" /><testcase classname="tests.test_admin_security.TestIPWhitelist" name="test_update_ip_whitelist_via_query_params" time="0.123" /><testcase classname="tests.test_admin_security.TestIPWhitelist" name="test_disable_ip_whitelist" time="0.039"><error message="failed on setup with &quot;assert 403 == 200&#10; +  where 403 = &lt;Response [403]&gt;.status_code&quot;">tests/test_admin_security.py:269: in admin_uid
    assert response.status_code == 200
E   assert 403 == 200
E    +  where 403 = &lt;Response [403]&gt;.status_code</error></testcase><testcase classname="tests.test_admin_security.TestAuditLogs" name="test_get_audit_logs" time="0.043"><error message="failed on setup with &quot;assert 403 == 200&#10; +  where 403 = &lt;Response [403]&gt;.status_code&quot;">tests/test_admin_security.py:337: in admin_uid
    assert response.status_code == 200
E   assert 403 == 200
E    +  where 403 = &lt;Response [403]&gt;.status_code</error></testcase><testcase classname="tests.test_admin_security.TestAuditLogs" name="test_audit_logs_pagination" time="0.044"><error message="failed on setup with &quot;assert 403 == 200&#10; +  where 403 = &lt;Response [403]&gt;.status_code&quot;">tests/test_admin_security.py:337: in admin_uid
    assert response.status_code == 200
E   assert 403 == 200
E    +  where 403 = &lt;Response [403]&gt;.status_code</error></testcase><testcase classname="tests.test_admin_security.TestAuditLogs" name="test_audit_logs_filtering" time="0.039"><error message="failed on setup with &quot;assert 403 == 200&#10; +  where 403 = &lt;Response [403]&gt;.status_code&quot;">tests/test_admin_security.py:337: in admin_uid
    assert response.status_code == 200
E   assert 403 == 200
E    +  where 403 = &lt;Response [403]&gt;.status_code</error></testcase><testcase classname="tests.test_admin_security.TestSessionManagement" name="test_login_creates_session_and_dashboard_shows_it" time="0.039"><failure message="assert 403 == 200&#10; +  where 403 = &lt;Response [403]&gt;.status_code">tests/test_admin_security.py:437: in test_login_creates_session_and_dashboard_shows_it
    assert response.status_code == 200
E   assert 403 == 200
E    +  where 403 = &lt;Response [403]&gt;.status_code</failure></testcase><testcase classname="tests.test_admin_security.TestJWTTokens" name="test_jwt_tokens_are_valid_format" time="0.041"><failure message="assert 403 == 200&#10; +  where 403 = &lt;Response [403]&gt;.status_code">tests/test_admin_security.py:473: in test_jwt_tokens_are_valid_format
    assert response.status_code == 200
E   assert 403 == 200
E    +  where 403 = &lt;Response [403]&gt;.status_code</failure></testcase></testsuite></testsuites>