<?xml version="1.0" encoding="utf-8"?><testsuites name="pytest tests"><testsuite name="pytest" errors="0" failures="0" skipped="0" tests="16" time="2.068" timestamp="2026-03-21T12:21:20.876785+00:00" hostname="agent-env-25cccb23-e89c-4c83-95c6-da5af20c7d0c"><testcase classname="backend.tests.test_admin_user_360_search.TestUser360SearchAPI" name="test_search_by_mobile_number" time="0.162" /><testcase classname="backend.tests.test_admin_user_360_search.TestUser360SearchAPI" name="test_search_by_email" time="0.171" /><testcase classname="backend.tests.test_admin_user_360_search.TestUser360SearchAPI" name="test_search_by_uid" time="0.134" /><testcase classname="backend.tests.test_admin_user_360_search.TestUser360SearchAPI" name="test_search_returns_complete_user_data" time="0.129" /><testcase classname="backend.tests.test_admin_user_360_search.TestUser360SearchAPI" name="test_search_with_special_characters" time="0.123" /><testcase classname="backend.tests.test_admin_user_360_search.TestUser360SearchAPI" name="test_search_user_not_found" time="0.116" /><testcase classname="backend.tests.test_admin_user_360_search.TestUser360SearchAPI" name="test_search_query_too_short" time="0.096" /><testcase classname="backend.tests.test_admin_user_360_search.TestBrowseAllUsersAPI" name="test_browse_all_users_default" time="0.120" /><testcase classname="backend.tests.test_admin_user_360_search.TestBrowseAllUsersAPI" name="test_browse_all_users_with_pagination" time="0.103" /><testcase classname="backend.tests.test_admin_user_360_search.TestBrowseAllUsersAPI" name="test_browse_all_users_with_search" time="0.168" /><testcase classname="backend.tests.test_admin_user_360_search.TestBrowseAllUsersAPI" name="test_browse_all_users_with_role_filter" time="0.138" /><testcase classname="backend.tests.test_admin_user_360_search.TestSearchSuggestionsAPI" name="test_search_suggestions_basic" time="0.103" /><testcase classname="backend.tests.test_admin_user_360_search.TestSearchSuggestionsAPI" name="test_search_suggestions_returns_user_details" time="0.098" /><testcase classname="backend.tests.test_admin_user_360_search.TestSearchSuggestionsAPI" name="test_search_suggestions_short_query" time="0.106" /><testcase classname="backend.tests.test_admin_user_360_search.TestSearchSuggestionsAPI" name="test_search_suggestions_empty_query" time="0.108" /><testcase classname="backend.tests.test_admin_user_360_search.TestRedeemLimitConsistency" name="test_redeem_limit_in_user_360" time="0.131" /></testsuite></testsuites>