<?xml version="1.0" encoding="utf-8"?><testsuites name="pytest tests"><testsuite name="pytest" errors="0" failures="0" skipped="0" tests="14" time="4.278" timestamp="2026-02-14T11:52:41.261553+00:00" hostname="agent-env-35f79a2b-bcee-48ba-a8b9-9c6ad50f8e64"><testcase classname="tests.test_admin_subscription_edit_delete.TestAdminSubscriptionEdit" name="test_edit_plan_field" time="0.457" /><testcase classname="tests.test_admin_subscription_edit_delete.TestAdminSubscriptionEdit" name="test_edit_duration_field" time="0.608" /><testcase classname="tests.test_admin_subscription_edit_delete.TestAdminSubscriptionEdit" name="test_edit_amount_field" time="0.324" /><testcase classname="tests.test_admin_subscription_edit_delete.TestAdminSubscriptionEdit" name="test_edit_expiry_date" time="0.206" /><testcase classname="tests.test_admin_subscription_edit_delete.TestAdminSubscriptionEdit" name="test_edit_multiple_fields" time="0.321" /><testcase classname="tests.test_admin_subscription_edit_delete.TestAdminSubscriptionEdit" name="test_edit_nonexistent_payment" time="0.208" /><testcase classname="tests.test_admin_subscription_edit_delete.TestAdminSubscriptionEdit" name="test_edit_empty_request" time="0.253" /><testcase classname="tests.test_admin_subscription_edit_delete.TestAdminSubscriptionDelete" name="test_delete_endpoint_exists" time="0.106" /><testcase classname="tests.test_admin_subscription_edit_delete.TestAdminSubscriptionDelete" name="test_delete_nonexistent_payment" time="0.100" /><testcase classname="tests.test_admin_subscription_edit_delete.TestAdminVipPaymentsGet" name="test_get_approved_payments" time="0.109" /><testcase classname="tests.test_admin_subscription_edit_delete.TestAdminVipPaymentsGet" name="test_payment_has_required_fields_for_edit" time="0.223" /><testcase classname="tests.test_admin_subscription_edit_delete.TestAdminSubscriptionEditValidation" name="test_edit_with_valid_plans" time="0.482" /><testcase classname="tests.test_admin_subscription_edit_delete.TestAdminSubscriptionEditValidation" name="test_edit_with_valid_durations" time="0.562" /><testcase classname="tests.test_admin_subscription_edit_delete.TestAdminSubscriptionEditValidation" name="test_edit_with_date_format" time="0.215" /></testsuite></testsuites>