<?xml version="1.0" encoding="utf-8"?><testsuites name="pytest tests"><testsuite name="pytest" errors="0" failures="0" skipped="0" tests="32" time="3.483" timestamp="2026-04-19T07:09:04.776139+00:00" hostname="agent-env-1402b158-3a1a-47dc-9046-ba754c78d940"><testcase classname="backend.tests.test_admin_investors_crud.TestInvestorFAQ" name="test_list_faqs" time="1.135" /><testcase classname="backend.tests.test_admin_investors_crud.TestInvestorFAQ" name="test_create_faq" time="0.099" /><testcase classname="backend.tests.test_admin_investors_crud.TestInvestorFAQ" name="test_update_faq" time="0.096" /><testcase classname="backend.tests.test_admin_investors_crud.TestInvestorFAQ" name="test_delete_faq" time="0.107" /><testcase classname="backend.tests.test_admin_investors_crud.TestInvestorFAQ" name="test_delete_faq_not_found" time="0.044" /><testcase classname="backend.tests.test_admin_investors_crud.TestInvestorTeam" name="test_list_team" time="0.045" /><testcase classname="backend.tests.test_admin_investors_crud.TestInvestorTeam" name="test_create_team_member" time="0.095" /><testcase classname="backend.tests.test_admin_investors_crud.TestInvestorTeam" name="test_update_team_member" time="0.090" /><testcase classname="backend.tests.test_admin_investors_crud.TestInvestorTeam" name="test_delete_team_member" time="0.102" /><testcase classname="backend.tests.test_admin_investors_crud.TestInvestorTeam" name="test_delete_team_member_not_found" time="0.052" /><testcase classname="backend.tests.test_admin_investors_crud.TestInvestorPress" name="test_list_press" time="0.054" /><testcase classname="backend.tests.test_admin_investors_crud.TestInvestorPress" name="test_create_press" time="0.089" /><testcase classname="backend.tests.test_admin_investors_crud.TestInvestorPress" name="test_delete_press" time="0.099" /><testcase classname="backend.tests.test_admin_investors_crud.TestInvestorPress" name="test_delete_press_not_found" time="0.045" /><testcase classname="backend.tests.test_admin_investors_crud.TestInvestorDocuments" name="test_upload_document" time="0.053" /><testcase classname="backend.tests.test_admin_investors_crud.TestInvestorDocuments" name="test_list_documents_excludes_sensitive" time="0.045" /><testcase classname="backend.tests.test_admin_investors_crud.TestInvestorDocuments" name="test_download_wrong_password" time="0.046" /><testcase classname="backend.tests.test_admin_investors_crud.TestInvestorDocuments" name="test_download_correct_password" time="0.049" /><testcase classname="backend.tests.test_admin_investors_crud.TestInvestorDocuments" name="test_download_not_found" time="0.046" /><testcase classname="backend.tests.test_admin_investors_crud.TestInvestorDocuments" name="test_delete_document_removes_file" time="0.132" /><testcase classname="backend.tests.test_admin_investors_crud.TestInvestorInquiries" name="test_create_inquiry_via_contact" time="0.097" /><testcase classname="backend.tests.test_admin_investors_crud.TestInvestorInquiries" name="test_list_inquiries" time="0.047" /><testcase classname="backend.tests.test_admin_investors_crud.TestInvestorInquiries" name="test_update_inquiry_status_all_valid[contacted]" time="0.091" /><testcase classname="backend.tests.test_admin_investors_crud.TestInvestorInquiries" name="test_update_inquiry_status_all_valid[in_discussion]" time="0.090" /><testcase classname="backend.tests.test_admin_investors_crud.TestInvestorInquiries" name="test_update_inquiry_status_all_valid[closed]" time="0.091" /><testcase classname="backend.tests.test_admin_investors_crud.TestInvestorInquiries" name="test_update_inquiry_status_all_valid[rejected]" time="0.094" /><testcase classname="backend.tests.test_admin_investors_crud.TestInvestorInquiries" name="test_update_inquiry_status_all_valid[new]" time="0.091" /><testcase classname="backend.tests.test_admin_investors_crud.TestInvestorInquiries" name="test_update_inquiry_invalid_status" time="0.044" /><testcase classname="backend.tests.test_admin_investors_crud.TestInvestorInquiries" name="test_update_inquiry_not_found" time="0.046" /><testcase classname="backend.tests.test_admin_investors_crud.TestInvestorInquiries" name="test_delete_inquiry" time="0.093" /><testcase classname="backend.tests.test_admin_investors_crud.TestInvestorInquiries" name="test_delete_inquiry_not_found" time="0.045" /><testcase classname="backend.tests.test_admin_investors_crud.TestInvestorMetrics" name="test_metrics_shape" time="0.050" /></testsuite></testsuites>