<?xml version="1.0" encoding="utf-8"?><testsuites name="pytest tests"><testsuite name="pytest" errors="0" failures="1" skipped="0" tests="15" time="5.019" timestamp="2026-04-03T14:20:26.595843+00:00" hostname="agent-env-9b76375c-cdbf-459b-a1df-e180845cf657"><testcase classname="backend.tests.test_admin_prc_subscription_redeem.TestAdminAuth" name="test_admin_login_success" time="0.502" /><testcase classname="backend.tests.test_admin_prc_subscription_redeem.TestAdminActivatePRCSubscription" name="test_activate_subscription_missing_params" time="0.535" /><testcase classname="backend.tests.test_admin_prc_subscription_redeem.TestAdminActivatePRCSubscription" name="test_activate_subscription_non_admin_forbidden" time="0.510" /><testcase classname="backend.tests.test_admin_prc_subscription_redeem.TestAdminActivatePRCSubscription" name="test_activate_subscription_insufficient_balance" time="0.120" /><testcase classname="backend.tests.test_admin_prc_subscription_redeem.TestAdminActivatePRCSubscription" name="test_activate_subscription_user_not_found" time="0.161" /><testcase classname="backend.tests.test_admin_prc_subscription_redeem.TestAdminActivatePRCSubscription" name="test_get_user_balance_before_subscription" time="0.169" /><testcase classname="backend.tests.test_admin_prc_subscription_redeem.TestAdminCreateRedeemRequest" name="test_create_redeem_missing_params" time="0.513" /><testcase classname="backend.tests.test_admin_prc_subscription_redeem.TestAdminCreateRedeemRequest" name="test_create_redeem_missing_bank_details" time="0.116" /><testcase classname="backend.tests.test_admin_prc_subscription_redeem.TestAdminCreateRedeemRequest" name="test_create_redeem_non_admin_forbidden" time="0.507" /><testcase classname="backend.tests.test_admin_prc_subscription_redeem.TestAdminCreateRedeemRequest" name="test_create_redeem_exceeds_limit" time="0.354" /><testcase classname="backend.tests.test_admin_prc_subscription_redeem.TestAdminCreateRedeemRequest" name="test_create_redeem_user_not_found" time="0.151" /><testcase classname="backend.tests.test_admin_prc_subscription_redeem.TestAdminCreateRedeemRequest" name="test_create_redeem_zero_amount" time="0.133" /><testcase classname="backend.tests.test_admin_prc_subscription_redeem.TestAdminUser360Integration" name="test_user360_search_returns_user_data" time="0.500" /><testcase classname="backend.tests.test_admin_prc_subscription_redeem.TestAdminUser360Integration" name="test_user360_search_by_mobile" time="0.198" /><testcase classname="backend.tests.test_admin_prc_subscription_redeem.TestPRCPricing" name="test_get_elite_pricing" time="0.470"><failure message="AssertionError: assert ('total_prc' in {'admin_charge_rate': '20.0%', 'base_price_inr': 999, 'burn_rate': '5%', 'duration_days': 28, ...} or 'prc_amount' in {'admin_charge_rate': '20.0%', 'base_price_inr': 999, 'burn_rate': '5%', 'duration_days': 28, ...})">backend/tests/test_admin_prc_subscription_redeem.py:406: in test_get_elite_pricing
    assert "total_prc" in data or "prc_amount" in data
E   AssertionError: assert ('total_prc' in {'admin_charge_rate': '20.0%', 'base_price_inr': 999, 'burn_rate': '5%', 'duration_days': 28, ...} or 'prc_amount' in {'admin_charge_rate': '20.0%', 'base_price_inr': 999, 'burn_rate': '5%', 'duration_days': 28, ...})</failure></testcase></testsuite></testsuites>