<?xml version="1.0" encoding="utf-8"?><testsuites name="pytest tests"><testsuite name="pytest" errors="0" failures="0" skipped="0" tests="17" time="3.375" timestamp="2026-03-05T10:04:51.557235+00:00" hostname="agent-env-a6ff97af-9c50-4a17-a5ab-32b04a54cfaf"><testcase classname="backend.tests.test_admin_popup.TestPopupAPIs" name="test_get_all_popups" time="0.209" /><testcase classname="backend.tests.test_admin_popup.TestPopupAPIs" name="test_get_active_popup" time="0.047" /><testcase classname="backend.tests.test_admin_popup.TestPopupAPIs" name="test_create_popup" time="0.096" /><testcase classname="backend.tests.test_admin_popup.TestPopupAPIs" name="test_create_popup_required_fields" time="0.095" /><testcase classname="backend.tests.test_admin_popup.TestPopupAPIs" name="test_update_popup" time="0.295" /><testcase classname="backend.tests.test_admin_popup.TestPopupAPIs" name="test_update_popup_not_found" time="0.048" /><testcase classname="backend.tests.test_admin_popup.TestPopupAPIs" name="test_toggle_popup" time="0.308" /><testcase classname="backend.tests.test_admin_popup.TestPopupAPIs" name="test_toggle_popup_not_found" time="0.047" /><testcase classname="backend.tests.test_admin_popup.TestPopupAPIs" name="test_delete_popup" time="0.137" /><testcase classname="backend.tests.test_admin_popup.TestPopupAPIs" name="test_delete_popup_not_found" time="0.050" /><testcase classname="backend.tests.test_admin_popup.TestPopupAPIs" name="test_only_one_active_popup" time="1.395" /><testcase classname="backend.tests.test_admin_popup.TestPopupMessageTypes" name="test_create_popup_with_different_types[info]" time="0.093" /><testcase classname="backend.tests.test_admin_popup.TestPopupMessageTypes" name="test_create_popup_with_different_types[success]" time="0.093" /><testcase classname="backend.tests.test_admin_popup.TestPopupMessageTypes" name="test_create_popup_with_different_types[warning]" time="0.098" /><testcase classname="backend.tests.test_admin_popup.TestPopupMessageTypes" name="test_create_popup_with_different_types[error]" time="0.093" /><testcase classname="backend.tests.test_admin_popup.TestPopupButtonLink" name="test_create_popup_with_link" time="0.093" /><testcase classname="backend.tests.test_admin_popup.TestPopupButtonLink" name="test_create_popup_without_link" time="0.104" /></testsuite></testsuites>