<?xml version="1.0" encoding="utf-8"?><testsuites name="pytest tests"><testsuite name="pytest" errors="0" failures="0" skipped="1" tests="14" time="7.296" timestamp="2026-04-17T12:04:17.475518+00:00" hostname="agent-env-1402b158-3a1a-47dc-9046-ba754c78d940"><testcase classname="backend.tests.test_admin_bank_transfer_features.TestAdminBankTransferFeatures" name="test_admin_requests_returns_redeem_limit_fields" time="0.656" /><testcase classname="backend.tests.test_admin_bank_transfer_features.TestAdminBankTransferFeatures" name="test_admin_requests_redeem_limit_values_are_numeric" time="0.502" /><testcase classname="backend.tests.test_admin_bank_transfer_features.TestAdminBankTransferFeatures" name="test_edit_amount_nonexistent_request_returns_404" time="0.516" /><testcase classname="backend.tests.test_admin_bank_transfer_features.TestAdminBankTransferFeatures" name="test_edit_amount_requires_request_id" time="0.448" /><testcase classname="backend.tests.test_admin_bank_transfer_features.TestAdminBankTransferFeatures" name="test_edit_amount_requires_admin_id" time="0.483" /><testcase classname="backend.tests.test_admin_bank_transfer_features.TestAdminBankTransferFeatures" name="test_edit_amount_requires_new_amount" time="0.479" /><testcase classname="backend.tests.test_admin_bank_transfer_features.TestAdminBankTransferFeatures" name="test_edit_amount_rejects_non_pending_request" time="0.566"><skipped type="pytest.skip" message="No paid/failed requests to test">/app/backend/tests/test_admin_bank_transfer_features.py:138: No paid/failed requests to test</skipped></testcase><testcase classname="backend.tests.test_admin_bank_transfer_features.TestAdminBankTransferFeatures" name="test_edit_amount_pending_request_validation" time="0.684" /><testcase classname="backend.tests.test_admin_bank_transfer_features.TestAdminBankTransferFeatures" name="test_admin_requests_returns_stats" time="0.471" /><testcase classname="backend.tests.test_admin_bank_transfer_features.TestAdminBankTransferFeatures" name="test_admin_requests_returns_pagination" time="0.491" /><testcase classname="backend.tests.test_admin_bank_transfer_features.TestAdminBankTransferFeatures" name="test_admin_requests_status_filter" time="0.466" /><testcase classname="backend.tests.test_admin_bank_transfer_features.TestAdminBankTransferFeatures" name="test_admin_requests_sorting" time="0.463" /><testcase classname="backend.tests.test_admin_bank_transfer_features.TestEditAmountEndpoint" name="test_edit_amount_endpoint_exists" time="0.470" /><testcase classname="backend.tests.test_admin_bank_transfer_features.TestEditAmountEndpoint" name="test_edit_amount_validates_positive_amount" time="0.551" /></testsuite></testsuites>