<?xml version="1.0" encoding="utf-8"?><testsuites name="pytest tests"><testsuite name="pytest" errors="0" failures="0" skipped="0" tests="15" time="3.090" timestamp="2026-03-24T03:17:57.442032+00:00" hostname="agent-env-cad6bc88-bec6-41f8-9783-3593b35e632b"><testcase classname="backend.tests.test_admin_user360_actions.TestSearchEndpoints" name="test_search_by_email" time="0.616" /><testcase classname="backend.tests.test_admin_user360_actions.TestSearchEndpoints" name="test_search_by_uid" time="0.105" /><testcase classname="backend.tests.test_admin_user360_actions.TestFullViewEndpoint" name="test_get_full_user_data" time="0.138" /><testcase classname="backend.tests.test_admin_user360_actions.TestBlockUnblockActions" name="test_block_user_action" time="0.221" /><testcase classname="backend.tests.test_admin_user360_actions.TestBlockUnblockActions" name="test_unblock_user_action" time="0.221" /><testcase classname="backend.tests.test_admin_user360_actions.TestResetPinAction" name="test_reset_pin_returns_new_pin" time="0.328" /><testcase classname="backend.tests.test_admin_user360_actions.TestChangeRoleAction" name="test_change_role_to_sub_admin" time="0.102" /><testcase classname="backend.tests.test_admin_user360_actions.TestChangeRoleAction" name="test_change_role_back_to_user" time="0.103" /><testcase classname="backend.tests.test_admin_user360_actions.TestChangeRoleAction" name="test_change_role_invalid_role" time="0.103" /><testcase classname="backend.tests.test_admin_user360_actions.TestChangeReferralAction" name="test_change_referral_to_valid_uid" time="0.102" /><testcase classname="backend.tests.test_admin_user360_actions.TestChangeReferralAction" name="test_remove_referral" time="0.117" /><testcase classname="backend.tests.test_admin_user360_actions.TestChangeReferralAction" name="test_change_referral_invalid_uid" time="0.101" /><testcase classname="backend.tests.test_admin_user360_actions.TestChangeReferralAction" name="test_change_referral_self_reference" time="0.105" /><testcase classname="backend.tests.test_admin_user360_actions.TestPRCBalanceActions" name="test_add_prc_balance" time="0.336" /><testcase classname="backend.tests.test_admin_user360_actions.TestPRCBalanceActions" name="test_deduct_prc_balance" time="0.340" /></testsuite></testsuites>