<?xml version="1.0" encoding="utf-8"?><testsuites name="pytest tests"><testsuite name="pytest" errors="0" failures="0" skipped="0" tests="16" time="7.043" timestamp="2026-04-03T16:45:38.436954+00:00" hostname="agent-env-274bd3ea-b8e0-4bfb-ad08-d80d76c3b378"><testcase classname="backend.tests.test_admin_subscription_management_v2.TestAdminSubscriptionDetails" name="test_get_subscription_details_success" time="0.417" /><testcase classname="backend.tests.test_admin_subscription_management_v2.TestAdminSubscriptionDetails" name="test_get_subscription_details_nonexistent_user" time="0.389" /><testcase classname="backend.tests.test_admin_subscription_management_v2.TestAdminSubscriptionEdit" name="test_edit_extend_days_missing_note" time="0.406" /><testcase classname="backend.tests.test_admin_subscription_management_v2.TestAdminSubscriptionEdit" name="test_edit_extend_days_missing_admin_uid" time="0.400" /><testcase classname="backend.tests.test_admin_subscription_management_v2.TestAdminSubscriptionEdit" name="test_edit_extend_days_invalid_days" time="0.456" /><testcase classname="backend.tests.test_admin_subscription_management_v2.TestAdminSubscriptionEdit" name="test_edit_set_expiry_missing_date" time="0.410" /><testcase classname="backend.tests.test_admin_subscription_management_v2.TestAdminSubscriptionEdit" name="test_edit_invalid_action" time="0.417" /><testcase classname="backend.tests.test_admin_subscription_management_v2.TestAdminSubscriptionCancel" name="test_cancel_missing_note" time="0.404" /><testcase classname="backend.tests.test_admin_subscription_management_v2.TestAdminSubscriptionCancel" name="test_cancel_missing_admin_uid" time="0.457" /><testcase classname="backend.tests.test_admin_subscription_management_v2.TestAdminSubscriptionCancel" name="test_cancel_invalid_target" time="0.701" /><testcase classname="backend.tests.test_admin_subscription_management_v2.TestAdminSubscriptionCancel" name="test_cancel_upcoming_without_payment_id" time="0.397" /><testcase classname="backend.tests.test_admin_subscription_management_v2.TestAdminSubscriptionIntegration" name="test_full_flow_extend_and_verify" time="0.495" /><testcase classname="backend.tests.test_admin_subscription_management_v2.TestUserSubscriptionInfo" name="test_user_subscription_info_success" time="0.412" /><testcase classname="backend.tests.test_admin_subscription_management_v2.TestUserSubscriptionInfo" name="test_user_subscription_info_nonexistent" time="0.439" /><testcase classname="backend.tests.test_admin_subscription_management_v2.TestWithRealUser" name="test_get_real_user_subscription_details" time="0.389" /><testcase classname="backend.tests.test_admin_subscription_management_v2.TestWithRealUser" name="test_get_real_user_subscription_info" time="0.412" /></testsuite></testsuites>