<?xml version="1.0" encoding="utf-8"?><testsuites name="pytest tests"><testsuite name="pytest" errors="0" failures="0" skipped="0" tests="18" time="2.503" timestamp="2026-02-14T11:44:30.307099+00:00" hostname="agent-env-35f79a2b-bcee-48ba-a8b9-9c6ad50f8e64"><testcase classname="backend.tests.test_admin_subscription_filters.TestAdminSubscriptionFilters" name="test_api_health" time="0.223" /><testcase classname="backend.tests.test_admin_subscription_filters.TestAdminSubscriptionFilters" name="test_time_filter_today" time="0.134" /><testcase classname="backend.tests.test_admin_subscription_filters.TestAdminSubscriptionFilters" name="test_time_filter_week" time="0.119" /><testcase classname="backend.tests.test_admin_subscription_filters.TestAdminSubscriptionFilters" name="test_time_filter_month" time="0.150" /><testcase classname="backend.tests.test_admin_subscription_filters.TestAdminSubscriptionFilters" name="test_time_filter_all" time="0.111" /><testcase classname="backend.tests.test_admin_subscription_filters.TestAdminSubscriptionFilters" name="test_plan_filter_startup" time="0.105" /><testcase classname="backend.tests.test_admin_subscription_filters.TestAdminSubscriptionFilters" name="test_plan_filter_growth" time="0.099" /><testcase classname="backend.tests.test_admin_subscription_filters.TestAdminSubscriptionFilters" name="test_plan_filter_elite" time="0.107" /><testcase classname="backend.tests.test_admin_subscription_filters.TestAdminSubscriptionFilters" name="test_duration_filter_monthly" time="0.117" /><testcase classname="backend.tests.test_admin_subscription_filters.TestAdminSubscriptionFilters" name="test_duration_filter_quarterly" time="0.311" /><testcase classname="backend.tests.test_admin_subscription_filters.TestAdminSubscriptionFilters" name="test_duration_filter_half_yearly" time="0.111" /><testcase classname="backend.tests.test_admin_subscription_filters.TestAdminSubscriptionFilters" name="test_duration_filter_yearly" time="0.110" /><testcase classname="backend.tests.test_admin_subscription_filters.TestAdminSubscriptionFilters" name="test_combined_plan_and_time_filter" time="0.123" /><testcase classname="backend.tests.test_admin_subscription_filters.TestAdminSubscriptionFilters" name="test_combined_plan_and_duration_filter" time="0.097" /><testcase classname="backend.tests.test_admin_subscription_filters.TestAdminSubscriptionFilters" name="test_combined_all_filters" time="0.127" /><testcase classname="backend.tests.test_admin_subscription_filters.TestAdminSubscriptionFilters" name="test_pending_with_plan_filter" time="0.111" /><testcase classname="backend.tests.test_admin_subscription_filters.TestAdminSubscriptionFilters" name="test_pending_with_time_filter" time="0.106" /><testcase classname="backend.tests.test_admin_subscription_filters.TestAdminSubscriptionFilters" name="test_subscription_stats" time="0.127" /></testsuite></testsuites>