<?xml version="1.0" encoding="utf-8"?><testsuites name="pytest tests"><testsuite name="pytest" errors="0" failures="0" skipped="0" tests="26" time="1.822" timestamp="2026-04-19T06:31:13.217390+00:00" hostname="agent-env-1402b158-3a1a-47dc-9046-ba754c78d940"><testcase classname="backend.tests.test_admin_community.TestCommunityListEndpoints" name="test_posts_list" time="0.476" /><testcase classname="backend.tests.test_admin_community.TestCommunityListEndpoints" name="test_posts_list_with_filters" time="0.049" /><testcase classname="backend.tests.test_admin_community.TestCommunityListEndpoints" name="test_posts_list_search" time="0.047" /><testcase classname="backend.tests.test_admin_community.TestCommunityListEndpoints" name="test_categories" time="0.044" /><testcase classname="backend.tests.test_admin_community.TestCommunityListEndpoints" name="test_mod_list" time="0.054" /><testcase classname="backend.tests.test_admin_community.TestCommunityListEndpoints" name="test_mod_reports_pending" time="0.046" /><testcase classname="backend.tests.test_admin_community.TestCommunityListEndpoints" name="test_mod_reports_resolved" time="0.049" /><testcase classname="backend.tests.test_admin_community.TestCommunityListEndpoints" name="test_mod_blocked_users" time="0.046" /><testcase classname="backend.tests.test_admin_community.TestModeratorFlow" name="test_add_moderator_auth_required" time="0.059" /><testcase classname="backend.tests.test_admin_community.TestModeratorFlow" name="test_add_moderator_success" time="0.047" /><testcase classname="backend.tests.test_admin_community.TestModeratorFlow" name="test_moderator_listed" time="0.046" /><testcase classname="backend.tests.test_admin_community.TestModeratorFlow" name="test_add_moderator_duplicate" time="0.048" /><testcase classname="backend.tests.test_admin_community.TestModeratorFlow" name="test_remove_moderator" time="0.046" /><testcase classname="backend.tests.test_admin_community.TestModeratorFlow" name="test_moderator_removed_from_list" time="0.044" /><testcase classname="backend.tests.test_admin_community.TestBlockUserFlow" name="test_block_unauth" time="0.048" /><testcase classname="backend.tests.test_admin_community.TestBlockUserFlow" name="test_block_user_success" time="0.049" /><testcase classname="backend.tests.test_admin_community.TestBlockUserFlow" name="test_blocked_user_listed" time="0.046" /><testcase classname="backend.tests.test_admin_community.TestBlockUserFlow" name="test_unblock_user" time="0.048" /><testcase classname="backend.tests.test_admin_community.TestBlockUserFlow" name="test_unblocked_not_in_list" time="0.046" /><testcase classname="backend.tests.test_admin_community.TestPostActions" name="test_pin_unauth" time="0.095" /><testcase classname="backend.tests.test_admin_community.TestPostActions" name="test_pin_post" time="0.049" /><testcase classname="backend.tests.test_admin_community.TestPostActions" name="test_unpin_post" time="0.048" /><testcase classname="backend.tests.test_admin_community.TestPostActions" name="test_get_post_detail" time="0.050" /><testcase classname="backend.tests.test_admin_community.TestPostActions" name="test_delete_post" time="0.093" /><testcase classname="backend.tests.test_admin_community.TestResolveReport" name="test_resolve_unauth" time="0.046" /><testcase classname="backend.tests.test_admin_community.TestResolveReport" name="test_resolve_no_pending_returns_200" time="0.047" /></testsuite></testsuites>