<?xml version="1.0" encoding="utf-8"?><testsuites name="pytest tests"><testsuite name="pytest" errors="0" failures="0" skipped="1" tests="24" time="2.521" timestamp="2026-06-04T02:55:09.729640+00:00" hostname="agent-env-1402b158-3a1a-47dc-9046-ba754c78d940"><testcase classname="backend.tests.test_admin_redeem_limits_direct.TestUsersList" name="test_list_default" time="0.616" /><testcase classname="backend.tests.test_admin_redeem_limits_direct.TestUsersList" name="test_search_by_mobile" time="0.057" /><testcase classname="backend.tests.test_admin_redeem_limits_direct.TestUsersList" name="test_status_active_filter" time="0.060" /><testcase classname="backend.tests.test_admin_redeem_limits_direct.TestUsersList" name="test_status_inactive_filter" time="0.067" /><testcase classname="backend.tests.test_admin_redeem_limits_direct.TestUsersList" name="test_sort_by_total_prc_desc" time="0.057" /><testcase classname="backend.tests.test_admin_redeem_limits_direct.TestUsersList" name="test_sort_by_name_asc" time="0.062" /><testcase classname="backend.tests.test_admin_redeem_limits_direct.TestUsersList" name="test_invalid_sort_field_rejected" time="0.053" /><testcase classname="backend.tests.test_admin_redeem_limits_direct.TestUsersList" name="test_pagination" time="0.065" /><testcase classname="backend.tests.test_admin_redeem_limits_direct.TestExcelExport" name="test_excel_content_type" time="0.085" /><testcase classname="backend.tests.test_admin_redeem_limits_direct.TestExcelExport" name="test_excel_parseable" time="0.088" /><testcase classname="backend.tests.test_admin_redeem_limits_direct.TestExcelExport" name="test_excel_with_filter" time="0.073" /><testcase classname="backend.tests.test_admin_redeem_limits_direct.TestBankDetails" name="test_get_empty_returns_strings" time="0.052" /><testcase classname="backend.tests.test_admin_redeem_limits_direct.TestBankDetails" name="test_put_full_details" time="0.104" /><testcase classname="backend.tests.test_admin_redeem_limits_direct.TestBankDetails" name="test_put_invalid_ifsc" time="0.056" /><testcase classname="backend.tests.test_admin_redeem_limits_direct.TestBankDetails" name="test_put_invalid_ifsc_short" time="0.056" /><testcase classname="backend.tests.test_admin_redeem_limits_direct.TestBankDetails" name="test_put_invalid_account_non_digit" time="0.050" /><testcase classname="backend.tests.test_admin_redeem_limits_direct.TestBankDetails" name="test_put_invalid_upi_no_at" time="0.052" /><testcase classname="backend.tests.test_admin_redeem_limits_direct.TestBankDetails" name="test_put_invalid_phonepe_non_digit" time="0.055" /><testcase classname="backend.tests.test_admin_redeem_limits_direct.TestBankDetails" name="test_get_nonexistent_user" time="0.051" /><testcase classname="backend.tests.test_admin_redeem_limits_direct.TestDirectRedeem" name="test_preview_user_not_found" time="0.052" /><testcase classname="backend.tests.test_admin_redeem_limits_direct.TestDirectRedeem" name="test_preview_missing_utr" time="0.049" /><testcase classname="backend.tests.test_admin_redeem_limits_direct.TestDirectRedeem" name="test_preview_happy" time="0.173" /><testcase classname="backend.tests.test_admin_redeem_limits_direct.TestDirectRedeem" name="test_commit_insufficient_balance" time="0.140" /><testcase classname="backend.tests.test_admin_redeem_limits_direct.TestDirectRedeem" name="test_commit_happy_path" time="0.162"><skipped type="pytest.skip" message="Cannot proceed with test commit; blockers: [&quot;User's redeem limit (0 PRC available) is short.&quot;]">/app/backend/tests/test_admin_redeem_limits_direct.py:301: Cannot proceed with test commit; blockers: ["User's redeem limit (0 PRC available) is short."]</skipped></testcase></testsuite></testsuites>