<?xml version="1.0" encoding="utf-8"?><testsuites name="pytest tests"><testsuite name="pytest" errors="0" failures="0" skipped="0" tests="10" time="1.958" timestamp="2026-03-21T15:52:38.546002+00:00" hostname="agent-env-25cccb23-e89c-4c83-95c6-da5af20c7d0c"><testcase classname="backend.tests.test_bank_transfer_requests_fix.TestBankTransferRequestsInCategoryLimits" name="test_bank_category_includes_bank_transfer_requests" time="0.176" /><testcase classname="backend.tests.test_bank_transfer_requests_fix.TestBankTransferRequestsInCategoryLimits" name="test_bank_used_greater_than_100000_prc" time="0.135" /><testcase classname="backend.tests.test_bank_transfer_requests_fix.TestBankTransferRequestsInCoolingPeriod" name="test_cooling_period_checks_bank_transfer_requests" time="0.234" /><testcase classname="backend.tests.test_bank_transfer_requests_fix.TestBankTransferRequestsInCoolingPeriod" name="test_cooling_period_returns_429_with_7_days_message" time="0.122" /><testcase classname="backend.tests.test_bank_transfer_requests_fix.TestAllCollectionsCheckedForBankUsage" name="test_bank_used_sums_all_collections" time="0.130" /><testcase classname="backend.tests.test_bank_transfer_requests_fix.TestAllCollectionsCheckedForBankUsage" name="test_paid_status_included_in_success_statuses" time="0.212" /><testcase classname="backend.tests.test_bank_transfer_requests_fix.TestLimitCheckPreventsExceedingLimit" name="test_limit_check_endpoint" time="0.242" /><testcase classname="backend.tests.test_bank_transfer_requests_fix.TestLimitCheckPreventsExceedingLimit" name="test_bank_transfer_request_checks_limit" time="0.265" /><testcase classname="backend.tests.test_bank_transfer_requests_fix.TestGetUserAllTimeRedeemedIncludesBankTransferRequests" name="test_user_redeem_limit_includes_bank_transfer_requests" time="0.140" /><testcase classname="backend.tests.test_bank_transfer_requests_fix.TestCoolingPeriodChecksAllThreeCollections" name="test_cooling_period_comprehensive_check" time="0.261" /></testsuite></testsuites>