<?xml version="1.0" encoding="utf-8"?><testsuites name="pytest tests"><testsuite name="pytest" errors="0" failures="1" skipped="0" tests="17" time="6.282" timestamp="2026-02-14T03:57:49.447544+00:00" hostname="agent-env-e118e843-5bcd-4d8f-af45-ea3a6e0a7823"><testcase classname="backend.tests.test_bank_redeem_features.TestBankRedeemDenominations" name="test_denominations_endpoint_exists" time="0.127" /><testcase classname="backend.tests.test_bank_redeem_features.TestBankRedeemDenominations" name="test_denominations_returns_6_values" time="0.188" /><testcase classname="backend.tests.test_bank_redeem_features.TestBankRedeemDenominations" name="test_denominations_correct_amounts" time="0.127" /><testcase classname="backend.tests.test_bank_redeem_features.TestBankRedeemDenominations" name="test_denominations_have_correct_fees" time="0.166" /><testcase classname="backend.tests.test_bank_redeem_features.TestBankRedeemDenominations" name="test_denominations_have_20_percent_admin_charge" time="0.113" /><testcase classname="backend.tests.test_bank_redeem_features.TestBankRedeemDenominations" name="test_total_prc_calculation" time="0.107" /><testcase classname="backend.tests.test_bank_redeem_features.TestBankDetailsAPI" name="test_get_bank_details_for_user" time="0.515"><failure message="AssertionError: Expected 200, got 404: {&quot;detail&quot;:&quot;User not found&quot;}&#10;assert 404 == 200&#10; +  where 404 = &lt;Response [404]&gt;.status_code">backend/tests/test_bank_redeem_features.py:132: in test_get_bank_details_for_user
    assert response.status_code == 200, f"Expected 200, got {response.status_code}: {response.text}"
E   AssertionError: Expected 200, got 404: {"detail":"User not found"}
E   assert 404 == 200
E    +  where 404 = &lt;Response [404]&gt;.status_code</failure></testcase><testcase classname="backend.tests.test_bank_redeem_features.TestBankDetailsAPI" name="test_save_bank_details_validation" time="0.509" /><testcase classname="backend.tests.test_bank_redeem_features.TestBankDetailsAPI" name="test_save_bank_details_ifsc_validation" time="0.503" /><testcase classname="backend.tests.test_bank_redeem_features.TestBankDetailsAPI" name="test_save_bank_details_account_number_validation" time="0.457" /><testcase classname="backend.tests.test_bank_redeem_features.TestBankRedeemEligibility" name="test_eligibility_endpoint_exists" time="0.461" /><testcase classname="backend.tests.test_bank_redeem_features.TestBankRedeemEligibility" name="test_eligibility_checks_bank_details" time="0.462" /><testcase classname="backend.tests.test_bank_redeem_features.TestBankRedeemEligibility" name="test_eligibility_checks_kyc" time="0.458" /><testcase classname="backend.tests.test_bank_redeem_features.TestBankWithdrawalRequest" name="test_withdrawal_validates_amount" time="0.457" /><testcase classname="backend.tests.test_bank_redeem_features.TestBankWithdrawalRequest" name="test_withdrawal_history_endpoint" time="0.489" /><testcase classname="backend.tests.test_bank_redeem_features.TestBillPaymentElectricity" name="test_bill_payment_electricity_with_biller" time="0.562" /><testcase classname="backend.tests.test_bank_redeem_features.TestEMIPaymentFormFields" name="test_emi_payment_standard_fields" time="0.493" /></testsuite></testsuites>