<?xml version="1.0" encoding="utf-8"?><testsuites name="pytest tests"><testsuite name="pytest" errors="0" failures="0" skipped="0" tests="13" time="1.926" timestamp="2026-02-14T16:13:26.293337+00:00" hostname="agent-env-adb5da5b-9be7-415b-a815-452cc12f6c43"><testcase classname="backend.tests.test_bank_redeem_100_percent.TestBankRedeem100PercentLimit" name="test_denominations_endpoint" time="0.186" /><testcase classname="backend.tests.test_bank_redeem_100_percent.TestBankRedeem100PercentLimit" name="test_bank_redeem_request_endpoint_exists" time="0.120" /><testcase classname="backend.tests.test_bank_redeem_100_percent.TestBankRedeem100PercentLimit" name="test_bank_redeem_history_endpoint" time="0.128" /><testcase classname="backend.tests.test_bank_redeem_100_percent.TestBankRedeem100PercentLimit" name="test_check_eligibility_endpoint" time="0.612" /><testcase classname="backend.tests.test_bank_redeem_100_percent.TestBankRedeem100PercentLimit" name="test_bank_details_endpoints_exist" time="0.230" /><testcase classname="backend.tests.test_bank_redeem_100_percent.TestBankRedeem100PercentLimit" name="test_amount_validation_min" time="0.133" /><testcase classname="backend.tests.test_bank_redeem_100_percent.TestBankRedeem100PercentLimit" name="test_amount_validation_max" time="0.162" /><testcase classname="backend.tests.test_bank_redeem_100_percent.TestBankRedeem100PercentLimit" name="test_admin_pending_count_endpoint" time="0.110" /><testcase classname="backend.tests.test_bank_redeem_100_percent.TestBankRedeem100PercentLimit" name="test_admin_requests_endpoint" time="0.181" /><testcase classname="backend.tests.test_bank_redeem_100_percent.TestCodeVerification" name="test_verify_backend_100_percent_comment" time="0.001" /><testcase classname="backend.tests.test_bank_redeem_100_percent.TestCodeVerification" name="test_verify_frontend_slider_100_percent" time="0.001" /><testcase classname="backend.tests.test_bank_redeem_100_percent.TestCodeVerification" name="test_verify_redeem_to_bank_text" time="0.001" /><testcase classname="backend.tests.test_bank_redeem_100_percent.TestCodeVerification" name="test_no_redeem_to_cash_anywhere" time="0.007" /></testsuite></testsuites>