<?xml version="1.0" encoding="utf-8"?><testsuites name="pytest tests"><testsuite name="pytest" errors="0" failures="0" skipped="0" tests="13" time="2.937" timestamp="2026-03-28T12:41:06.238524+00:00" hostname="agent-env-9a8a5086-8fa1-4a30-a74c-b5caa3267db3"><testcase classname="backend.tests.test_bank_redeem_28day_cycle.TestBankTransferConfig" name="test_config_returns_cycle_days_28" time="0.232" /><testcase classname="backend.tests.test_bank_redeem_28day_cycle.TestExplorerUserRejection" name="test_explorer_user_rejected_with_403" time="0.165" /><testcase classname="backend.tests.test_bank_redeem_28day_cycle.TestSubscriptionActiveCheck" name="test_admin_requests_include_subscription_fields" time="0.126" /><testcase classname="backend.tests.test_bank_redeem_28day_cycle.TestSubscriptionActiveCheck" name="test_admin_requests_with_status_filter" time="0.367" /><testcase classname="backend.tests.test_bank_redeem_28day_cycle.TestCycleEnforcement" name="test_elite_user_can_check_config" time="0.100" /><testcase classname="backend.tests.test_bank_redeem_28day_cycle.TestCycleEnforcement" name="test_user_requests_endpoint" time="0.122" /><testcase classname="backend.tests.test_bank_redeem_28day_cycle.TestAdminStats" name="test_admin_stats_endpoint" time="0.116" /><testcase classname="backend.tests.test_bank_redeem_28day_cycle.TestIFSCVerification" name="test_valid_ifsc_verification" time="1.147" /><testcase classname="backend.tests.test_bank_redeem_28day_cycle.TestIFSCVerification" name="test_invalid_ifsc_format" time="0.106" /><testcase classname="backend.tests.test_bank_redeem_28day_cycle.TestFeeCalculation" name="test_calculate_fees_valid_amount" time="0.097" /><testcase classname="backend.tests.test_bank_redeem_28day_cycle.TestFeeCalculation" name="test_calculate_fees_below_minimum" time="0.110" /><testcase classname="backend.tests.test_bank_redeem_28day_cycle.TestRequestCreationValidation" name="test_missing_user_id" time="0.098" /><testcase classname="backend.tests.test_bank_redeem_28day_cycle.TestRequestCreationValidation" name="test_invalid_ifsc_in_request" time="0.104" /></testsuite></testsuites>