<?xml version="1.0" encoding="utf-8"?><testsuites name="pytest tests"><testsuite name="pytest" errors="0" failures="0" skipped="0" tests="26" time="19.841" timestamp="2026-03-11T18:02:02.152627+00:00" hostname="agent-env-3a5a1e83-a61b-4519-b104-05a5fcb27588"><testcase classname="backend.tests.test_bbps_new_services.TestBBPSHealthCheck" name="test_health_endpoint_returns_status" time="0.178" /><testcase classname="backend.tests.test_bbps_new_services.TestBBPSHealthCheck" name="test_health_services_list" time="0.155" /><testcase classname="backend.tests.test_bbps_new_services.TestBBPSOperators" name="test_electricity_operators" time="1.732" /><testcase classname="backend.tests.test_bbps_new_services.TestBBPSOperators" name="test_electricity_operators_sorted_alphabetically" time="0.541" /><testcase classname="backend.tests.test_bbps_new_services.TestBBPSOperators" name="test_dth_operators" time="0.371" /><testcase classname="backend.tests.test_bbps_new_services.TestBBPSOperators" name="test_mobile_prepaid_operators" time="0.414" /><testcase classname="backend.tests.test_bbps_new_services.TestBBPSOperators" name="test_fastag_operators" time="0.452" /><testcase classname="backend.tests.test_bbps_new_services.TestBBPSOperators" name="test_emi_operators" time="1.569" /><testcase classname="backend.tests.test_bbps_new_services.TestBBPSOperators" name="test_credit_card_operators" time="0.463" /><testcase classname="backend.tests.test_bbps_new_services.TestBBPSOperators" name="test_insurance_operators" time="0.428" /><testcase classname="backend.tests.test_bbps_new_services.TestBBPSOperators" name="test_water_operators" time="0.476" /><testcase classname="backend.tests.test_bbps_new_services.TestBBPSOperators" name="test_invalid_category_returns_error" time="0.107" /><testcase classname="backend.tests.test_bbps_new_services.TestBBPSOperators" name="test_gas_operators" time="0.409" /><testcase classname="backend.tests.test_bbps_new_services.TestBBPSOperators" name="test_lpg_operators" time="0.361" /><testcase classname="backend.tests.test_bbps_new_services.TestBBPSOperators" name="test_operator_response_structure" time="0.763" /><testcase classname="backend.tests.test_bbps_new_services.TestBBPSOperatorParams" name="test_msedcl_operator_params" time="0.424" /><testcase classname="backend.tests.test_bbps_new_services.TestBBPSOperatorParams" name="test_operator_params_structure" time="0.384" /><testcase classname="backend.tests.test_bbps_new_services.TestBBPSOperatorParams" name="test_operator_param_regex_validation" time="0.438" /><testcase classname="backend.tests.test_bbps_new_services.TestBBPSBillFetch" name="test_bill_fetch_with_valid_consumer" time="4.752" /><testcase classname="backend.tests.test_bbps_new_services.TestBBPSBillFetch" name="test_bill_fetch_with_cycle_number_param" time="4.037" /><testcase classname="backend.tests.test_bbps_new_services.TestBBPSBillFetch" name="test_bill_fetch_invalid_mobile_rejected" time="0.163" /><testcase classname="backend.tests.test_bbps_new_services.TestBBPSBillFetch" name="test_bill_fetch_empty_account_rejected" time="0.140" /><testcase classname="backend.tests.test_bbps_new_services.TestBBPSTransactionStatus" name="test_status_check_invalid_tid" time="0.358" /><testcase classname="backend.tests.test_bbps_new_services.TestBBPSTransactionStatus" name="test_status_response_structure" time="0.349" /><testcase classname="backend.tests.test_bbps_new_services.TestBBPSErrorCodes" name="test_error_codes_endpoint" time="0.136" /><testcase classname="backend.tests.test_bbps_new_services.TestBBPSErrorCodes" name="test_http_codes_documented" time="0.152" /></testsuite></testsuites>