<?xml version="1.0" encoding="utf-8"?><testsuites name="pytest tests"><testsuite name="pytest" errors="0" failures="0" skipped="0" tests="16" time="5.568" timestamp="2026-03-07T04:05:57.818675+00:00" hostname="agent-env-4d76cd70-6e75-41f2-b08f-961abc1a1431"><testcase classname="tests.test_bbps_dmt_separation.TestHealthCheck" name="test_health_endpoint_returns_200" time="0.158" /><testcase classname="tests.test_bbps_dmt_separation.TestBBPSRoutes" name="test_bbps_health_endpoint" time="0.120" /><testcase classname="tests.test_bbps_dmt_separation.TestBBPSRoutes" name="test_bbps_error_codes_endpoint" time="0.107" /><testcase classname="tests.test_bbps_dmt_separation.TestDMTRoutes" name="test_dmt_health_endpoint" time="0.111" /><testcase classname="tests.test_bbps_dmt_separation.TestLegacyEkoRoutesDisabled" name="test_eko_balance_returns_404" time="0.107" /><testcase classname="tests.test_bbps_dmt_separation.TestLegacyEkoRoutesDisabled" name="test_eko_operators_returns_404" time="0.105" /><testcase classname="tests.test_bbps_dmt_separation.TestKYCRoutes" name="test_kyc_stats_endpoint" time="0.111" /><testcase classname="tests.test_bbps_dmt_separation.TestMiningRoutes" name="test_mining_status_endpoint" time="0.338" /><testcase classname="tests.test_bbps_dmt_separation.TestLeaderboardRoutes" name="test_leaderboard_endpoint" time="0.120" /><testcase classname="tests.test_bbps_dmt_separation.TestEkoCommonUtilities" name="test_bbps_fetch_endpoint_exists" time="1.112" /><testcase classname="tests.test_bbps_dmt_separation.TestEkoCommonUtilities" name="test_bbps_pay_endpoint_exists" time="1.066" /><testcase classname="tests.test_bbps_dmt_separation.TestEkoCommonUtilities" name="test_bbps_operators_endpoint" time="1.564" /><testcase classname="tests.test_bbps_dmt_separation.TestRouterRegistration" name="test_bbps_router_registered" time="0.141" /><testcase classname="tests.test_bbps_dmt_separation.TestRouterRegistration" name="test_dmt_router_registered" time="0.121" /><testcase classname="tests.test_bbps_dmt_separation.TestRouterRegistration" name="test_kyc_router_registered" time="0.112" /><testcase classname="tests.test_bbps_dmt_separation.TestRouterRegistration" name="test_leaderboard_router_registered" time="0.121" /></testsuite></testsuites>