<?xml version="1.0" encoding="utf-8"?><testsuites name="pytest tests"><testsuite name="pytest" errors="0" failures="1" skipped="5" tests="11" time="0.789" timestamp="2026-02-09T10:00:05.332293+00:00" hostname="agent-env-6408b44c-da42-42ba-ba58-42499707bac6"><testcase classname="tests.test_bill_payment_rejection.TestBillPaymentRejectionFlow" name="test_01_api_health" time="0.064" /><testcase classname="tests.test_bill_payment_rejection.TestBillPaymentRejectionFlow" name="test_02_get_existing_requests" time="0.048" /><testcase classname="tests.test_bill_payment_rejection.TestBillPaymentRejectionFlow" name="test_03_get_user_prc_balance" time="0.044" /><testcase classname="tests.test_bill_payment_rejection.TestBillPaymentRejectionFlow" name="test_04_create_bill_payment_request_pending" time="0.070"><skipped type="pytest.skip" message="Forbidden - Please wait 5 minutes between redemptions.">/app/backend/tests/test_bill_payment_rejection.py:102: Forbidden - Please wait 5 minutes between redemptions.</skipped></testcase><testcase classname="tests.test_bill_payment_rejection.TestBillPaymentRejectionFlow" name="test_05_reject_bill_payment_and_verify_refund" time="0.098"><skipped type="pytest.skip" message="Cannot create request due to rate limits">/app/backend/tests/test_bill_payment_rejection.py:131: Cannot create request due to rate limits</skipped></testcase><testcase classname="tests.test_bill_payment_rejection.TestBillPaymentRejectionFlow" name="test_06_verify_rejected_not_in_pending" time="0.063"><skipped type="pytest.skip" message="Cannot test due to rate limits">/app/backend/tests/test_bill_payment_rejection.py:179: Cannot test due to rate limits</skipped></testcase><testcase classname="tests.test_bill_payment_rejection.TestBillPaymentRejectionFlow" name="test_07_verify_rejected_appears_in_rejected_filter" time="0.061"><skipped type="pytest.skip" message="Cannot test due to rate limits">/app/backend/tests/test_bill_payment_rejection.py:214: Cannot test due to rate limits</skipped></testcase><testcase classname="tests.test_bill_payment_rejection.TestBillPaymentRejectionFlow" name="test_08_test_approve_complete_flow" time="0.064"><skipped type="pytest.skip" message="Cannot create request due to rate limits">/app/backend/tests/test_bill_payment_rejection.py:248: Cannot create request due to rate limits</skipped></testcase><testcase classname="tests.test_bill_payment_rejection.TestBillPaymentRejectionFlow" name="test_09_verify_existing_requests_status_integrity" time="0.043" /><testcase classname="tests.test_bill_payment_rejection.TestBillPaymentRejectionFlow" name="test_10_frontend_filter_logic_verification" time="0.045" /><testcase classname="tests.test_bill_payment_rejection.TestExistingRejectedRequests" name="test_check_existing_rejected_have_proper_fields" time="0.040"><failure message="AssertionError: Rejected request 7a9f69b0 missing reject_reason&#10;assert (None or '')&#10; +  where '' = &lt;built-in method get of dict object at 0xfea3c9bfb780&gt;('admin_notes')&#10; +    where &lt;built-in method get of dict object at 0xfea3c9bfb780&gt; = {'account_number': None, 'admin_notes': '', 'amount_inr': 100.0, 'bank_name': None, ...}.get">tests/test_bill_payment_rejection.py:410: in test_check_existing_rejected_have_proper_fields
    assert reject_reason or req.get("admin_notes"), \
E   AssertionError: Rejected request 7a9f69b0 missing reject_reason
E   assert (None or '')
E    +  where '' = &lt;built-in method get of dict object at 0xfea3c9bfb780&gt;('admin_notes')
E    +    where &lt;built-in method get of dict object at 0xfea3c9bfb780&gt; = {'account_number': None, 'admin_notes': '', 'amount_inr': 100.0, 'bank_name': None, ...}.get</failure></testcase></testsuite></testsuites>