<?xml version="1.0" encoding="utf-8"?><testsuites name="pytest tests"><testsuite name="pytest" errors="0" failures="0" skipped="0" tests="27" time="2.738" timestamp="2026-08-09T07:49:39.616701+00:00" hostname="agent-env-1402b158-3a1a-47dc-9046-ba754c78d940"><testcase classname="backend.tests.test_admin_careers_crud.TestMeta" name="test_meta_returns_lists" time="0.257" /><testcase classname="backend.tests.test_admin_careers_crud.TestJobCRUD" name="test_create_job_validation_missing_title" time="0.049" /><testcase classname="backend.tests.test_admin_careers_crud.TestJobCRUD" name="test_create_job_validation_short_title" time="0.053" /><testcase classname="backend.tests.test_admin_careers_crud.TestJobCRUD" name="test_create_job_validation_short_description" time="0.047" /><testcase classname="backend.tests.test_admin_careers_crud.TestJobCRUD" name="test_create_and_persist" time="0.098" /><testcase classname="backend.tests.test_admin_careers_crud.TestJobCRUD" name="test_list_jobs_active_only_true" time="0.046" /><testcase classname="backend.tests.test_admin_careers_crud.TestJobCRUD" name="test_list_jobs_active_only_false_admin" time="0.048" /><testcase classname="backend.tests.test_admin_careers_crud.TestJobCRUD" name="test_update_job_partial" time="0.093" /><testcase classname="backend.tests.test_admin_careers_crud.TestJobCRUD" name="test_toggle_is_active" time="0.237" /><testcase classname="backend.tests.test_admin_careers_crud.TestJobCRUD" name="test_update_non_existing_job" time="0.046" /><testcase classname="backend.tests.test_admin_careers_crud.TestJobCRUD" name="test_get_non_existing_job" time="0.045" /><testcase classname="backend.tests.test_admin_careers_crud.TestJobCRUD" name="test_delete_non_existing_job" time="0.045" /><testcase classname="backend.tests.test_admin_careers_crud.TestJobCRUD" name="test_delete_job_lifecycle" time="0.134" /><testcase classname="backend.tests.test_admin_careers_crud.TestApplications" name="test_list_applications_stats_structure" time="0.180" /><testcase classname="backend.tests.test_admin_careers_crud.TestApplications" name="test_list_applications_filter_by_job" time="0.047" /><testcase classname="backend.tests.test_admin_careers_crud.TestApplications" name="test_list_applications_filter_by_status_new" time="0.046" /><testcase classname="backend.tests.test_admin_careers_crud.TestApplications" name="test_duplicate_application_blocked" time="0.106" /><testcase classname="backend.tests.test_admin_careers_crud.TestApplications" name="test_update_status_valid_flow" time="0.553" /><testcase classname="backend.tests.test_admin_careers_crud.TestApplications" name="test_update_status_invalid" time="0.047" /><testcase classname="backend.tests.test_admin_careers_crud.TestApplications" name="test_update_status_non_existing_app" time="0.047" /><testcase classname="backend.tests.test_admin_careers_crud.TestApplications" name="test_add_note" time="0.090" /><testcase classname="backend.tests.test_admin_careers_crud.TestApplications" name="test_add_note_non_existing_app" time="0.046" /><testcase classname="backend.tests.test_admin_careers_crud.TestApplications" name="test_download_resume" time="0.048" /><testcase classname="backend.tests.test_admin_careers_crud.TestApplications" name="test_download_resume_not_found" time="0.046" /><testcase classname="backend.tests.test_admin_careers_crud.TestApplications" name="test_check_status_public" time="0.048" /><testcase classname="backend.tests.test_admin_careers_crud.TestApplications" name="test_check_status_unknown_email" time="0.045" /><testcase classname="backend.tests.test_admin_careers_crud" name="test_zz_cleanup_applications_and_jobs" time="0.142" /></testsuite></testsuites>