<?xml version="1.0" encoding="utf-8"?><testsuites name="pytest tests"><testsuite name="pytest" errors="0" failures="1" skipped="5" tests="95" time="147.688" timestamp="2026-08-10T06:01:24.267773+00:00" hostname="agent-env-1402b158-3a1a-47dc-9046-ba754c78d940"><testcase classname="backend.tests.test_careers_investors.TestCareersMeta" name="test_get_career_meta" time="0.148" /><testcase classname="backend.tests.test_careers_investors.TestCareersJobsCRUD" name="test_create_job_posting" time="0.070" /><testcase classname="backend.tests.test_careers_investors.TestCareersJobsCRUD" name="test_list_active_jobs" time="0.054" /><testcase classname="backend.tests.test_careers_investors.TestCareersJobsCRUD" name="test_list_all_jobs" time="0.057" /><testcase classname="backend.tests.test_careers_investors.TestCareersJobsCRUD" name="test_get_job_detail" time="0.159" /><testcase classname="backend.tests.test_careers_investors.TestCareersJobsCRUD" name="test_get_nonexistent_job" time="0.051" /><testcase classname="backend.tests.test_careers_investors.TestCareersJobsCRUD" name="test_update_job" time="0.099" /><testcase classname="backend.tests.test_careers_investors.TestCareersJobsCRUD" name="test_delete_job" time="0.148" /><testcase classname="backend.tests.test_careers_investors.TestCareersApplications" name="test_apply_for_job_with_resume" time="0.108"><failure message="AssertionError: assert False&#10; +  where False = &lt;built-in method startswith of str object at 0xfb8c9e572ba0&gt;('APP-')&#10; +    where &lt;built-in method startswith of str object at 0xfb8c9e572ba0&gt; = 'PR-HR-2026-00324'.startswith">E   AssertionError: assert False
     +  where False = &lt;built-in method startswith of str object at 0xfb8c9e572ba0&gt;('APP-')
     +    where &lt;built-in method startswith of str object at 0xfb8c9e572ba0&gt; = 'PR-HR-2026-00324'.startswith</failure></testcase><testcase classname="backend.tests.test_careers_investors.TestCareersApplications" name="test_apply_duplicate_rejected" time="0.000"><skipped type="pytest.skip" message="No test job or previous application">/app/backend/tests/test_careers_investors.py:268: No test job or previous application</skipped></testcase><testcase classname="backend.tests.test_careers_investors.TestCareersApplications" name="test_check_application_status" time="0.001"><skipped type="pytest.skip" message="No test application">/app/backend/tests/test_careers_investors.py:290: No test application</skipped></testcase><testcase classname="backend.tests.test_careers_investors.TestCareersApplications" name="test_check_status_no_applications" time="0.047" /><testcase classname="backend.tests.test_careers_investors.TestCareersApplications" name="test_list_all_applications" time="0.085" /><testcase classname="backend.tests.test_careers_investors.TestCareersApplications" name="test_update_application_status" time="0.000"><skipped type="pytest.skip" message="No test application">/app/backend/tests/test_careers_investors.py:332: No test application</skipped></testcase><testcase classname="backend.tests.test_careers_investors.TestCareersApplications" name="test_update_application_invalid_status" time="0.000"><skipped type="pytest.skip" message="No test application">/app/backend/tests/test_careers_investors.py:347: No test application</skipped></testcase><testcase classname="backend.tests.test_careers_investors.TestCareersApplications" name="test_add_application_note" time="0.000"><skipped type="pytest.skip" message="No test application">/app/backend/tests/test_careers_investors.py:361: No test application</skipped></testcase><testcase classname="backend.tests.test_careers_investors.TestInvestorsMetrics" name="test_get_investor_metrics" time="0.062" /><testcase classname="backend.tests.test_careers_investors.TestInvestorsFAQ" name="test_get_investor_faq" time="0.109" /><testcase classname="backend.tests.test_careers_investors.TestInvestorsTeam" name="test_get_leadership_team" time="0.110" /><testcase classname="backend.tests.test_careers_investors.TestInvestorsPress" name="test_get_press_releases" time="0.054" /><testcase classname="backend.tests.test_careers_investors.TestInvestorsDocuments" name="test_list_investor_documents" time="0.056" /><testcase classname="backend.tests.test_careers_investors.TestInvestorsDocuments" name="test_upload_investor_document" time="0.109" /><testcase classname="backend.tests.test_careers_investors.TestInvestorsDocuments" name="test_download_protected_document_wrong_password" time="0.048" /><testcase classname="backend.tests.test_careers_investors.TestInvestorsDocuments" name="test_download_protected_document_correct_password" time="0.108" /><testcase classname="backend.tests.test_careers_investors.TestInvestorsContact" name="test_submit_investor_inquiry" time="0.063" /><testcase classname="backend.tests.test_careers_investors.TestInvestorsContact" name="test_list_investor_inquiries" time="0.052" /><testcase classname="backend.tests.test_careers_investors.TestCleanup" name="test_cleanup_test_jobs" time="0.156" /><testcase classname="backend.tests.test_careers_phase_a" name="test_meta_returns_30_statuses_and_sources" time="0.132" /><testcase classname="backend.tests.test_careers_phase_a" name="test_job_code_and_slug_and_application_id_formats" time="0.217" /><testcase classname="backend.tests.test_careers_phase_a" name="test_apply_by_slug_works" time="0.231" /><testcase classname="backend.tests.test_careers_phase_a" name="test_status_transition_and_history" time="1.556" /><testcase classname="backend.tests.test_careers_phase_a" name="test_kanban_board_groups_by_status" time="0.120" /><testcase classname="backend.tests.test_careers_phase_a" name="test_job_lifecycle_actions_and_public_visibility" time="0.658" /><testcase classname="backend.tests.test_careers_phase_a" name="test_paused_job_rejects_new_applications" time="0.346" /><testcase classname="backend.tests.test_careers_phase_a" name="test_duplicate_job_creates_draft_with_new_code" time="0.205" /><testcase classname="backend.tests.test_careers_phase_a" name="test_recruitment_source_persisted" time="0.366" /><testcase classname="backend.tests.test_careers_phase_a" name="test_auto_close_when_vacancies_filled" time="0.735" /><testcase classname="backend.tests.test_careers_phase_bc" name="test_test_bank_crud" time="0.777" /><testcase classname="backend.tests.test_careers_phase_bc" name="test_assign_and_attempt_auto_score_pass" time="0.899" /><testcase classname="backend.tests.test_careers_phase_bc" name="test_assign_and_attempt_fail_flow" time="0.760" /><testcase classname="backend.tests.test_careers_phase_bc" name="test_interview_schedule_and_scorecard" time="0.798" /><testcase classname="backend.tests.test_careers_phase_bc" name="test_offer_generate_pdf_and_accept_flow" time="1.176" /><testcase classname="backend.tests.test_careers_phase_bc" name="test_offer_decline_flow" time="0.628" /><testcase classname="backend.tests.test_careers_phase_bc" name="test_offer_invalid_hiring_type" time="0.328" /><testcase classname="backend.tests.test_careers_phase_bc" name="test_convert_to_employee_and_id_format" time="31.125" /><testcase classname="backend.tests.test_careers_phase_d" name="test_onboarding_init_idempotent_and_completion" time="2.419" /><testcase classname="backend.tests.test_careers_phase_d" name="test_onboarding_custom_tasks" time="0.645" /><testcase classname="backend.tests.test_careers_phase_d" name="test_letter_generation_produces_pdf[appointment-payload0]" time="0.786" /><testcase classname="backend.tests.test_careers_phase_d" name="test_letter_generation_produces_pdf[confirmation-payload1]" time="0.742" /><testcase classname="backend.tests.test_careers_phase_d" name="test_letter_generation_produces_pdf[increment-payload2]" time="0.793" /><testcase classname="backend.tests.test_careers_phase_d" name="test_letter_generation_produces_pdf[promotion-payload3]" time="0.754" /><testcase classname="backend.tests.test_careers_phase_d" name="test_letter_generation_produces_pdf[experience-payload4]" time="0.768" /><testcase classname="backend.tests.test_careers_phase_d" name="test_experience_letter_marks_employee_separated" time="7.971" /><testcase classname="backend.tests.test_careers_phase_d" name="test_letter_invalid_kind_400" time="30.782" /><testcase classname="backend.tests.test_careers_phase_d" name="test_letter_list_for_employee" time="0.844" /><testcase classname="backend.tests.test_careers_phase_d" name="test_attendance_mark_upsert_and_roster" time="0.922" /><testcase classname="backend.tests.test_careers_phase_d" name="test_attendance_invalid_status" time="0.650" /><testcase classname="backend.tests.test_careers_phase_d" name="test_attendance_monthly_summary" time="0.956" /><testcase classname="backend.tests.test_careers_phase_d" name="test_leave_apply_and_approve_marks_attendance" time="1.181" /><testcase classname="backend.tests.test_careers_phase_d" name="test_leave_reject_and_invalid_type" time="0.864" /><testcase classname="backend.tests.test_careers_phase_d" name="test_leave_cancel" time="0.844" /><testcase classname="backend.tests.test_careers_phase_d" name="test_leave_balance_computes_remaining" time="0.864" /><testcase classname="backend.tests.test_careers_phase_fg" name="test_targets_assignment_and_weight_validation" time="0.908" /><testcase classname="backend.tests.test_careers_phase_fg" name="test_appraisal_full_cycle_with_auto_rating" time="1.214" /><testcase classname="backend.tests.test_careers_phase_fg" name="test_incentive_rule_and_calculation" time="1.437" /><testcase classname="backend.tests.test_careers_phase_fg" name="test_incentive_pay_state_machine" time="31.485" /><testcase classname="backend.tests.test_careers_phase_fg" name="test_rbac_roles_and_permission_check" time="0.842" /><testcase classname="backend.tests.test_careers_phase_fg" name="test_audit_log_captures_writes_and_filters" time="1.197" /><testcase classname="backend.tests.test_careers_phase_fg" name="test_notification_templates_seed_and_render" time="0.798" /><testcase classname="backend.tests.test_careers_phase_fg" name="test_notification_template_invalid_key_and_channel" time="0.200" /><testcase classname="backend.tests.test_careers_phase_h" name="test_separation_full_workflow_ends_in_experience_letter" time="1.892" /><testcase classname="backend.tests.test_careers_phase_h" name="test_separation_invalid_kind_and_cancel" time="0.929" /><testcase classname="backend.tests.test_careers_phase_h" name="test_separation_fnf_before_clearance" time="0.953" /><testcase classname="backend.tests.test_careers_phase_h" name="test_hr_dashboard_shape_and_counts" time="0.184" /><testcase classname="backend.tests.test_careers_phase_h" name="test_hr_dashboard_reflects_new_activity" time="0.721" /><testcase classname="backend.tests.test_careers_phase_h" name="test_careers_health_returns_collection_stats" time="0.132" /><testcase classname="backend.tests.test_candidate_portal" name="test_candidate_portal_shape_fresh_applicant" time="0.309" /><testcase classname="backend.tests.test_candidate_portal" name="test_candidate_portal_reflects_offer_stage" time="0.424" /><testcase classname="backend.tests.test_candidate_portal" name="test_candidate_portal_hides_correct_answers_and_internal_paths" time="0.308" /><testcase classname="backend.tests.test_candidate_portal" name="test_candidate_portal_404_unknown" time="0.115" /><testcase classname="backend.tests.test_referral_share" name="test_shared_referral_apply_by_job_code_records_employee_referral" time="0.451" /><testcase classname="backend.tests.test_referral_share" name="test_portal_returns_job_code_for_share_url_construction" time="0.319" /><testcase classname="backend.tests.test_employee_portal_payroll" name="test_login_disabled_by_default" time="0.366" /><testcase classname="backend.tests.test_employee_portal_payroll" name="test_admin_set_password_and_login_flow" time="0.396" /><testcase classname="backend.tests.test_employee_portal_payroll" name="test_change_password" time="0.653" /><testcase classname="backend.tests.test_employee_portal_payroll" name="test_lockout_after_failed_attempts" time="0.929" /><testcase classname="backend.tests.test_employee_portal_payroll" name="test_own_attendance_and_leave_flow" time="0.521" /><testcase classname="backend.tests.test_employee_portal_payroll" name="test_announcements_visibility" time="0.805" /><testcase classname="backend.tests.test_employee_portal_payroll" name="test_payroll_config_and_component_math" time="0.239" /><testcase classname="backend.tests.test_employee_portal_payroll" name="test_payroll_full_run_and_reports" time="0.965" /><testcase classname="backend.tests.test_employee_portal_payroll" name="test_orgchart_tree_and_cycle_detection" time="0.361" /><testcase classname="backend.tests.test_careers_phase3_extended" name="test_apply_with_all_documents_and_lists" time="0.844" /><testcase classname="backend.tests.test_careers_phase3_extended" name="test_apply_no_docs_and_malformed_json" time="0.508" /><testcase classname="backend.tests.test_careers_phase3_extended" name="test_duplicate_email_rejected" time="0.210" /><testcase classname="backend.tests.test_careers_phase3_extended" name="test_invalid_document_kind_returns_400_regardless" time="0.101" /></testsuite></testsuites>