<?xml version="1.0" encoding="utf-8"?><testsuites name="pytest tests"><testsuite name="pytest" errors="0" failures="0" skipped="0" tests="27" time="2.587" timestamp="2026-04-19T05:12:55.305569+00:00" hostname="agent-env-1402b158-3a1a-47dc-9046-ba754c78d940"><testcase classname="backend.tests.test_careers_investors.TestCareersMeta" name="test_get_career_meta" time="0.164" /><testcase classname="backend.tests.test_careers_investors.TestCareersJobsCRUD" name="test_create_job_posting" time="0.132" /><testcase classname="backend.tests.test_careers_investors.TestCareersJobsCRUD" name="test_list_active_jobs" time="0.050" /><testcase classname="backend.tests.test_careers_investors.TestCareersJobsCRUD" name="test_list_all_jobs" time="0.053" /><testcase classname="backend.tests.test_careers_investors.TestCareersJobsCRUD" name="test_get_job_detail" time="0.166" /><testcase classname="backend.tests.test_careers_investors.TestCareersJobsCRUD" name="test_get_nonexistent_job" time="0.061" /><testcase classname="backend.tests.test_careers_investors.TestCareersJobsCRUD" name="test_update_job" time="0.095" /><testcase classname="backend.tests.test_careers_investors.TestCareersJobsCRUD" name="test_delete_job" time="0.184" /><testcase classname="backend.tests.test_careers_investors.TestCareersApplications" name="test_apply_for_job_with_resume" time="0.160" /><testcase classname="backend.tests.test_careers_investors.TestCareersApplications" name="test_apply_duplicate_rejected" time="0.126" /><testcase classname="backend.tests.test_careers_investors.TestCareersApplications" name="test_check_application_status" time="0.063" /><testcase classname="backend.tests.test_careers_investors.TestCareersApplications" name="test_check_status_no_applications" time="0.049" /><testcase classname="backend.tests.test_careers_investors.TestCareersApplications" name="test_list_all_applications" time="0.079" /><testcase classname="backend.tests.test_careers_investors.TestCareersApplications" name="test_update_application_status" time="0.050" /><testcase classname="backend.tests.test_careers_investors.TestCareersApplications" name="test_update_application_invalid_status" time="0.055" /><testcase classname="backend.tests.test_careers_investors.TestCareersApplications" name="test_add_application_note" time="0.056" /><testcase classname="backend.tests.test_careers_investors.TestInvestorsMetrics" name="test_get_investor_metrics" time="0.054" /><testcase classname="backend.tests.test_careers_investors.TestInvestorsFAQ" name="test_get_investor_faq" time="0.107" /><testcase classname="backend.tests.test_careers_investors.TestInvestorsTeam" name="test_get_leadership_team" time="0.102" /><testcase classname="backend.tests.test_careers_investors.TestInvestorsPress" name="test_get_press_releases" time="0.081" /><testcase classname="backend.tests.test_careers_investors.TestInvestorsDocuments" name="test_list_investor_documents" time="0.054" /><testcase classname="backend.tests.test_careers_investors.TestInvestorsDocuments" name="test_upload_investor_document" time="0.111" /><testcase classname="backend.tests.test_careers_investors.TestInvestorsDocuments" name="test_download_protected_document_wrong_password" time="0.155" /><testcase classname="backend.tests.test_careers_investors.TestInvestorsDocuments" name="test_download_protected_document_correct_password" time="0.102" /><testcase classname="backend.tests.test_careers_investors.TestInvestorsContact" name="test_submit_investor_inquiry" time="0.047" /><testcase classname="backend.tests.test_careers_investors.TestInvestorsContact" name="test_list_investor_inquiries" time="0.045" /><testcase classname="backend.tests.test_careers_investors.TestCleanup" name="test_cleanup_test_jobs" time="0.146" /></testsuite></testsuites>