<?xml version="1.0" encoding="utf-8"?><testsuites name="pytest tests"><testsuite name="pytest" errors="0" failures="0" skipped="0" tests="10" time="17.257" timestamp="2026-03-30T13:18:36.134564+00:00" hostname="agent-env-a6030816-5328-487f-8643-c2d2e8b02d9a"><testcase classname="backend.tests.test_chatbot_projections.TestChatbotProjections" name="test_chatbot_endpoint_exists" time="1.243" /><testcase classname="backend.tests.test_chatbot_projections.TestChatbotProjections" name="test_projection_query_10_referrals" time="1.429" /><testcase classname="backend.tests.test_chatbot_projections.TestChatbotProjections" name="test_projection_query_marathi" time="2.121" /><testcase classname="backend.tests.test_chatbot_projections.TestChatbotProjections" name="test_projection_query_50_referrals" time="1.255" /><testcase classname="backend.tests.test_chatbot_projections.TestChatbotProjections" name="test_projection_query_100_referrals" time="1.384" /><testcase classname="backend.tests.test_chatbot_projections.TestChatbotProjections" name="test_general_query_balance" time="1.140" /><testcase classname="backend.tests.test_chatbot_projections.TestChatbotProjections" name="test_session_persistence" time="2.151" /><testcase classname="backend.tests.test_chatbot_projections.TestChatbotProjections" name="test_invalid_uid_handling" time="1.588" /><testcase classname="backend.tests.test_chatbot_projections.TestChatbotProjections" name="test_hindi_query" time="1.379" /><testcase classname="backend.tests.test_chatbot_projections.TestComputeProjectionsFunction" name="test_projection_data_in_response" time="3.540" /></testsuite></testsuites>