<?xml version="1.0" encoding="utf-8"?><testsuites name="pytest tests"><testsuite name="pytest" errors="0" failures="0" skipped="0" tests="23" time="1.616" timestamp="2026-06-19T06:46:31.060369+00:00" hostname="agent-env-1402b158-3a1a-47dc-9046-ba754c78d940"><testcase classname="backend.tests.test_referral_cleanup_iter235.TestLiveEndpoints" name="test_mining_rate_breakdown" time="0.428" /><testcase classname="backend.tests.test_referral_cleanup_iter235.TestLiveEndpoints" name="test_mining_status" time="0.053" /><testcase classname="backend.tests.test_referral_cleanup_iter235.TestLiveEndpoints" name="test_notifications_direct_list" time="0.066" /><testcase classname="backend.tests.test_referral_cleanup_iter235.TestLiveEndpoints" name="test_notifications_level_breakdown" time="0.048" /><testcase classname="backend.tests.test_referral_cleanup_iter235.TestLiveEndpoints" name="test_referral_lookup_valid" time="0.045" /><testcase classname="backend.tests.test_referral_cleanup_iter235.TestLiveEndpoints" name="test_referral_lookup_invalid" time="0.044" /><testcase classname="backend.tests.test_referral_cleanup_iter235" name="test_deleted_endpoint_returns_404[/api/notifications/referrals/fcd8c6f8-9596-4f56-8556-568847d5ab86/tree]" time="0.046" /><testcase classname="backend.tests.test_referral_cleanup_iter235" name="test_deleted_endpoint_returns_404[/api/notifications/referrals/fcd8c6f8-9596-4f56-8556-568847d5ab86/stats]" time="0.047" /><testcase classname="backend.tests.test_referral_cleanup_iter235" name="test_deleted_endpoint_returns_404[/api/notifications/referrals/fcd8c6f8-9596-4f56-8556-568847d5ab86/earnings]" time="0.086" /><testcase classname="backend.tests.test_referral_cleanup_iter235" name="test_deleted_endpoint_returns_404[/api/notifications/referral-earnings/fcd8c6f8-9596-4f56-8556-568847d5ab86]" time="0.048" /><testcase classname="backend.tests.test_referral_cleanup_iter235" name="test_deleted_endpoint_returns_404[/api/notifications/referrals/fcd8c6f8-9596-4f56-8556-568847d5ab86/levels]" time="0.046" /><testcase classname="backend.tests.test_referral_cleanup_iter235" name="test_deleted_endpoint_returns_404[/api/notifications/referrals/fcd8c6f8-9596-4f56-8556-568847d5ab86/debug-referred-by]" time="0.048" /><testcase classname="backend.tests.test_referral_cleanup_iter235" name="test_deleted_endpoint_returns_404[/api/notifications/referrals/fcd8c6f8-9596-4f56-8556-568847d5ab86/fraud-check]" time="0.048" /><testcase classname="backend.tests.test_referral_cleanup_iter235" name="test_deleted_endpoint_returns_404[/api/notifications/referrals/fcd8c6f8-9596-4f56-8556-568847d5ab86/bonus-breakdown]" time="0.047" /><testcase classname="backend.tests.test_referral_cleanup_iter235" name="test_deleted_endpoint_returns_404[/api/notifications/referrals/fcd8c6f8-9596-4f56-8556-568847d5ab86/network-analytics]" time="0.048" /><testcase classname="backend.tests.test_referral_cleanup_iter235" name="test_deleted_endpoint_returns_404[/api/notifications/ai/referral-suggestions]" time="0.045" /><testcase classname="backend.tests.test_referral_cleanup_iter235" name="test_deleted_endpoint_returns_404[/api/referrals/live-activity]" time="0.047" /><testcase classname="backend.tests.test_referral_cleanup_iter235" name="test_deleted_endpoint_returns_404[/api/gift/eligible-referrals/fcd8c6f8-9596-4f56-8556-568847d5ab86]" time="0.050" /><testcase classname="backend.tests.test_referral_cleanup_iter235" name="test_deleted_endpoint_returns_404[/api/referral/stats/fcd8c6f8-9596-4f56-8556-568847d5ab86]" time="0.047" /><testcase classname="backend.tests.test_referral_cleanup_iter235" name="test_deleted_endpoint_returns_404[/api/referral/list/fcd8c6f8-9596-4f56-8556-568847d5ab86]" time="0.047" /><testcase classname="backend.tests.test_referral_cleanup_iter235" name="test_deleted_endpoint_returns_404[/api/referral/network/fcd8c6f8-9596-4f56-8556-568847d5ab86]" time="0.048" /><testcase classname="backend.tests.test_referral_cleanup_iter235" name="test_deleted_endpoint_returns_404[/api/referral/bonus/fcd8c6f8-9596-4f56-8556-568847d5ab86]" time="0.047" /><testcase classname="backend.tests.test_referral_cleanup_iter235" name="test_deleted_endpoint_returns_404[/api/referral/code/fcd8c6f8-9596-4f56-8556-568847d5ab86]" time="0.086" /></testsuite></testsuites>