<?xml version="1.0" encoding="utf-8"?><testsuites name="pytest tests"><testsuite name="pytest" errors="0" failures="1" skipped="0" tests="10" time="4.394" timestamp="2026-02-15T04:06:31.924519+00:00" hostname="agent-env-2b5e2f2d-e610-40ed-a3e2-0b241754f239"><testcase classname="backend.tests.test_cleanup_verification.TestHealthCheck" name="test_health_endpoint" time="0.248" /><testcase classname="backend.tests.test_cleanup_verification.TestHealthCheck" name="test_root_endpoint" time="0.126"><failure message="requests.exceptions.JSONDecodeError: Expecting value: line 1 column 1 (char 0)">/root/.venv/lib/python3.11/site-packages/requests/models.py:976: in json
    return complexjson.loads(self.text, **kwargs)
           ^^^^^^^^^^^^^^^^^^^^^^^^^^^^^^^^^^^^^^
/usr/local/lib/python3.11/json/__init__.py:346: in loads
    return _default_decoder.decode(s)
           ^^^^^^^^^^^^^^^^^^^^^^^^^^
/usr/local/lib/python3.11/json/decoder.py:337: in decode
    obj, end = self.raw_decode(s, idx=_w(s, 0).end())
               ^^^^^^^^^^^^^^^^^^^^^^^^^^^^^^^^^^^^^^
/usr/local/lib/python3.11/json/decoder.py:355: in raw_decode
    raise JSONDecodeError("Expecting value", s, err.value) from None
E   json.decoder.JSONDecodeError: Expecting value: line 1 column 1 (char 0)

During handling of the above exception, another exception occurred:
backend/tests/test_cleanup_verification.py:35: in test_root_endpoint
    data = response.json()
           ^^^^^^^^^^^^^^^
/root/.venv/lib/python3.11/site-packages/requests/models.py:980: in json
    raise RequestsJSONDecodeError(e.msg, e.doc, e.pos)
E   requests.exceptions.JSONDecodeError: Expecting value: line 1 column 1 (char 0)</failure></testcase><testcase classname="backend.tests.test_cleanup_verification.TestAdminStats" name="test_admin_stats_endpoint" time="0.741" /><testcase classname="backend.tests.test_cleanup_verification.TestMiningStatus" name="test_mining_status_valid_user" time="0.768" /><testcase classname="backend.tests.test_cleanup_verification.TestMiningStatus" name="test_mining_status_invalid_user" time="0.333" /><testcase classname="backend.tests.test_cleanup_verification.TestUserDashboard" name="test_user_dashboard_valid_user" time="0.557" /><testcase classname="backend.tests.test_cleanup_verification.TestUserDashboard" name="test_user_dashboard_invalid_user" time="0.331" /><testcase classname="backend.tests.test_cleanup_verification.TestCacheStats" name="test_cache_stats_endpoint" time="0.177" /><testcase classname="backend.tests.test_cleanup_verification.TestUserEndpoint" name="test_user_profile_valid" time="0.592" /><testcase classname="backend.tests.test_cleanup_verification.TestUserEndpoint" name="test_user_profile_invalid" time="0.354" /></testsuite></testsuites>