<?xml version="1.0" encoding="utf-8"?><testsuites name="pytest tests"><testsuite name="pytest" errors="0" failures="0" skipped="2" tests="17" time="2.720" timestamp="2026-05-01T03:37:51.412602+00:00" hostname="agent-env-1402b158-3a1a-47dc-9046-ba754c78d940"><testcase classname="backend.tests.test_cleanup_refactor_jwt_pins.TestBackendBoot" name="test_health_endpoint_responds" time="1.453" /><testcase classname="backend.tests.test_cleanup_refactor_jwt_pins.TestAuthJwt" name="test_admin_login_returns_jwt_and_admin_role" time="0.151" /><testcase classname="backend.tests.test_cleanup_refactor_jwt_pins.TestAuthJwt" name="test_admin_login_invalid_pin_rejected" time="0.114" /><testcase classname="backend.tests.test_cleanup_refactor_jwt_pins.TestAuthJwt" name="test_auth_me_with_bearer_token" time="0.055" /><testcase classname="backend.tests.test_cleanup_refactor_jwt_pins.TestAuthJwt" name="test_auth_me_with_bad_token_rejected" time="0.051" /><testcase classname="backend.tests.test_cleanup_refactor_jwt_pins.TestAdminOperationPin" name="test_wrong_pin_rejected" time="0.057" /><testcase classname="backend.tests.test_cleanup_refactor_jwt_pins.TestAdminOperationPin" name="test_correct_pin_accepted" time="0.056" /><testcase classname="backend.tests.test_cleanup_refactor_jwt_pins.TestAdminOverridePin" name="test_wrong_override_pin_rejected" time="0.053" /><testcase classname="backend.tests.test_cleanup_refactor_jwt_pins.TestAdminOverridePin" name="test_correct_override_pin_authorized" time="0.052" /><testcase classname="backend.tests.test_cleanup_refactor_jwt_pins.TestBasicCrudStillWorks" name="test_admin_user_360" time="0.057" /><testcase classname="backend.tests.test_cleanup_refactor_jwt_pins.TestBasicCrudStillWorks" name="test_user_dashboard" time="0.056" /><testcase classname="backend.tests.test_cleanup_refactor_jwt_pins.TestFeesConstants" name="test_growth_economy_defaults" time="0.074"><skipped type="pytest.skip" message="growth-economy settings endpoint returned 404">/app/backend/tests/test_cleanup_refactor_jwt_pins.py:196: growth-economy settings endpoint returned 404</skipped></testcase><testcase classname="backend.tests.test_cleanup_refactor_jwt_pins.TestFeesConstants" name="test_bank_redeem_denominations_uses_constants" time="0.083" /><testcase classname="backend.tests.test_cleanup_refactor_jwt_pins.TestFeesConstants" name="test_bank_redeem_charges_uses_constants" time="0.175"><skipped type="pytest.skip" message="no bank-redeem preview endpoint available to probe">/app/backend/tests/test_cleanup_refactor_jwt_pins.py:247: no bank-redeem preview endpoint available to probe</skipped></testcase><testcase classname="backend.tests.test_cleanup_refactor_jwt_pins.TestEmployeeReportsAuth" name="test_without_token_rejected" time="0.053" /><testcase classname="backend.tests.test_cleanup_refactor_jwt_pins.TestEmployeeReportsAuth" name="test_with_wrong_token_rejected" time="0.064" /><testcase classname="backend.tests.test_cleanup_refactor_jwt_pins.TestEmployeeReportsAuth" name="test_with_admin_bearer" time="0.068" /></testsuite></testsuites>