<?xml version="1.0" encoding="utf-8"?><testsuites name="pytest tests"><testsuite name="pytest" errors="0" failures="0" skipped="2" tests="13" time="3.106" timestamp="2026-04-05T07:32:43.553830+00:00" hostname="agent-env-1402b158-3a1a-47dc-9046-ba754c78d940"><testcase classname="tests.test_code_quality_fixes.TestHealthAndBasicAPIs" name="test_01_health_endpoint_returns_200" time="0.184" /><testcase classname="tests.test_code_quality_fixes.TestHealthAndBasicAPIs" name="test_02_db_health_endpoint" time="0.101" /><testcase classname="tests.test_code_quality_fixes.TestUserAPIs" name="test_03_user_usage_history_returns_200" time="0.113" /><testcase classname="tests.test_code_quality_fixes.TestUserAPIs" name="test_04_prc_statement_returns_200" time="0.109" /><testcase classname="tests.test_code_quality_fixes.TestAuthAPIs" name="test_05_auth_login_with_mobile_and_pin" time="0.354" /><testcase classname="tests.test_code_quality_fixes.TestAuthAPIs" name="test_06_auth_login_returns_valid_token" time="0.331" /><testcase classname="tests.test_code_quality_fixes.TestAdminAPIs" name="test_07_admin_prc_analytics" time="0.136"><skipped type="pytest.skip" message="Admin login failed: {&quot;detail&quot;:&quot;Email/mobile and PIN are required&quot;}">/app/backend/tests/test_code_quality_fixes.py:147: Admin login failed: {"detail":"Email/mobile and PIN are required"}</skipped></testcase><testcase classname="tests.test_code_quality_fixes.TestAdminAPIs" name="test_08_admin_comprehensive_analytics" time="0.102"><skipped type="pytest.skip" message="Admin login failed: {&quot;detail&quot;:&quot;Email/mobile and PIN are required&quot;}">/app/backend/tests/test_code_quality_fixes.py:165: Admin login failed: {"detail":"Email/mobile and PIN are required"}</skipped></testcase><testcase classname="tests.test_code_quality_fixes.TestCircularImportResolution" name="test_09_prc_rate_endpoint" time="0.102" /><testcase classname="tests.test_code_quality_fixes.TestMutableDefaultsFix" name="test_10_log_transaction_no_mutation" time="0.299" /><testcase classname="tests.test_code_quality_fixes.TestSecretsModuleUsage" name="test_11_admin_user360_pin_generation" time="0.103" /><testcase classname="tests.test_code_quality_fixes.TestUndefinedVariablesFix" name="test_12_server_startup_no_errors" time="0.100" /><testcase classname="tests.test_code_quality_fixes.TestEndToEndFlow" name="test_13_complete_user_flow" time="1.031" /></testsuite></testsuites>