<?xml version="1.0" encoding="utf-8"?><testsuites name="pytest tests"><testsuite name="pytest" errors="0" failures="0" skipped="0" tests="9" time="2.753" timestamp="2026-01-05T17:20:19.313769+00:00" hostname="agent-env-b6a926d2-4f3b-4b18-87e3-9ac4aa66c009"><testcase classname="tests.test_dashboard_language_today_stats.TestTodayStatsAPI" name="test_today_stats_endpoint_exists" time="0.344" /><testcase classname="tests.test_dashboard_language_today_stats.TestTodayStatsAPI" name="test_today_stats_response_structure" time="0.316" /><testcase classname="tests.test_dashboard_language_today_stats.TestTodayStatsAPI" name="test_today_stats_net_calculation" time="0.310" /><testcase classname="tests.test_dashboard_language_today_stats.TestTodayStatsAPI" name="test_today_stats_invalid_uid" time="0.306" /><testcase classname="tests.test_dashboard_language_today_stats.TestTodayStatsAPI" name="test_today_stats_date_format" time="0.304" /><testcase classname="tests.test_dashboard_language_today_stats.TestUserDashboardAPI" name="test_user_profile_endpoint" time="0.319" /><testcase classname="tests.test_dashboard_language_today_stats.TestUserDashboardAPI" name="test_redeemed_stats_endpoint" time="0.306" /><testcase classname="tests.test_dashboard_language_today_stats.TestUserDashboardAPI" name="test_transactions_endpoint" time="0.305" /><testcase classname="tests.test_dashboard_language_today_stats.TestAdminLogin" name="test_admin_login" time="0.046" /></testsuite></testsuites>