<?xml version="1.0" encoding="utf-8"?><testsuites name="pytest tests"><testsuite name="pytest" errors="0" failures="0" skipped="0" tests="9" time="3.065" timestamp="2026-07-09T14:57:11.243690+00:00" hostname="agent-env-1402b158-3a1a-47dc-9046-ba754c78d940"><testcase classname="tests.test_device_binding_new_scenarios.TestOtpUnbind" name="test_full_otp_unbind_flow" time="0.927" /><testcase classname="tests.test_device_binding_new_scenarios.TestOtpUnbind" name="test_unknown_identifier_404" time="0.114" /><testcase classname="tests.test_device_binding_new_scenarios.TestOtpUnbind" name="test_device_not_bound_to_user_403" time="0.120" /><testcase classname="tests.test_device_binding_new_scenarios.TestLoginLockedUser" name="test_locked_user_gets_403" time="0.590" /><testcase classname="tests.test_device_binding_new_scenarios.TestSignupEnforcement" name="test_signup_blocked_when_flag_on_and_device_taken" time="0.353" /><testcase classname="tests.test_device_binding_new_scenarios.TestSignupEnforcement" name="test_signup_allowed_when_flag_off_even_if_device_taken" time="0.329" /><testcase classname="tests.test_device_binding_new_scenarios.TestAdminUnbindByUid" name="test_unbind_by_uid_marks_inactive" time="0.135" /><testcase classname="tests.test_device_binding_new_scenarios.TestMyBindingsWithData" name="test_lists_active_binding" time="0.109" /><testcase classname="tests.test_device_binding_new_scenarios.TestCollisionsEndpoint" name="test_collisions_lists_audit_rows" time="0.279" /></testsuite></testsuites>