<?xml version="1.0" encoding="utf-8"?><testsuites name="pytest tests"><testsuite name="pytest" errors="0" failures="0" skipped="0" tests="25" time="6.558" timestamp="2026-03-13T10:07:01.117133+00:00" hostname="agent-env-e64ec01f-1c9d-4ec0-9c49-e117ec02d0eb"><testcase classname="backend.tests.test_dmt_limits_api.TestDMTLimitsAPI" name="test_get_dmt_limits_returns_success" time="0.346" /><testcase classname="backend.tests.test_dmt_limits_api.TestDMTLimitsAPI" name="test_get_dmt_limits_has_all_required_fields" time="0.306" /><testcase classname="backend.tests.test_dmt_limits_api.TestDMTLimitsAPI" name="test_get_dmt_limits_returns_valid_values" time="0.328" /><testcase classname="backend.tests.test_dmt_limits_api.TestDMTLimitsAPI" name="test_update_dmt_limits_success" time="0.316" /><testcase classname="backend.tests.test_dmt_limits_api.TestDMTLimitsAPI" name="test_update_dmt_limits_persists" time="0.428" /><testcase classname="backend.tests.test_dmt_limits_api.TestDMTLimitsAPI" name="test_update_dmt_limits_validation_daily_exceeds_weekly" time="0.344" /><testcase classname="backend.tests.test_dmt_limits_api.TestDMTLimitsAPI" name="test_update_dmt_limits_validation_weekly_exceeds_monthly" time="0.297" /><testcase classname="backend.tests.test_dmt_limits_api.TestDMTLimitsAPI" name="test_update_dmt_limits_validation_per_txn_exceeds_daily" time="0.350" /><testcase classname="backend.tests.test_dmt_limits_api.TestDMTLimitsAPI" name="test_update_dmt_limits_records_admin_id" time="0.434" /><testcase classname="backend.tests.test_dmt_limits_api.TestUserDMTUsageAPI" name="test_get_user_dmt_usage_returns_success" time="0.112" /><testcase classname="backend.tests.test_dmt_limits_api.TestUserDMTUsageAPI" name="test_get_user_dmt_usage_has_all_usage_fields" time="0.122" /><testcase classname="backend.tests.test_dmt_limits_api.TestUserDMTUsageAPI" name="test_get_user_dmt_usage_has_limit_fields" time="0.121" /><testcase classname="backend.tests.test_dmt_limits_api.TestUserDMTUsageAPI" name="test_get_user_dmt_usage_reflects_global_limits" time="0.216" /><testcase classname="backend.tests.test_dmt_limits_api.TestUserDMTUsageAPI" name="test_new_user_has_zero_usage" time="0.102" /><testcase classname="backend.tests.test_dmt_limits_api.TestDMTServiceToggleAPI" name="test_enable_dmt_service" time="0.221" /><testcase classname="backend.tests.test_dmt_limits_api.TestDMTServiceToggleAPI" name="test_disable_dmt_service" time="0.218" /><testcase classname="backend.tests.test_dmt_limits_api.TestDMTServiceToggleAPI" name="test_dmt_toggle_persists_in_service_list" time="0.301" /><testcase classname="backend.tests.test_dmt_limits_api.TestDMTServiceToggleAPI" name="test_enable_disable_cycle" time="0.424" /><testcase classname="backend.tests.test_dmt_limits_api.TestLevinDMTHealthAPI" name="test_levin_dmt_health_returns_success" time="0.103" /><testcase classname="backend.tests.test_dmt_limits_api.TestLevinDMTHealthAPI" name="test_levin_dmt_health_has_config_fields" time="0.128" /><testcase classname="backend.tests.test_dmt_limits_api.TestDMTLimitsIntegration" name="test_limits_change_reflected_in_user_usage" time="0.555" /><testcase classname="backend.tests.test_dmt_limits_api.TestDMTLimitsIntegration" name="test_user_remaining_equals_limit_for_new_user" time="0.413" /><testcase classname="backend.tests.test_dmt_limits_api.TestServiceTogglesListAPI" name="test_get_service_toggles_returns_success" time="0.104" /><testcase classname="backend.tests.test_dmt_limits_api.TestServiceTogglesListAPI" name="test_get_service_toggles_includes_dmt" time="0.113" /><testcase classname="backend.tests.test_dmt_limits_api.TestServiceTogglesListAPI" name="test_service_toggles_dmt_has_correct_name" time="0.121" /></testsuite></testsuites>