<?xml version="1.0" encoding="utf-8"?><testsuites name="pytest tests"><testsuite name="pytest" errors="0" failures="0" skipped="0" tests="19" time="8.830" timestamp="2026-03-05T09:45:21.773535+00:00" hostname="agent-env-a6ff97af-9c50-4a17-a5ab-32b04a54cfaf"><testcase classname="backend.tests.test_dmt_flow.TestDMTHealthAndConfig" name="test_dmt_health_check" time="0.128" /><testcase classname="backend.tests.test_dmt_flow.TestDMTHealthAndConfig" name="test_dmt_health_contains_correct_rate" time="0.100" /><testcase classname="backend.tests.test_dmt_flow.TestDMTWallet" name="test_wallet_for_valid_user" time="0.107" /><testcase classname="backend.tests.test_dmt_flow.TestDMTWallet" name="test_wallet_for_invalid_user" time="0.113" /><testcase classname="backend.tests.test_dmt_flow.TestDMTCustomerSearch" name="test_customer_search_valid_mobile" time="1.223" /><testcase classname="backend.tests.test_dmt_flow.TestDMTCustomerSearch" name="test_customer_search_invalid_mobile_length" time="0.109" /><testcase classname="backend.tests.test_dmt_flow.TestDMTCustomerSearch" name="test_customer_search_non_numeric_mobile" time="0.103" /><testcase classname="backend.tests.test_dmt_flow.TestDMTRecipients" name="test_get_recipients_for_valid_customer" time="1.162" /><testcase classname="backend.tests.test_dmt_flow.TestDMTRecipients" name="test_recipients_contains_expected_recipient" time="1.151" /><testcase classname="backend.tests.test_dmt_flow.TestDMTRecipients" name="test_recipients_response_structure" time="1.167" /><testcase classname="backend.tests.test_dmt_flow.TestDMTTransactions" name="test_get_transactions_for_valid_user" time="0.123" /><testcase classname="backend.tests.test_dmt_flow.TestDMTTransactions" name="test_transactions_structure" time="0.100" /><testcase classname="backend.tests.test_dmt_flow.TestDMTTransferValidation" name="test_transfer_requires_user_id" time="0.098" /><testcase classname="backend.tests.test_dmt_flow.TestDMTTransferValidation" name="test_transfer_requires_valid_mobile" time="0.100" /><testcase classname="backend.tests.test_dmt_flow.TestDMTTransferValidation" name="test_transfer_minimum_amount_validation" time="0.101" /><testcase classname="backend.tests.test_dmt_flow.TestDMTAddRecipientValidation" name="test_add_recipient_requires_all_fields" time="0.100" /><testcase classname="backend.tests.test_dmt_flow.TestDMTAddRecipientValidation" name="test_add_recipient_validates_ifsc_length" time="0.100" /><testcase classname="backend.tests.test_dmt_flow.TestDMTAddRecipientValidation" name="test_add_recipient_validates_account_numeric" time="0.104" /><testcase classname="backend.tests.test_dmt_flow.TestDMTEndToEndFlow" name="test_full_dmt_flow_search_and_recipients" time="2.574" /></testsuite></testsuites>