<?xml version="1.0" encoding="utf-8"?><testsuites name="pytest tests"><testsuite name="pytest" errors="0" failures="0" skipped="0" tests="30" time="9.497" timestamp="2026-03-12T08:49:30.113598+00:00" hostname="agent-env-4d56ac3f-88fb-419a-8efe-f6cea56bed3c"><testcase classname="test_dmt_api.TestDMTHealthCheck" name="test_health_check_success" time="0.237" /><testcase classname="test_dmt_api.TestDMTHealthCheck" name="test_health_check_shows_enabled_status" time="0.234" /><testcase classname="test_dmt_api.TestDMTHealthCheck" name="test_health_check_shows_disabled_status" time="0.348" /><testcase classname="test_dmt_api.TestDMTAdminSettings" name="test_get_admin_settings_success" time="0.327" /><testcase classname="test_dmt_api.TestDMTAdminSettings" name="test_post_admin_settings_update_enabled" time="0.453" /><testcase classname="test_dmt_api.TestDMTAdminSettings" name="test_post_admin_settings_update_daily_limit" time="0.461" /><testcase classname="test_dmt_api.TestDMTAdminSettings" name="test_post_admin_settings_update_both_fields" time="0.329" /><testcase classname="test_dmt_api.TestDMTAdminEnableDisable" name="test_admin_enable_dmt" time="0.212" /><testcase classname="test_dmt_api.TestDMTAdminEnableDisable" name="test_admin_disable_dmt" time="0.227" /><testcase classname="test_dmt_api.TestDMTAdminEnableDisable" name="test_disable_then_enable_cycle" time="0.539" /><testcase classname="test_dmt_api.TestDMTAdminSetLimit" name="test_set_daily_limit_success" time="0.211" /><testcase classname="test_dmt_api.TestDMTAdminSetLimit" name="test_set_daily_limit_min_valid" time="0.222" /><testcase classname="test_dmt_api.TestDMTAdminSetLimit" name="test_set_daily_limit_max_valid" time="0.216" /><testcase classname="test_dmt_api.TestDMTAdminSetLimit" name="test_set_daily_limit_below_minimum" time="0.210" /><testcase classname="test_dmt_api.TestDMTAdminSetLimit" name="test_set_daily_limit_above_maximum" time="0.206" /><testcase classname="test_dmt_api.TestDMTAdminSetLimit" name="test_set_daily_limit_reflects_in_health" time="0.328" /><testcase classname="test_dmt_api.TestDMTAdminTransactions" name="test_get_all_transactions_success" time="0.113" /><testcase classname="test_dmt_api.TestDMTAdminTransactions" name="test_get_transactions_with_status_filter" time="0.461" /><testcase classname="test_dmt_api.TestDMTAdminTransactions" name="test_get_transactions_with_date_filter" time="0.102" /><testcase classname="test_dmt_api.TestDMTAdminTransactions" name="test_get_transactions_with_mobile_filter" time="0.106" /><testcase classname="test_dmt_api.TestDMTAdminTransactions" name="test_get_transactions_with_pagination" time="0.111" /><testcase classname="test_dmt_api.TestDMTAdminTransactions" name="test_get_transactions_multiple_filters" time="0.115" /><testcase classname="test_dmt_api.TestDMTAdminStats" name="test_get_stats_success" time="0.110" /><testcase classname="test_dmt_api.TestDMTCustomerAPI" name="test_customer_search_with_mobile" time="1.131" /><testcase classname="test_dmt_api.TestDMTCustomerAPI" name="test_customer_search_invalid_mobile" time="0.104" /><testcase classname="test_dmt_api.TestDMTCustomerAPI" name="test_customer_registration" time="0.618" /><testcase classname="test_dmt_api.TestDMTWalletAPI" name="test_wallet_user_not_found" time="0.110" /><testcase classname="test_dmt_api.TestDMTWalletAPI" name="test_wallet_shows_dynamic_limit" time="0.317" /><testcase classname="test_dmt_api.TestDMTErrorHandling" name="test_transfer_blocked_when_disabled" time="0.312" /><testcase classname="test_dmt_api.TestDMTIntegration" name="test_settings_affect_health_endpoint" time="0.944" /></testsuite></testsuites>