<?xml version="1.0" encoding="utf-8"?><testsuites name="pytest tests"><testsuite name="pytest" errors="0" failures="0" skipped="0" tests="14" time="20.413" timestamp="2026-03-05T14:34:29.655737+00:00" hostname="agent-env-a6ff97af-9c50-4a17-a5ab-32b04a54cfaf"><testcase classname="backend.tests.test_dmt_new_user_otp_flow.TestDMTHealthEndpoint" name="test_dmt_service_running" time="0.159" /><testcase classname="backend.tests.test_dmt_new_user_otp_flow.TestDMTNewUserCustomerSearch" name="test_customer_search_returns_not_found_for_new_number" time="1.140" /><testcase classname="backend.tests.test_dmt_new_user_otp_flow.TestDMTNewUserCustomerSearch" name="test_customer_search_with_various_new_numbers" time="3.271" /><testcase classname="backend.tests.test_dmt_new_user_otp_flow.TestDMTNewUserCustomerSearch" name="test_customer_search_validates_mobile_format" time="0.242" /><testcase classname="backend.tests.test_dmt_new_user_otp_flow.TestDMTNewUserRegistration" name="test_customer_register_new_user" time="1.186" /><testcase classname="backend.tests.test_dmt_new_user_otp_flow.TestDMTNewUserRegistration" name="test_customer_register_validates_required_fields" time="0.286" /><testcase classname="backend.tests.test_dmt_new_user_otp_flow.TestDMTNewUserRegistration" name="test_customer_register_validates_mobile_format" time="0.122" /><testcase classname="backend.tests.test_dmt_new_user_otp_flow.TestDMTOTPSend" name="test_resend_otp_works" time="2.267" /><testcase classname="backend.tests.test_dmt_new_user_otp_flow.TestDMTOTPSend" name="test_resend_otp_validates_mobile" time="0.106" /><testcase classname="backend.tests.test_dmt_new_user_otp_flow.TestDMTOTPVerification" name="test_verify_otp_rejects_invalid_otp" time="3.457" /><testcase classname="backend.tests.test_dmt_new_user_otp_flow.TestDMTOTPVerification" name="test_verify_otp_requires_otp_field" time="0.124" /><testcase classname="backend.tests.test_dmt_new_user_otp_flow.TestDMTFullNewUserFlow" name="test_complete_new_user_flow" time="4.498" /><testcase classname="backend.tests.test_dmt_new_user_otp_flow.TestDMTFullNewUserFlow" name="test_new_user_flow_api_response_times" time="2.325" /><testcase classname="backend.tests.test_dmt_new_user_otp_flow.TestDMTExistingCustomerSearch" name="test_search_existing_customer_returns_found" time="1.152" /></testsuite></testsuites>