<?xml version="1.0" encoding="utf-8"?><testsuites name="pytest tests"><testsuite name="pytest" errors="0" failures="0" skipped="0" tests="17" time="3.499" timestamp="2026-04-08T05:06:58.912994+00:00" hostname="agent-env-1402b158-3a1a-47dc-9046-ba754c78d940"><testcase classname="tests.test_e2e_core_flows.TestHealthCheck" name="test_health_endpoint" time="0.149" /><testcase classname="tests.test_e2e_core_flows.TestAuthentication" name="test_login_with_mobile_and_pin" time="0.359" /><testcase classname="tests.test_e2e_core_flows.TestAuthentication" name="test_login_with_identifier_and_password" time="0.341" /><testcase classname="tests.test_e2e_core_flows.TestAuthentication" name="test_login_invalid_credentials" time="0.577" /><testcase classname="tests.test_e2e_core_flows.TestAuthentication" name="test_check_auth_type" time="0.121" /><testcase classname="tests.test_e2e_core_flows.TestDashboard" name="test_user_dashboard" time="0.356" /><testcase classname="tests.test_e2e_core_flows.TestDashboard" name="test_performance_summary" time="0.118" /><testcase classname="tests.test_e2e_core_flows.TestMining" name="test_mining_status" time="0.103" /><testcase classname="tests.test_e2e_core_flows.TestGrowthNetwork" name="test_network_stats" time="0.141" /><testcase classname="tests.test_e2e_core_flows.TestGrowthNetwork" name="test_referral_list" time="0.125" /><testcase classname="tests.test_e2e_core_flows.TestRedeemLimit" name="test_redeem_limit" time="0.115" /><testcase classname="tests.test_e2e_core_flows.TestSubscription" name="test_subscription_plans" time="0.373" /><testcase classname="tests.test_e2e_core_flows.TestSubscription" name="test_user_subscription_history" time="0.118" /><testcase classname="tests.test_e2e_core_flows.TestUserProfile" name="test_get_user_profile" time="0.107" /><testcase classname="tests.test_e2e_core_flows.TestUserProfile" name="test_user_profile_excludes_sensitive_data" time="0.103" /><testcase classname="tests.test_e2e_core_flows.TestSecondaryUser" name="test_prc_user_network_stats" time="0.115" /><testcase classname="tests.test_e2e_core_flows.TestSecondaryUser" name="test_prc_user_redeem_limit" time="0.118" /></testsuite></testsuites>