<?xml version="1.0" encoding="utf-8"?><testsuites name="pytest tests"><testsuite name="pytest" errors="0" failures="0" skipped="0" tests="23" time="7.590" timestamp="2026-04-11T10:00:29.068920+00:00" hostname="agent-env-1402b158-3a1a-47dc-9046-ba754c78d940"><testcase classname="backend.tests.test_eko_refund_receipt_retry.TestReceiptEndpoint" name="test_receipt_nonexistent_request" time="0.152" /><testcase classname="backend.tests.test_eko_refund_receipt_retry.TestReceiptEndpoint" name="test_receipt_endpoint_exists" time="0.118" /><testcase classname="backend.tests.test_eko_refund_receipt_retry.TestReceiptEndpoint" name="test_receipt_without_user_id" time="0.145" /><testcase classname="backend.tests.test_eko_refund_receipt_retry.TestRetryEndpoint" name="test_retry_nonexistent_request" time="0.103" /><testcase classname="backend.tests.test_eko_refund_receipt_retry.TestRetryEndpoint" name="test_retry_endpoint_exists" time="0.143" /><testcase classname="backend.tests.test_eko_refund_receipt_retry.TestRetryEndpoint" name="test_retry_requires_user_id" time="0.142" /><testcase classname="backend.tests.test_eko_refund_receipt_retry.TestAdminEnquiryEndpoint" name="test_enquiry_nonexistent_request" time="0.112" /><testcase classname="backend.tests.test_eko_refund_receipt_retry.TestAdminEnquiryEndpoint" name="test_enquiry_endpoint_exists" time="0.142" /><testcase classname="backend.tests.test_eko_refund_receipt_retry.TestAdminRefundEndpoint" name="test_refund_nonexistent_request" time="0.105" /><testcase classname="backend.tests.test_eko_refund_receipt_retry.TestAdminRefundEndpoint" name="test_refund_endpoint_exists" time="0.137" /><testcase classname="backend.tests.test_eko_refund_receipt_retry.TestBBPSAdminDashboardEndpoints" name="test_bbps_requests_endpoint" time="0.113" /><testcase classname="backend.tests.test_eko_refund_receipt_retry.TestBBPSAdminDashboardEndpoints" name="test_bbps_requests_with_status_filter" time="0.108" /><testcase classname="backend.tests.test_eko_refund_receipt_retry.TestBBPSAdminDashboardEndpoints" name="test_bbps_requests_with_pending_filter" time="0.106" /><testcase classname="backend.tests.test_eko_refund_receipt_retry.TestBBPSAdminDashboardEndpoints" name="test_bbps_wallet_balance_endpoint" time="1.121" /><testcase classname="backend.tests.test_eko_refund_receipt_retry.TestRechargeHistoryEndpoint" name="test_history_returns_transactions" time="0.107" /><testcase classname="backend.tests.test_eko_refund_receipt_retry.TestRechargeHistoryEndpoint" name="test_history_returns_limits" time="0.104" /><testcase classname="backend.tests.test_eko_refund_receipt_retry.TestRechargeHistoryEndpoint" name="test_history_nonexistent_user" time="0.105" /><testcase classname="backend.tests.test_eko_refund_receipt_retry.TestBBPSRefundOTPEndpoints" name="test_resend_refund_otp_endpoint_exists" time="1.084" /><testcase classname="backend.tests.test_eko_refund_receipt_retry.TestBBPSRefundOTPEndpoints" name="test_verify_refund_otp_endpoint_exists" time="1.035" /><testcase classname="backend.tests.test_eko_refund_receipt_retry.TestEkoCheckRefundEndpoint" name="test_check_eko_refund_nonexistent" time="0.197" /><testcase classname="backend.tests.test_eko_refund_receipt_retry.TestEkoCheckRefundEndpoint" name="test_check_eko_refund_endpoint_exists" time="0.110" /><testcase classname="backend.tests.test_eko_refund_receipt_retry.TestStatusConfigMapping" name="test_recharge_operators_mobile" time="1.013" /><testcase classname="backend.tests.test_eko_refund_receipt_retry.TestStatusConfigMapping" name="test_recharge_operators_dth" time="1.019" /></testsuite></testsuites>