<?xml version="1.0" encoding="utf-8"?><testsuites name="pytest tests"><testsuite name="pytest" errors="0" failures="0" skipped="1" tests="9" time="32.389" timestamp="2026-02-27T12:41:04.733607+00:00" hostname="agent-env-cb4d82a0-56ad-4e25-87c9-cd7e81719f6b"><testcase classname="tests.test_eko_bill_payments.TestEkoConfig" name="test_eko_config_returns_configured_status" time="0.149" /><testcase classname="tests.test_eko_bill_payments.TestEkoConfig" name="test_eko_config_is_configured" time="0.111" /><testcase classname="tests.test_eko_bill_payments.TestEkoBBPSCategories" name="test_categories_returns_list" time="0.114" /><testcase classname="tests.test_eko_bill_payments.TestEkoBBPSCategories" name="test_categories_have_required_fields" time="0.116" /><testcase classname="tests.test_eko_bill_payments.TestEkoBBPSCategories" name="test_expected_categories_present" time="0.107" /><testcase classname="tests.test_eko_bill_payments.TestEkoBalance" name="test_balance_endpoint_returns_response" time="1.236" /><testcase classname="tests.test_eko_bill_payments.TestEkoBillers" name="test_billers_returns_fallback_or_data" time="30.079"><skipped type="pytest.skip" message="Eko API timeout - IP whitelisting issue expected in preview environment">/app/backend/tests/test_eko_bill_payments.py:127: Eko API timeout - IP whitelisting issue expected in preview environment</skipped></testcase><testcase classname="tests.test_eko_bill_payments.TestHealthEndpoint" name="test_health_check" time="0.263" /><testcase classname="tests.test_eko_bill_payments.TestBillPaymentRequest" name="test_bill_payment_request_endpoint_exists" time="0.111" /></testsuite></testsuites>