<?xml version="1.0" encoding="utf-8"?><testsuites name="pytest tests"><testsuite name="pytest" errors="0" failures="0" skipped="0" tests="9" time="5.391" timestamp="2026-08-10T05:51:04.699786+00:00" hostname="agent-env-1402b158-3a1a-47dc-9046-ba754c78d940"><testcase classname="backend.tests.test_employee_portal_payroll" name="test_login_disabled_by_default" time="0.484" /><testcase classname="backend.tests.test_employee_portal_payroll" name="test_admin_set_password_and_login_flow" time="0.355" /><testcase classname="backend.tests.test_employee_portal_payroll" name="test_change_password" time="0.634" /><testcase classname="backend.tests.test_employee_portal_payroll" name="test_lockout_after_failed_attempts" time="1.018" /><testcase classname="backend.tests.test_employee_portal_payroll" name="test_own_attendance_and_leave_flow" time="0.504" /><testcase classname="backend.tests.test_employee_portal_payroll" name="test_announcements_visibility" time="0.801" /><testcase classname="backend.tests.test_employee_portal_payroll" name="test_payroll_config_and_component_math" time="0.225" /><testcase classname="backend.tests.test_employee_portal_payroll" name="test_payroll_full_run_and_reports" time="0.962" /><testcase classname="backend.tests.test_employee_portal_payroll" name="test_orgchart_tree_and_cycle_detection" time="0.372" /></testsuite></testsuites>