<?xml version="1.0" encoding="utf-8"?><testsuites name="pytest tests"><testsuite name="pytest" errors="0" failures="0" skipped="0" tests="29" time="3.746" timestamp="2026-04-18T16:54:26.005525+00:00" hostname="agent-env-1402b158-3a1a-47dc-9046-ba754c78d940"><testcase classname="backend.tests.test_employee_management.TestEmployeeDepartments" name="test_get_departments_returns_lists" time="0.311" /><testcase classname="backend.tests.test_employee_management.TestEmployeeSearchUser" name="test_search_user_with_query" time="0.112" /><testcase classname="backend.tests.test_employee_management.TestEmployeeSearchUser" name="test_search_user_short_query_returns_empty" time="0.141" /><testcase classname="backend.tests.test_employee_management.TestEmployeeList" name="test_list_employees_returns_stats" time="0.116" /><testcase classname="backend.tests.test_employee_management.TestEmployeeList" name="test_list_employees_with_status_filter" time="0.112" /><testcase classname="backend.tests.test_employee_management.TestEmployeeDetail" name="test_get_employee_detail" time="0.113" /><testcase classname="backend.tests.test_employee_management.TestEmployeeDetail" name="test_get_nonexistent_employee_returns_404" time="0.106" /><testcase classname="backend.tests.test_employee_management.TestEmployeeAdd" name="test_add_employee_requires_fields" time="0.108" /><testcase classname="backend.tests.test_employee_management.TestEmployeeAdd" name="test_add_employee_nonexistent_user_returns_404" time="0.115" /><testcase classname="backend.tests.test_employee_management.TestEmployeeAdd" name="test_add_already_employee_returns_400" time="0.113" /><testcase classname="backend.tests.test_employee_management.TestEmployeeUpdate" name="test_update_employee_requires_employee_id" time="0.111" /><testcase classname="backend.tests.test_employee_management.TestEmployeeUpdate" name="test_update_nonexistent_employee_returns_404" time="0.104" /><testcase classname="backend.tests.test_employee_management.TestEmployeeResign" name="test_resign_requires_employee_id" time="0.108" /><testcase classname="backend.tests.test_employee_management.TestEmployeeResign" name="test_resign_nonexistent_employee_returns_404" time="0.147" /><testcase classname="backend.tests.test_employee_management.TestEmployeeAttendance" name="test_get_attendance_for_employee" time="0.108" /><testcase classname="backend.tests.test_employee_management.TestEmployeeAttendance" name="test_mark_single_attendance_requires_fields" time="0.112" /><testcase classname="backend.tests.test_employee_management.TestEmployeeAttendance" name="test_mark_attendance_invalid_status_returns_400" time="0.110" /><testcase classname="backend.tests.test_employee_management.TestEmployeeAttendance" name="test_bulk_attendance_requires_fields" time="0.126" /><testcase classname="backend.tests.test_employee_management.TestSalarySlip" name="test_generate_salary_slip" time="0.128" /><testcase classname="backend.tests.test_employee_management.TestSalarySlip" name="test_generate_salary_slip_nonexistent_employee" time="0.127" /><testcase classname="backend.tests.test_employee_management.TestSalarySlip" name="test_get_salary_slips_for_employee" time="0.133" /><testcase classname="backend.tests.test_employee_management.TestIDCard" name="test_get_id_card_data" time="0.122" /><testcase classname="backend.tests.test_employee_management.TestIDCard" name="test_get_id_card_nonexistent_employee" time="0.126" /><testcase classname="backend.tests.test_employee_management.TestPoolWallet" name="test_get_pool_balance" time="0.113" /><testcase classname="backend.tests.test_employee_management.TestPoolWallet" name="test_update_pool_settings" time="0.105" /><testcase classname="backend.tests.test_employee_management.TestPoolWallet" name="test_distribute_pool" time="0.117" /><testcase classname="backend.tests.test_employee_management.TestPoolWallet" name="test_post_salary" time="0.140" /><testcase classname="backend.tests.test_employee_management.TestPoolWallet" name="test_get_pool_transactions" time="0.154" /><testcase classname="backend.tests.test_employee_management.TestSalaryBreakdownCalculation" name="test_salary_breakdown_in_employee_list" time="0.119" /></testsuite></testsuites>