<?xml version="1.0" encoding="utf-8"?><testsuites name="pytest tests"><testsuite name="pytest" errors="0" failures="0" skipped="0" tests="7" time="2.237" timestamp="2026-06-26T04:47:23.877601+00:00" hostname="agent-env-1402b158-3a1a-47dc-9046-ba754c78d940"><testcase classname="backend.tests.test_explorer_burn_and_mall_cancel_v330" name="test_explorer_collect_burns_and_writes_ledger_debit" time="0.765" /><testcase classname="backend.tests.test_explorer_burn_and_mall_cancel_v330" name="test_ad_reward_credits_user_for_explorer" time="0.448" /><testcase classname="backend.tests.test_explorer_burn_and_mall_cancel_v330" name="test_elite_collect_credits_wallet" time="0.546" /><testcase classname="backend.tests.test_explorer_burn_and_mall_cancel_v330" name="test_mall_cancel_refunds_upfront_and_burns_mined" time="0.144" /><testcase classname="backend.tests.test_explorer_burn_and_mall_cancel_v330" name="test_cancel_ownership_guard_403" time="0.105" /><testcase classname="backend.tests.test_explorer_burn_and_mall_cancel_v330" name="test_cancel_status_guard_400" time="0.110" /><testcase classname="backend.tests.test_explorer_burn_and_mall_cancel_v330" name="test_prc_statement_query_surfaces_all_four_entries" time="0.002" /></testsuite></testsuites>