<?xml version="1.0" encoding="utf-8"?><testsuites name="pytest tests"><testsuite name="pytest" errors="0" failures="2" skipped="0" tests="16" time="1.268" timestamp="2026-01-01T08:35:45.569978+00:00" hostname="agent-env-6ba011ec-3be8-464a-89b8-c25f9308c29d"><testcase classname="tests.test_financial_management.TestAdminLogin" name="test_admin_login" time="0.098" /><testcase classname="tests.test_financial_management.TestUserLedgerAPI" name="test_get_all_user_ledger" time="0.069" /><testcase classname="tests.test_financial_management.TestUserLedgerAPI" name="test_get_user_ledger_with_filters" time="0.146" /><testcase classname="tests.test_financial_management.TestUserLedgerAPI" name="test_get_specific_user_ledger" time="0.125" /><testcase classname="tests.test_financial_management.TestUserLedgerAPI" name="test_user_ledger_nonexistent_user" time="0.038"><failure message="AssertionError: Expected 404 for non-existent user, got: 520&#10;assert 520 == 404&#10; +  where 520 = &lt;Response [520]&gt;.status_code">tests/test_financial_management.py:118: in test_user_ledger_nonexistent_user
    assert response.status_code == 404, f"Expected 404 for non-existent user, got: {response.status_code}"
E   AssertionError: Expected 404 for non-existent user, got: 520
E   assert 520 == 404
E    +  where 520 = &lt;Response [520]&gt;.status_code</failure></testcase><testcase classname="tests.test_financial_management.TestRedeemSettingsAPI" name="test_get_redeem_settings" time="0.039" /><testcase classname="tests.test_financial_management.TestRedeemSettingsAPI" name="test_update_redeem_settings" time="0.187" /><testcase classname="tests.test_financial_management.TestRedeemSettingsAPI" name="test_update_redeem_settings_validation" time="0.034"><failure message="AssertionError: Expected 400 for missing required field, got: 520&#10;assert 520 == 400&#10; +  where 520 = &lt;Response [520]&gt;.status_code">tests/test_financial_management.py:206: in test_update_redeem_settings_validation
    assert response.status_code == 400, f"Expected 400 for missing required field, got: {response.status_code}"
E   AssertionError: Expected 400 for missing required field, got: 520
E   assert 520 == 400
E    +  where 520 = &lt;Response [520]&gt;.status_code</failure></testcase><testcase classname="tests.test_financial_management.TestProfitLossAPI" name="test_get_monthly_pl_report" time="0.039" /><testcase classname="tests.test_financial_management.TestProfitLossAPI" name="test_get_monthly_pl_with_params" time="0.037" /><testcase classname="tests.test_financial_management.TestProfitLossAPI" name="test_save_pl_snapshot" time="0.055" /><testcase classname="tests.test_financial_management.TestProfitLossAPI" name="test_get_pl_snapshots" time="0.035" /><testcase classname="tests.test_financial_management.TestReconciliationAPI" name="test_get_reconciliation_status" time="0.038" /><testcase classname="tests.test_financial_management.TestReconciliationAPI" name="test_run_manual_reconciliation" time="0.041" /><testcase classname="tests.test_financial_management.TestReconciliationAPI" name="test_get_reconciliation_history" time="0.039" /><testcase classname="tests.test_financial_management.TestExportEndpoints" name="test_export_user_ledger" time="0.087" /></testsuite></testsuites>