<?xml version="1.0" encoding="utf-8"?><testsuites name="pytest tests"><testsuite name="pytest" errors="0" failures="0" skipped="0" tests="6" time="1.780" timestamp="2026-07-14T07:02:34.597226+00:00" hostname="agent-env-1402b158-3a1a-47dc-9046-ba754c78d940"><testcase classname="backend.tests.test_first_payout_queue_full" name="test_queue_shape_and_newbie_included" time="0.276" /><testcase classname="backend.tests.test_first_payout_queue_full" name="test_veteran_excluded" time="0.191" /><testcase classname="backend.tests.test_first_payout_queue_full" name="test_get_threshold_env_source" time="0.176" /><testcase classname="backend.tests.test_first_payout_queue_full" name="test_post_threshold_persist_and_null_restore" time="0.383" /><testcase classname="backend.tests.test_first_payout_queue_full" name="test_mark_paid_with_admin_id_and_remark" time="0.460" /><testcase classname="backend.tests.test_first_payout_queue_full" name="test_post_threshold_bad_value" time="0.176" /></testsuite></testsuites>