<?xml version="1.0" encoding="utf-8"?><testsuites name="pytest tests"><testsuite name="pytest" errors="0" failures="0" skipped="0" tests="14" time="4.860" timestamp="2026-03-14T17:54:47.657513+00:00" hostname="agent-env-a6e4e844-d9df-4302-9654-9e219d70fd4b"><testcase classname="backend.tests.test_futuristic_mining_dashboard.TestMiningStatusAPI" name="test_mining_status_returns_valid_data" time="0.785" /><testcase classname="backend.tests.test_futuristic_mining_dashboard.TestMiningStatusAPI" name="test_mining_status_has_referral_breakdown" time="0.295" /><testcase classname="backend.tests.test_futuristic_mining_dashboard.TestMiningStatusAPI" name="test_mining_status_has_session_info" time="0.284" /><testcase classname="backend.tests.test_futuristic_mining_dashboard.TestMiningStatusAPI" name="test_mining_status_invalid_user" time="0.286" /><testcase classname="backend.tests.test_futuristic_mining_dashboard.TestMiningStartAPI" name="test_mining_start_success" time="0.068" /><testcase classname="backend.tests.test_futuristic_mining_dashboard.TestMiningStartAPI" name="test_mining_start_already_active" time="0.120" /><testcase classname="backend.tests.test_futuristic_mining_dashboard.TestMiningStartAPI" name="test_mining_start_invalid_user" time="0.070" /><testcase classname="backend.tests.test_futuristic_mining_dashboard.TestMiningClaimAPI" name="test_mining_claim_paid_user_success" time="0.996" /><testcase classname="backend.tests.test_futuristic_mining_dashboard.TestMiningClaimAPI" name="test_mining_claim_invalid_user" time="0.065" /><testcase classname="backend.tests.test_futuristic_mining_dashboard.TestMiningRateCalculation" name="test_mining_rate_is_positive" time="0.734" /><testcase classname="backend.tests.test_futuristic_mining_dashboard.TestMiningRateCalculation" name="test_base_rate_is_reasonable" time="0.289" /><testcase classname="backend.tests.test_futuristic_mining_dashboard.TestUserRedemptionStats" name="test_redemption_stats_exists" time="0.276" /><testcase classname="backend.tests.test_futuristic_mining_dashboard.TestUserRedemptionStats" name="test_user_profile_has_balance" time="0.506" /><testcase classname="backend.tests.test_futuristic_mining_dashboard.TestHealthCheck" name="test_api_health" time="0.058" /></testsuite></testsuites>