<?xml version="1.0" encoding="utf-8"?><testsuites name="pytest tests"><testsuite name="pytest" errors="0" failures="5" skipped="0" tests="14" time="9.018" timestamp="2026-07-04T05:23:54.595052+00:00" hostname="agent-env-1402b158-3a1a-47dc-9046-ba754c78d940"><testcase classname="backend.tests.test_global_redeem_limit_toggle.TestAuthGuards" name="test_get_without_auth_returns_401" time="0.316" /><testcase classname="backend.tests.test_global_redeem_limit_toggle.TestAuthGuards" name="test_post_without_auth_returns_401" time="0.143" /><testcase classname="backend.tests.test_global_redeem_limit_toggle.TestAdminGet" name="test_get_returns_defaults_when_no_doc" time="0.367" /><testcase classname="backend.tests.test_global_redeem_limit_toggle.TestPostValidation" name="test_post_missing_enabled_returns_400" time="0.110" /><testcase classname="backend.tests.test_global_redeem_limit_toggle.TestPostValidation" name="test_post_out_of_range_high_returns_400" time="0.135" /><testcase classname="backend.tests.test_global_redeem_limit_toggle.TestPostValidation" name="test_post_out_of_range_negative_returns_400" time="0.139" /><testcase classname="backend.tests.test_global_redeem_limit_toggle.TestToggleRoundTrip" name="test_disable_and_verify_persisted" time="0.685" /><testcase classname="backend.tests.test_global_redeem_limit_toggle.TestUserRedeemLimitCascade" name="test_flat_active_when_disabled" time="1.307" /><testcase classname="backend.tests.test_global_redeem_limit_toggle.TestUserRedeemLimitCascade" name="test_global_formula_enabled_field_present_when_disabled" time="0.904"><failure message="AssertionError: Response missing 'global_formula_enabled' field. limit keys=['unlock_percent', 'network_size', 'growth_level', 'total_earned', 'total_mined', 'redeemable', 'total_limit', 'total_redeemed', 'available', 'effective_available', 'current_balance', 'remaining_limit', 'available_prc', 'effective_remaining', 'usage_percentage', 'unlimited', 'override_active', 'override_value', 'override_reason', 'note'], body keys=['success', 'user_id', 'limit']&#10;assert False">backend/tests/test_global_redeem_limit_toggle.py:251: in test_global_formula_enabled_field_present_when_disabled
    assert found, (
E   AssertionError: Response missing 'global_formula_enabled' field. limit keys=['unlock_percent', 'network_size', 'growth_level', 'total_earned', 'total_mined', 'redeemable', 'total_limit', 'total_redeemed', 'available', 'effective_available', 'current_balance', 'remaining_limit', 'available_prc', 'effective_remaining', 'usage_percentage', 'unlimited', 'override_active', 'override_value', 'override_reason', 'note'], body keys=['success', 'user_id', 'limit']
E   assert False</failure></testcase><testcase classname="backend.tests.test_global_redeem_limit_toggle.TestUserRedeemLimitCascade" name="test_network_formula_restored_when_enabled" time="0.856"><failure message="AssertionError: Expected 0% unlock (network formula, no downline), got 85.0&#10;assert 85.0 == 0.0&#10; +  where 85.0 = float(85.0)&#10; +    where 85.0 = &lt;built-in method get of dict object at 0xfa26fd57d600&gt;('unlock_percent', -1)&#10; +      where &lt;built-in method get of dict object at 0xfa26fd57d600&gt; = {'available': 55356.3, 'available_prc': 78157.75, 'current_balance': 78157.75, 'effective_available': 55356.3, ...}.get">backend/tests/test_global_redeem_limit_toggle.py:272: in test_network_formula_restored_when_enabled
    assert float(limit.get("unlock_percent", -1)) == 0.0, (
E   AssertionError: Expected 0% unlock (network formula, no downline), got 85.0
E   assert 85.0 == 0.0
E    +  where 85.0 = float(85.0)
E    +    where 85.0 = &lt;built-in method get of dict object at 0xfa26fd57d600&gt;('unlock_percent', -1)
E    +      where &lt;built-in method get of dict object at 0xfa26fd57d600&gt; = {'available': 55356.3, 'available_prc': 78157.75, 'current_balance': 78157.75, 'effective_available': 55356.3, ...}.get</failure></testcase><testcase classname="backend.tests.test_global_redeem_limit_toggle.TestUserRedeemLimitCascade" name="test_global_formula_enabled_field_true_when_enabled" time="0.903"><failure message="AssertionError: Response missing 'global_formula_enabled' field when toggle is ON.&#10;assert False">backend/tests/test_global_redeem_limit_toggle.py:288: in test_global_formula_enabled_field_true_when_enabled
    assert found, (
E   AssertionError: Response missing 'global_formula_enabled' field when toggle is ON.
E   assert False</failure></testcase><testcase classname="backend.tests.test_global_redeem_limit_toggle.TestCacheInvalidation" name="test_change_reflects_immediately_after_post" time="1.773"><failure message="AssertionError: Cache not invalidated — expected 60%, got 85.0&#10;assert 85.0 == 60.0&#10; +  where 85.0 = float(85.0)&#10; +    where 85.0 = &lt;built-in method get of dict object at 0xfa26fd58e3c0&gt;('unlock_percent', 0)&#10; +      where &lt;built-in method get of dict object at 0xfa26fd58e3c0&gt; = {'available': 55356.3, 'available_prc': 78157.75, 'current_balance': 78157.75, 'effective_available': 55356.3, ...}.get">backend/tests/test_global_redeem_limit_toggle.py:329: in test_change_reflects_immediately_after_post
    assert float(limit.get("unlock_percent", 0)) == 60.0, (
E   AssertionError: Cache not invalidated — expected 60%, got 85.0
E   assert 85.0 == 60.0
E    +  where 85.0 = float(85.0)
E    +    where 85.0 = &lt;built-in method get of dict object at 0xfa26fd58e3c0&gt;('unlock_percent', 0)
E    +      where &lt;built-in method get of dict object at 0xfa26fd58e3c0&gt; = {'available': 55356.3, 'available_prc': 78157.75, 'current_balance': 78157.75, 'effective_available': 55356.3, ...}.get</failure></testcase><testcase classname="backend.tests.test_global_redeem_limit_toggle.TestOverrideInteraction" name="test_override_respected_when_flat_active" time="0.874"><failure message="AssertionError: Expected override_active=True. limit={'unlock_percent': 85.0, 'network_size': 0, 'growth_level': 0, 'total_earned': 78157.75, 'total_mined': 152009.69, 'redeemable': 129208.24, 'total_limit': 129208.24, 'total_redeemed': 73851.94, 'available': 55356.3, 'effective_available': 55356.3, 'current_balance': 78157.75, 'remaining_limit': 55356.3, 'available_prc': 78157.75, 'effective_remaining': 55356.3, 'usage_percentage': 57.16, 'unlimited': False, 'override_active': False, 'override_value': 0, 'override_reason': None, 'note': 'Dynamic limit based on Growth Network. Grow your network to unlock more.'}&#10;assert False is True&#10; +  where False = &lt;built-in method get of dict object at 0xfa26fd598100&gt;('override_active')&#10; +    where &lt;built-in method get of dict object at 0xfa26fd598100&gt; = {'available': 55356.3, 'available_prc': 78157.75, 'current_balance': 78157.75, 'effective_available': 55356.3, ...}.get">backend/tests/test_global_redeem_limit_toggle.py:359: in test_override_respected_when_flat_active
    assert limit.get("override_active") is True, (
E   AssertionError: Expected override_active=True. limit={'unlock_percent': 85.0, 'network_size': 0, 'growth_level': 0, 'total_earned': 78157.75, 'total_mined': 152009.69, 'redeemable': 129208.24, 'total_limit': 129208.24, 'total_redeemed': 73851.94, 'available': 55356.3, 'effective_available': 55356.3, 'current_balance': 78157.75, 'remaining_limit': 55356.3, 'available_prc': 78157.75, 'effective_remaining': 55356.3, 'usage_percentage': 57.16, 'unlimited': False, 'override_active': False, 'override_value': 0, 'override_reason': None, 'note': 'Dynamic limit based on Growth Network. Grow your network to unlock more.'}
E   assert False is True
E    +  where False = &lt;built-in method get of dict object at 0xfa26fd598100&gt;('override_active')
E    +    where &lt;built-in method get of dict object at 0xfa26fd598100&gt; = {'available': 55356.3, 'available_prc': 78157.75, 'current_balance': 78157.75, 'effective_available': 55356.3, ...}.get</failure></testcase><testcase classname="backend.tests.test_global_redeem_limit_toggle.TestRegressionMonthlyRedeem" name="test_monthly_redeem_settings_still_work" time="0.335" /></testsuite></testsuites>