<?xml version="1.0" encoding="utf-8"?><testsuites name="pytest tests"><testsuite name="pytest" errors="0" failures="0" skipped="0" tests="27" time="3.055" timestamp="2026-03-28T06:00:27.294902+00:00" hostname="agent-env-6c7a3faa-545b-4e27-b1e8-7a5bf5cbb3f1"><testcase classname="backend.tests.test_growth_economy.TestHealthCheck" name="test_api_health" time="0.303" /><testcase classname="backend.tests.test_growth_economy.TestEconomySettings" name="test_get_economy_settings_success" time="0.143" /><testcase classname="backend.tests.test_growth_economy.TestEconomySettings" name="test_economy_settings_default_values" time="0.108" /><testcase classname="backend.tests.test_growth_economy.TestPRCRate" name="test_get_prc_rate_success" time="0.099" /><testcase classname="backend.tests.test_growth_economy.TestPRCRate" name="test_prc_rate_description_format" time="0.110" /><testcase classname="backend.tests.test_growth_economy.TestCalculateRedeem" name="test_calculate_redeem_1000_prc" time="0.141" /><testcase classname="backend.tests.test_growth_economy.TestCalculateRedeem" name="test_calculate_redeem_formula_verification" time="0.238" /><testcase classname="backend.tests.test_growth_economy.TestCalculateRedeem" name="test_calculate_redeem_breakdown_field" time="0.170" /><testcase classname="backend.tests.test_growth_economy.TestCalculateRedeem" name="test_calculate_redeem_negative_value" time="0.105" /><testcase classname="backend.tests.test_growth_economy.TestCalculateRedeem" name="test_calculate_redeem_zero_value" time="0.102" /><testcase classname="backend.tests.test_growth_economy.TestCalculateRedeem" name="test_calculate_redeem_various_amounts" time="0.525" /><testcase classname="backend.tests.test_growth_economy.TestCalculateRedeemINR" name="test_calculate_redeem_inr_500" time="0.097" /><testcase classname="backend.tests.test_growth_economy.TestCalculateRedeemINR" name="test_calculate_redeem_inr_formula" time="0.127" /><testcase classname="backend.tests.test_growth_economy.TestCalculateRedeemINR" name="test_calculate_redeem_inr_negative_value" time="0.099" /><testcase classname="backend.tests.test_growth_economy.TestCalculateRedeemINR" name="test_calculate_redeem_inr_zero_value" time="0.104" /><testcase classname="backend.tests.test_growth_economy.TestMiningFormula" name="test_mining_formula_calculation" time="0.000" /><testcase classname="backend.tests.test_growth_economy.TestMiningFormula" name="test_mining_formula_min_value" time="0.000" /><testcase classname="backend.tests.test_growth_economy.TestMiningFormula" name="test_mining_formula_max_value" time="0.000" /><testcase classname="backend.tests.test_growth_economy.TestNetworkCapFormula" name="test_network_cap_formula_calculation" time="0.000" /><testcase classname="backend.tests.test_growth_economy.TestNetworkCapFormula" name="test_network_cap_base_value" time="0.000" /><testcase classname="backend.tests.test_growth_economy.TestNetworkCapFormula" name="test_network_cap_max_value" time="0.000" /><testcase classname="backend.tests.test_growth_economy.TestNetworkCapFormula" name="test_network_cap_increment" time="0.000" /><testcase classname="backend.tests.test_growth_economy.TestAdminEndpoints" name="test_admin_update_economy_settings" time="0.112" /><testcase classname="backend.tests.test_growth_economy.TestAdminEndpoints" name="test_admin_invalid_redeem_percent" time="0.093" /><testcase classname="backend.tests.test_growth_economy.TestAdminEndpoints" name="test_admin_set_prc_rate" time="0.101" /><testcase classname="backend.tests.test_growth_economy.TestAdminEndpoints" name="test_admin_remove_prc_override" time="0.100" /><testcase classname="backend.tests.test_growth_economy.TestExampleCalculation" name="test_example_calculation_at_rate_11" time="0.101" /></testsuite></testsuites>