<?xml version="1.0" encoding="utf-8"?><testsuites name="pytest tests"><testsuite name="pytest" errors="0" failures="0" skipped="0" tests="14" time="5.419" timestamp="2026-06-30T08:38:16.508994+00:00" hostname="agent-env-1402b158-3a1a-47dc-9046-ba754c78d940"><testcase classname="tests.test_iter_final_e2e_preview" name="test_mall_products_v2_pricing_no_gst" time="0.422" /><testcase classname="tests.test_iter_final_e2e_preview" name="test_mall_v2_featured_enriched_pricing" time="0.109" /><testcase classname="tests.test_iter_final_e2e_preview" name="test_mall_v2_mining_preview" time="0.225" /><testcase classname="tests.test_iter_final_e2e_preview" name="test_admin_pipeline_5_columns" time="0.397" /><testcase classname="tests.test_iter_final_e2e_preview" name="test_admin_ai_generate_product_draft" time="3.276" /><testcase classname="tests.test_iter_final_e2e_preview" name="test_unified_spend_summary" time="0.112" /><testcase classname="tests.test_iter_final_e2e_preview" name="test_unified_spend_top_spenders" time="0.100" /><testcase classname="tests.test_iter_final_e2e_preview" name="test_unified_spend_non_admin_blocked" time="0.100" /><testcase classname="tests.test_iter_final_e2e_preview" name="test_unified_spend_user_santosh" time="0.108" /><testcase classname="tests.test_iter_final_e2e_preview" name="test_user_subscription_cap" time="0.107" /><testcase classname="tests.test_iter_final_e2e_preview" name="test_santosh_zero_cap" time="0.101" /><testcase classname="tests.test_iter_final_e2e_preview" name="test_subscription_cap_idor" time="0.118" /><testcase classname="tests.test_iter_final_e2e_preview" name="test_subscription_cap_leaderboard" time="0.098" /><testcase classname="tests.test_iter_final_e2e_preview" name="test_preview_root_reachable" time="0.103" /></testsuite></testsuites>