<?xml version="1.0" encoding="utf-8"?><testsuites name="pytest tests"><testsuite name="pytest" errors="0" failures="0" skipped="0" tests="14" time="4.442" timestamp="2026-01-09T12:44:17.757615+00:00" hostname="agent-env-9c8e502b-4e81-41e1-b43e-c7a7f9669e30"><testcase classname="tests.test_new_features_iteration20.TestKYCFlow" name="test_kyc_submit_endpoint_exists" time="0.410" /><testcase classname="tests.test_new_features_iteration20.TestKYCFlow" name="test_kyc_list_endpoint" time="0.369" /><testcase classname="tests.test_new_features_iteration20.TestVIPPaymentFlow" name="test_vip_plans_endpoint" time="0.331" /><testcase classname="tests.test_new_features_iteration20.TestVIPPaymentFlow" name="test_vip_payment_config_endpoint" time="0.331" /><testcase classname="tests.test_new_features_iteration20.TestVIPPaymentFlow" name="test_vip_payment_submit_endpoint" time="0.342" /><testcase classname="tests.test_new_features_iteration20.TestVIPPaymentFlow" name="test_vip_transactions_endpoint" time="0.337" /><testcase classname="tests.test_new_features_iteration20.TestVIPPaymentFlow" name="test_admin_vip_payments_endpoint" time="0.332" /><testcase classname="tests.test_new_features_iteration20.TestBillPaymentFlow" name="test_bill_payment_request_endpoint_exists" time="0.368" /><testcase classname="tests.test_new_features_iteration20.TestBillPaymentFlow" name="test_bill_payment_requests_list" time="0.371" /><testcase classname="tests.test_new_features_iteration20.TestGiftVoucherFlow" name="test_gift_voucher_request_endpoint_exists" time="0.366" /><testcase classname="tests.test_new_features_iteration20.TestGiftVoucherFlow" name="test_gift_voucher_redeem_endpoint_check" time="0.328" /><testcase classname="tests.test_new_features_iteration20.TestGiftVoucherFlow" name="test_gift_voucher_requests_list" time="0.372" /><testcase classname="tests.test_new_features_iteration20.TestAdminLogin" name="test_admin_login" time="0.036" /><testcase classname="tests.test_new_features_iteration20.TestAdminLogin" name="test_user_login" time="0.035" /></testsuite></testsuites>