<?xml version="1.0" encoding="utf-8"?><testsuites name="pytest tests"><testsuite name="pytest" errors="0" failures="0" skipped="1" tests="32" time="17.197" timestamp="2026-06-30T08:35:22.997811+00:00" hostname="agent-env-1402b158-3a1a-47dc-9046-ba754c78d940"><testcase classname="tests.test_mall_v2_sub_batch_b.TestFeatured" name="test_featured_returns_products" time="0.244" /><testcase classname="tests.test_mall_v2_sub_batch_b.TestMiningPreview" name="test_mining_preview_returns_estimates" time="0.384" /><testcase classname="tests.test_mall_v2_sub_batch_b.TestMiningPreview" name="test_mining_preview_unauthenticated" time="0.133" /><testcase classname="tests.test_mall_v2_sub_batch_b.TestAdminAIProduct" name="test_admin_ai_generate_product" time="3.949" /><testcase classname="tests.test_mall_v2_sub_batch_b.TestAdminAIProduct" name="test_non_admin_blocked_on_ai_product" time="0.109" /><testcase classname="tests.test_mall_v2_sub_batch_b.TestAdminAIImage" name="test_admin_ai_generate_image" time="6.875" /><testcase classname="tests.test_mall_v2_sub_batch_b.TestAdminAIImage" name="test_non_admin_blocked_on_ai_image" time="0.107" /><testcase classname="tests.test_mall_v2_sub_batch_b.TestAdminPipeline" name="test_pipeline_structure" time="0.106" /><testcase classname="tests.test_mall_v2_sub_batch_b.TestAdminPipeline" name="test_non_admin_blocked_on_pipeline" time="0.101" /><testcase classname="tests.test_mall_v2_sub_batch_b.TestAdminPipeline" name="test_advance_booking_status" time="0.933" /><testcase classname="tests.test_mall_v2_pricing_model.TestV2PricingFormula" name="test_pricing_breakdown_15000" time="0.256" /><testcase classname="tests.test_mall_v2_pricing_model.TestFeaturedEnrichment" name="test_featured_includes_pricing_fields" time="0.101" /><testcase classname="tests.test_mall_v2_pricing_model.TestMiningPreviewV2" name="test_remaining_equals_total" time="0.217" /><testcase classname="tests.test_mall_v2_pricing_model.TestV2BookAndCancel" name="test_book_then_cancel_v2" time="0.837" /><testcase classname="tests.test_mall_v2_pricing_model.TestLegacyBackCompat" name="test_legacy_burn_branch_exists_in_source" time="0.000" /><testcase classname="tests.test_unified_spend" name="test_summary_returns_categories" time="0.258" /><testcase classname="tests.test_unified_spend" name="test_summary_filter_by_category" time="0.194" /><testcase classname="tests.test_unified_spend" name="test_top_spenders" time="0.094" /><testcase classname="tests.test_unified_spend" name="test_per_user_breakdown" time="0.193" /><testcase classname="tests.test_unified_spend" name="test_non_admin_blocked" time="0.255" /><testcase classname="tests.test_unified_spend" name="test_migration_traceability" time="0.247" /><testcase classname="tests.test_subscription_redeem_cap" name="test_user_with_subs_has_positive_cap" time="0.254" /><testcase classname="tests.test_subscription_redeem_cap" name="test_user_without_subs_has_zero_cap" time="0.248" /><testcase classname="tests.test_subscription_redeem_cap" name="test_idor_protection" time="0.098" /><testcase classname="tests.test_subscription_redeem_cap" name="test_leaderboard_returns_sorted" time="0.106" /><testcase classname="tests.test_subscription_redeem_cap" name="test_cap_blocks_zero_sub_user_for_bbps" time="0.100" /><testcase classname="tests.test_subscription_redeem_cap" name="test_per_subscription_constant" time="0.301" /><testcase classname="tests.test_mall_mining_subscription_gate" name="test_helper_blocks_explorer_user" time="0.179" /><testcase classname="tests.test_mall_mining_subscription_gate" name="test_helper_blocks_expired_user" time="0.002" /><testcase classname="tests.test_mall_mining_subscription_gate" name="test_helper_blocks_subscription_expired_flag" time="0.002" /><testcase classname="tests.test_mall_mining_subscription_gate" name="test_helper_allows_active_paid_user" time="0.002" /><testcase classname="tests.test_mall_mining_subscription_gate" name="test_endpoint_gates_via_live_http" time="0.000"><skipped type="pytest.skip" message="REACT_APP_BACKEND_URL not set">/app/backend/tests/test_mall_mining_subscription_gate.py:145: REACT_APP_BACKEND_URL not set</skipped></testcase></testsuite></testsuites>