<?xml version="1.0" encoding="utf-8"?><testsuites name="pytest tests"><testsuite name="pytest" errors="0" failures="0" skipped="0" tests="15" time="4.311" timestamp="2026-02-19T14:35:17.107525+00:00" hostname="agent-env-90008717-2a3e-4433-8888-d1d27a6fe659"><testcase classname="backend.tests.test_kyc_sync_recovery.TestKYCCheckStatus" name="test_check_status_nonexistent_user" time="0.312" /><testcase classname="backend.tests.test_kyc_sync_recovery.TestKYCCheckStatus" name="test_check_status_existing_user" time="0.138" /><testcase classname="backend.tests.test_kyc_sync_recovery.TestKYCCheckStatus" name="test_check_status_response_fields" time="0.126" /><testcase classname="backend.tests.test_kyc_sync_recovery.TestResyncByEmail" name="test_resync_missing_identifier" time="0.061" /><testcase classname="backend.tests.test_kyc_sync_recovery.TestResyncByEmail" name="test_resync_nonexistent_user" time="0.059" /><testcase classname="backend.tests.test_kyc_sync_recovery.TestResyncByEmail" name="test_resync_existing_user" time="0.160" /><testcase classname="backend.tests.test_kyc_sync_recovery.TestResetForResubmit" name="test_reset_nonexistent_user" time="0.092" /><testcase classname="backend.tests.test_kyc_sync_recovery.TestResetForResubmit" name="test_reset_verified_user_blocked" time="0.163" /><testcase classname="backend.tests.test_kyc_sync_recovery.TestOrphanedRequests" name="test_get_orphaned_requests" time="0.077" /><testcase classname="backend.tests.test_kyc_sync_recovery.TestOrphanedRequests" name="test_orphaned_requests_pagination" time="0.059" /><testcase classname="backend.tests.test_kyc_sync_recovery.TestFixAllOrphaned" name="test_fix_all_orphaned_endpoint" time="0.712" /><testcase classname="backend.tests.test_kyc_sync_recovery.TestAutoSyncLogic" name="test_auto_sync_detection" time="0.844" /><testcase classname="backend.tests.test_kyc_sync_recovery.TestEndpointAccessibility" name="test_health_check" time="0.062" /><testcase classname="backend.tests.test_kyc_sync_recovery.TestEndpointAccessibility" name="test_kyc_stats_endpoint" time="0.546" /><testcase classname="backend.tests.test_kyc_sync_recovery.TestEndpointAccessibility" name="test_kyc_list_endpoint" time="0.689" /></testsuite></testsuites>