<?xml version="1.0" encoding="utf-8"?><testsuites name="pytest tests"><testsuite name="pytest" errors="0" failures="0" skipped="0" tests="10" time="0.981" timestamp="2026-08-02T13:37:40.959724+00:00" hostname="agent-env-1402b158-3a1a-47dc-9046-ba754c78d940"><testcase classname="tests.test_layer3_bound_user_arrays_e2e.TestBoundUserArraysAuth" name="test_no_token_returns_401" time="0.290" /><testcase classname="tests.test_layer3_bound_user_arrays_e2e.TestBoundUserArraysAuth" name="test_non_admin_token_returns_403" time="0.115" /><testcase classname="tests.test_layer3_bound_user_arrays_e2e.TestBoundUserArraysRun" name="test_first_run_success" time="0.107" /><testcase classname="tests.test_layer3_bound_user_arrays_e2e.TestBoundUserArraysRun" name="test_idempotent_second_run" time="0.101" /><testcase classname="tests.test_layer3_bound_user_arrays_e2e.TestUsersDocHistogram" name="test_avg_bytes_below_5kb" time="0.102" /><testcase classname="tests.test_layer3_bound_user_arrays_e2e.TestMiningHistoryArchiveIndexes" name="test_archive_indexes_exist" time="0.060" /><testcase classname="tests.test_layer3_bound_user_arrays_e2e.TestUser360Regression" name="test_user360_returns_ok" time="0.150" /><testcase classname="tests.test_layer3_bound_user_arrays_e2e.TestPrcEmbedLength" name="test_elite_prc_transactions_length_capped" time="0.004" /><testcase classname="tests.test_layer3_bound_user_arrays_e2e.TestPrcEmbedLength" name="test_all_users_capped" time="0.004" /><testcase classname="tests.test_layer3_bound_user_arrays_e2e.TestArchivePopulated" name="test_archive_has_rows" time="0.004" /></testsuite></testsuites>