<?xml version="1.0" encoding="utf-8"?><testsuites name="pytest tests"><testsuite name="pytest" errors="0" failures="2" skipped="0" tests="12" time="0.676" timestamp="2026-01-06T05:57:03.731044+00:00" hostname="agent-env-e23fa5ff-904c-4520-9f9d-01ff748623c5"><testcase classname="tests.test_live_features.TestLiveStatsAPI" name="test_live_stats_endpoint_exists" time="0.083" /><testcase classname="tests.test_live_features.TestLiveStatsAPI" name="test_live_stats_response_structure" time="0.044" /><testcase classname="tests.test_live_features.TestLiveStatsAPI" name="test_live_stats_data_types" time="0.042" /><testcase classname="tests.test_live_features.TestLiveStatsAPI" name="test_live_stats_values_non_negative" time="0.043" /><testcase classname="tests.test_live_features.TestLiveStatsAPI" name="test_live_stats_no_auth_required" time="0.085" /><testcase classname="tests.test_live_features.TestUserDashboardAPIs" name="test_user_login" time="0.039"><failure message="AssertionError: Unexpected status: 422&#10;assert 422 in [200, 401]&#10; +  where 422 = &lt;Response [422]&gt;.status_code">tests/test_live_features.py:78: in test_user_login
    assert response.status_code in [200, 401], f"Unexpected status: {response.status_code}"
E   AssertionError: Unexpected status: 422
E   assert 422 in [200, 401]
E    +  where 422 = &lt;Response [422]&gt;.status_code</failure></testcase><testcase classname="tests.test_live_features.TestUserDashboardAPIs" name="test_admin_login" time="0.036"><failure message="AssertionError: Admin login failed: 422&#10;assert 422 == 200&#10; +  where 422 = &lt;Response [422]&gt;.status_code">tests/test_live_features.py:86: in test_admin_login
    assert response.status_code == 200, f"Admin login failed: {response.status_code}"
E   AssertionError: Admin login failed: 422
E   assert 422 == 200
E    +  where 422 = &lt;Response [422]&gt;.status_code</failure></testcase><testcase classname="tests.test_live_features.TestMasterSummaryAPI" name="test_master_summary_endpoint" time="0.048" /><testcase classname="tests.test_live_features.TestMasterSummaryAPI" name="test_master_summary_structure" time="0.051" /><testcase classname="tests.test_live_features.TestMasterSummaryAPI" name="test_master_summary_income_breakdown" time="0.042" /><testcase classname="tests.test_live_features.TestMasterSummaryAPI" name="test_master_summary_expense_breakdown" time="0.043" /><testcase classname="tests.test_live_features.TestMasterSummaryAPI" name="test_master_summary_prc_stats" time="0.043" /></testsuite></testsuites>