<?xml version="1.0" encoding="utf-8"?><testsuites name="pytest tests"><testsuite name="pytest" errors="0" failures="0" skipped="0" tests="5" time="0.954" timestamp="2026-07-11T08:36:33.019774+00:00" hostname="agent-env-1402b158-3a1a-47dc-9046-ba754c78d940"><testcase classname="backend.tests.test_live_feed_p0_review" name="test_ist_boundary_today_vs_yesterday" time="0.313" /><testcase classname="backend.tests.test_live_feed_p0_review" name="test_utc_late_night_is_today_in_ist" time="0.127" /><testcase classname="backend.tests.test_live_feed_p0_review" name="test_earnings_summary_unknown_uid_returns_zeros" time="0.144" /><testcase classname="backend.tests.test_live_feed_p0_review" name="test_live_feed_unknown_uid_returns_empty_structure" time="0.139" /><testcase classname="backend.tests.test_live_feed_p0_review" name="test_live_feed_with_seed_row" time="0.120" /></testsuite></testsuites>