<?xml version="1.0" encoding="utf-8"?><testsuites name="pytest tests"><testsuite name="pytest" errors="0" failures="0" skipped="0" tests="12" time="3.673" timestamp="2026-04-20T14:49:25.804565+00:00" hostname="agent-env-1402b158-3a1a-47dc-9046-ba754c78d940"><testcase classname="backend.tests.test_live_ticker" name="test_response_structure" time="0.896" /><testcase classname="backend.tests.test_live_ticker" name="test_items_max_50" time="0.000" /><testcase classname="backend.tests.test_live_ticker" name="test_each_item_has_required_fields" time="0.000" /><testcase classname="backend.tests.test_live_ticker" name="test_no_pii_leak" time="0.000" /><testcase classname="backend.tests.test_live_ticker" name="test_mobile_masking_format" time="0.000" /><testcase classname="backend.tests.test_live_ticker" name="test_service_values" time="0.000" /><testcase classname="backend.tests.test_live_ticker" name="test_icon_values" time="0.000" /><testcase classname="backend.tests.test_live_ticker" name="test_amount_is_number" time="0.000" /><testcase classname="backend.tests.test_live_ticker" name="test_sorted_desc_by_created_at" time="0.000" /><testcase classname="backend.tests.test_live_ticker" name="test_city_field_present" time="0.000" /><testcase classname="backend.tests.test_live_ticker" name="test_cache_consistency_within_30s" time="2.738" /><testcase classname="backend.tests.test_live_ticker" name="test_no_mongo_objectid_leak" time="0.000" /></testsuite></testsuites>