<?xml version="1.0" encoding="utf-8"?><testsuites name="pytest tests"><testsuite name="pytest" errors="0" failures="0" skipped="3" tests="3" time="0.838" timestamp="2026-06-21T17:45:34.299610+00:00" hostname="agent-env-1402b158-3a1a-47dc-9046-ba754c78d940"><testcase classname="tests.test_mall_v2_combo_pack.TestBookingTimeline" name="test_timeline_initial" time="0.572"><skipped type="pytest.skip" message="No bookings available for timeline test (status=200)">/app/backend/tests/test_mall_v2_combo_pack.py:323: No bookings available for timeline test (status=200)</skipped></testcase><testcase classname="tests.test_mall_v2_combo_pack.TestBookingTimeline" name="test_admin_status_update_shipped" time="0.162"><skipped type="pytest.skip" message="No bookings available for timeline test (status=200)">/app/backend/tests/test_mall_v2_combo_pack.py:333: No bookings available for timeline test (status=200)</skipped></testcase><testcase classname="tests.test_mall_v2_combo_pack.TestReviews" name="test_review_full_flow_on_booked_product" time="0.049"><skipped type="pytest.skip" message="No booked products found for test user — review test skipped (status=200)">/app/backend/tests/test_mall_v2_combo_pack.py:193: No booked products found for test user — review test skipped (status=200)</skipped></testcase></testsuite></testsuites>