<?xml version="1.0" encoding="utf-8"?><testsuites name="pytest tests"><testsuite name="pytest" errors="0" failures="0" skipped="0" tests="20" time="4.446" timestamp="2026-06-21T17:55:10.432707+00:00" hostname="agent-env-1402b158-3a1a-47dc-9046-ba754c78d940"><testcase classname="backend.tests.test_mall_v2_combo_pack" name="test_version_info_1_0_7_code_8" time="0.199" /><testcase classname="backend.tests.test_mall_v2_combo_pack.TestWishlist" name="test_toggle_on_then_get" time="0.384" /><testcase classname="backend.tests.test_mall_v2_combo_pack.TestWishlist" name="test_toggle_off" time="0.100" /><testcase classname="backend.tests.test_mall_v2_combo_pack.TestRecentlyViewed" name="test_track_view_then_list" time="0.105" /><testcase classname="backend.tests.test_mall_v2_combo_pack.TestSaverProgress" name="test_saver_progress_shape" time="0.051" /><testcase classname="backend.tests.test_mall_v2_combo_pack.TestCategories" name="test_categories_seeded" time="0.051" /><testcase classname="backend.tests.test_mall_v2_combo_pack.TestCategories" name="test_categories_idempotent" time="0.098" /><testcase classname="backend.tests.test_mall_v2_combo_pack.TestReviews" name="test_get_reviews_initial_or_existing" time="0.049" /><testcase classname="backend.tests.test_mall_v2_combo_pack.TestReviews" name="test_post_review_without_booking_403" time="0.051" /><testcase classname="backend.tests.test_mall_v2_combo_pack.TestReviews" name="test_review_full_flow_on_booked_product" time="0.234" /><testcase classname="backend.tests.test_mall_v2_combo_pack.TestAdminAnalytics" name="test_admin_analytics_shape" time="0.224" /><testcase classname="backend.tests.test_mall_v2_combo_pack.TestAdminAnalytics" name="test_admin_analytics_forbidden_for_user" time="0.049" /><testcase classname="backend.tests.test_mall_v2_combo_pack.TestAdminBadges" name="test_patch_badges_persisted" time="0.098" /><testcase classname="backend.tests.test_mall_v2_combo_pack.TestAIDescription" name="test_ai_desc_admin_success" time="2.252" /><testcase classname="backend.tests.test_mall_v2_combo_pack.TestAIDescription" name="test_ai_desc_forbidden_for_user" time="0.049" /><testcase classname="backend.tests.test_mall_v2_combo_pack.TestBulkImport" name="test_bulk_import_two_rows" time="0.163" /><testcase classname="backend.tests.test_mall_v2_combo_pack.TestBookingTimeline" name="test_timeline_initial" time="0.050" /><testcase classname="backend.tests.test_mall_v2_combo_pack.TestBookingTimeline" name="test_admin_status_update_shipped" time="0.100" /><testcase classname="backend.tests.test_mall_v2_combo_pack.TestSalesExport" name="test_sales_csv_export" time="0.047" /><testcase classname="backend.tests.test_mall_v2_combo_pack.TestSalesExport" name="test_sales_export_forbidden_for_user" time="0.051" /></testsuite></testsuites>