<?xml version="1.0" encoding="utf-8"?><testsuites name="pytest tests"><testsuite name="pytest" errors="0" failures="0" skipped="1" tests="14" time="1.645" timestamp="2026-03-01T08:28:43.194743+00:00" hostname="agent-env-ee34a3b5-bb0c-4c61-8eca-aa3bba75d917"><testcase classname="backend.tests.test_manual_approve_feature.TestManualApproveFeature" name="test_bill_payment_requests_endpoint" time="0.151" /><testcase classname="backend.tests.test_manual_approve_feature.TestManualApproveFeature" name="test_bill_payment_manual_complete_requires_txn_ref" time="0.107"><skipped type="pytest.skip" message="No pending bill payment request available for testing">/app/backend/tests/test_manual_approve_feature.py:56: No pending bill payment request available for testing</skipped></testcase><testcase classname="backend.tests.test_manual_approve_feature.TestManualApproveFeature" name="test_bill_payment_process_endpoint_exists" time="0.109" /><testcase classname="backend.tests.test_manual_approve_feature.TestManualApproveFeature" name="test_bill_payment_complete_action_type" time="0.107" /><testcase classname="backend.tests.test_manual_approve_feature.TestManualApproveFeature" name="test_bank_redeem_requests_endpoint" time="0.104" /><testcase classname="backend.tests.test_manual_approve_feature.TestManualApproveFeature" name="test_bank_redeem_manual_complete_endpoint_exists" time="0.103" /><testcase classname="backend.tests.test_manual_approve_feature.TestManualApproveFeature" name="test_bank_redeem_manual_complete_requires_txn_ref" time="0.106" /><testcase classname="backend.tests.test_manual_approve_feature.TestManualApproveFeature" name="test_bank_redeem_approve_endpoint" time="0.110" /><testcase classname="backend.tests.test_manual_approve_feature.TestManualApproveFeature" name="test_bank_redeem_reject_endpoint" time="0.097" /><testcase classname="backend.tests.test_manual_approve_feature.TestManualApproveFeature" name="test_create_and_manual_complete_flow" time="0.107" /><testcase classname="backend.tests.test_manual_approve_feature.TestManualApproveFeature" name="test_verify_manually_approved_field_in_response" time="0.156" /><testcase classname="backend.tests.test_manual_approve_feature.TestManualApproveFeature" name="test_bill_payment_manually_approved_badge_data" time="0.113" /><testcase classname="backend.tests.test_manual_approve_feature.TestManualApproveDialogData" name="test_bill_payment_request_has_dialog_fields" time="0.120" /><testcase classname="backend.tests.test_manual_approve_feature.TestManualApproveDialogData" name="test_bank_redeem_request_has_dialog_fields" time="0.095" /></testsuite></testsuites>