<?xml version="1.0" encoding="utf-8"?><testsuites name="pytest tests"><testsuite name="pytest" errors="0" failures="0" skipped="0" tests="13" time="16.416" timestamp="2026-01-29T12:50:45.703084+00:00" hostname="agent-env-e58c49a7-e6e2-4d7a-b187-329bd80fd3ed"><testcase classname="tests.test_mining_claim_flow.TestMiningClaimFlow" name="test_01_login_and_get_user" time="0.327" /><testcase classname="tests.test_mining_claim_flow.TestMiningClaimFlow" name="test_02_get_mining_status_initial" time="0.902" /><testcase classname="tests.test_mining_claim_flow.TestMiningClaimFlow" name="test_03_start_mining_session" time="0.043" /><testcase classname="tests.test_mining_claim_flow.TestMiningClaimFlow" name="test_04_verify_session_active" time="0.253" /><testcase classname="tests.test_mining_claim_flow.TestMiningClaimFlow" name="test_05_wait_for_prc_accumulation" time="3.256" /><testcase classname="tests.test_mining_claim_flow.TestMiningClaimFlow" name="test_06_claim_mining_rewards" time="0.979" /><testcase classname="tests.test_mining_claim_flow.TestMiningClaimFlow" name="test_07_verify_session_reset_after_claim" time="1.901" /><testcase classname="tests.test_mining_claim_flow.TestMiningClaimFlow" name="test_08_verify_balance_updated" time="0.255" /><testcase classname="tests.test_mining_claim_flow.TestMiningClaimFlow" name="test_09_mining_continues_after_claim" time="2.252" /><testcase classname="tests.test_mining_claim_flow.TestMiningClaimFlow" name="test_10_second_claim_works" time="2.706" /><testcase classname="tests.test_mining_claim_flow.TestMiningEndpointResponses" name="test_mining_status_response_structure" time="1.173" /><testcase classname="tests.test_mining_claim_flow.TestMiningEndpointResponses" name="test_mining_start_response_structure" time="0.298" /><testcase classname="tests.test_mining_claim_flow.TestMiningEndpointResponses" name="test_mining_claim_response_structure" time="1.999" /></testsuite></testsuites>