<?xml version="1.0" encoding="utf-8"?><testsuites name="pytest tests"><testsuite name="pytest" errors="0" failures="0" skipped="1" tests="10" time="5.127" timestamp="2026-03-03T10:26:22.418953+00:00" hostname="agent-env-e80a33a9-527c-4e3d-8284-81241560a3b5"><testcase classname="test_mining_referral_calculation.TestMiningCalculation" name="test_mining_status_api_returns_200" time="1.561" /><testcase classname="test_mining_referral_calculation.TestMiningCalculation" name="test_mining_rate_calculation_formula" time="0.354" /><testcase classname="test_mining_referral_calculation.TestMiningCalculation" name="test_paid_referral_counts" time="0.343" /><testcase classname="test_mining_referral_calculation.TestMiningCalculation" name="test_api_returns_required_fields" time="0.323" /><testcase classname="test_mining_referral_calculation.TestMiningCalculation" name="test_referral_breakdown_has_bonus_field" time="0.320" /><testcase classname="test_mining_referral_calculation.TestMiningCalculation" name="test_hourly_conversion_formula" time="0.321" /><testcase classname="test_mining_referral_calculation.TestReferralLevelsAPI" name="test_referrals_levels_api_returns_200" time="0.539" /><testcase classname="test_mining_referral_calculation.TestReferralLevelsAPI" name="test_referrals_levels_counts_match" time="0.314" /><testcase classname="test_mining_referral_calculation.TestReferralLevelsAPI" name="test_consistency_between_apis" time="0.648" /><testcase classname="test_mining_referral_calculation.TestFreeCountBug" name="test_free_count_is_returned" time="0.329"><skipped type="pytest.xfail" message="KNOWN BUG: free_count is not being passed through calculate_mining_rate to referral_breakdown" /></testcase></testsuite></testsuites>