<?xml version="1.0" encoding="utf-8"?><testsuites name="pytest tests"><testsuite name="pytest" errors="0" failures="0" skipped="0" tests="13" time="6.816" timestamp="2026-01-29T18:37:06.558276+00:00" hostname="agent-env-e58c49a7-e6e2-4d7a-b187-329bd80fd3ed"><testcase classname="tests.test_mining_referral_issues.TestMiningSession" name="test_mining_status_returns_session_data" time="1.292" /><testcase classname="tests.test_mining_referral_issues.TestMiningSession" name="test_mining_rate_based_on_subscription_plan" time="0.533" /><testcase classname="tests.test_mining_referral_issues.TestMiningSession" name="test_mining_session_persistence" time="0.781" /><testcase classname="tests.test_mining_referral_issues.TestMiningSession" name="test_start_mining_session" time="0.314" /><testcase classname="tests.test_mining_referral_issues.TestMiningSession" name="test_claim_mining_rewards" time="1.262" /><testcase classname="tests.test_mining_referral_issues.TestReferralLevels" name="test_referral_levels_api_returns_data" time="0.321" /><testcase classname="tests.test_mining_referral_issues.TestReferralLevels" name="test_referral_levels_have_correct_structure" time="0.308" /><testcase classname="tests.test_mining_referral_issues.TestReferralLevels" name="test_referral_total_matches_level_sum" time="0.332" /><testcase classname="tests.test_mining_referral_issues.TestReferralLevels" name="test_active_count_matches_level_sum" time="0.311" /><testcase classname="tests.test_mining_referral_issues.TestReferralLevels" name="test_user_active_status_reasons" time="0.312" /><testcase classname="tests.test_mining_referral_issues.TestReferralLevels" name="test_referral_bonus_calculation" time="0.318" /><testcase classname="tests.test_mining_referral_issues.TestNetworkAnalytics" name="test_network_analytics_api" time="0.312" /><testcase classname="tests.test_mining_referral_issues.TestDebugEndpoints" name="test_debug_referred_by_endpoint" time="0.307" /></testsuite></testsuites>