<?xml version="1.0" encoding="utf-8"?><testsuites name="pytest tests"><testsuite name="pytest" errors="0" failures="2" skipped="0" tests="47" time="2.723" timestamp="2026-02-10T03:26:59.460178+00:00" hostname="agent-env-c5dd9e87-6790-4ba1-91b4-00ca6be4b0c1"><testcase classname="backend.tests.test_modular_routes_refactoring.TestHealthAndCache" name="test_health_check" time="0.068" /><testcase classname="backend.tests.test_modular_routes_refactoring.TestHealthAndCache" name="test_cache_stats" time="0.040" /><testcase classname="backend.tests.test_modular_routes_refactoring.TestAuthRoutes" name="test_check_auth_type_nonexistent_user" time="0.095" /><testcase classname="backend.tests.test_modular_routes_refactoring.TestAuthRoutes" name="test_check_auth_type_existing_user" time="0.040" /><testcase classname="backend.tests.test_modular_routes_refactoring.TestAuthRoutes" name="test_simple_registration" time="0.038"><failure message="AssertionError: Registration failed: {&quot;detail&quot;:&quot;Mobile number must be 10 digits&quot;}&#10;assert 400 == 200&#10; +  where 400 = &lt;Response [400]&gt;.status_code">backend/tests/test_modular_routes_refactoring.py:96: in test_simple_registration
    assert response.status_code == 200, f"Registration failed: {response.text}"
E   AssertionError: Registration failed: {"detail":"Mobile number must be 10 digits"}
E   assert 400 == 200
E    +  where 400 = &lt;Response [400]&gt;.status_code</failure></testcase><testcase classname="backend.tests.test_modular_routes_refactoring.TestAuthRoutes" name="test_login_with_invalid_credentials" time="0.297" /><testcase classname="backend.tests.test_modular_routes_refactoring.TestAuthRoutes" name="test_login_with_nonexistent_user" time="0.043" /><testcase classname="backend.tests.test_modular_routes_refactoring.TestAuthRoutes" name="test_forgot_password_request" time="0.038" /><testcase classname="backend.tests.test_modular_routes_refactoring.TestUserRoutes" name="test_get_user_by_uid" time="0.041" /><testcase classname="backend.tests.test_modular_routes_refactoring.TestUserRoutes" name="test_get_user_not_found" time="0.041" /><testcase classname="backend.tests.test_modular_routes_refactoring.TestUserRoutes" name="test_get_user_dashboard" time="0.057" /><testcase classname="backend.tests.test_modular_routes_refactoring.TestUserRoutes" name="test_get_user_today_stats" time="0.048" /><testcase classname="backend.tests.test_modular_routes_refactoring.TestUserRoutes" name="test_get_user_redeemed_stats" time="0.044" /><testcase classname="backend.tests.test_modular_routes_refactoring.TestUserRoutes" name="test_birthday_check" time="0.042" /><testcase classname="backend.tests.test_modular_routes_refactoring.TestWalletRoutes" name="test_get_wallet_balance" time="0.042" /><testcase classname="backend.tests.test_modular_routes_refactoring.TestWalletRoutes" name="test_get_wallet_transactions" time="0.038" /><testcase classname="backend.tests.test_modular_routes_refactoring.TestWalletRoutes" name="test_get_wallet_transactions_paginated" time="0.044" /><testcase classname="backend.tests.test_modular_routes_refactoring.TestWalletRoutes" name="test_get_withdrawal_history" time="0.040" /><testcase classname="backend.tests.test_modular_routes_refactoring.TestWalletRoutes" name="test_get_user_transactions_simple" time="0.038" /><testcase classname="backend.tests.test_modular_routes_refactoring.TestReferralRoutes" name="test_get_referral_code" time="0.041" /><testcase classname="backend.tests.test_modular_routes_refactoring.TestReferralRoutes" name="test_get_referral_list" time="0.043" /><testcase classname="backend.tests.test_modular_routes_refactoring.TestReferralRoutes" name="test_get_referral_stats" time="0.039" /><testcase classname="backend.tests.test_modular_routes_refactoring.TestReferralRoutes" name="test_get_multi_level_referral_stats" time="0.037" /><testcase classname="backend.tests.test_modular_routes_refactoring.TestReferralRoutes" name="test_apply_invalid_referral_code" time="0.037" /><testcase classname="backend.tests.test_modular_routes_refactoring.TestMiningRoutes" name="test_mining_status" time="0.046" /><testcase classname="backend.tests.test_modular_routes_refactoring.TestMiningRoutes" name="test_mining_start" time="0.090" /><testcase classname="backend.tests.test_modular_routes_refactoring.TestMiningRoutes" name="test_mining_collect" time="0.041" /><testcase classname="backend.tests.test_modular_routes_refactoring.TestAdminDashboardRoutes" name="test_admin_dashboard_kpis" time="0.041" /><testcase classname="backend.tests.test_modular_routes_refactoring.TestAdminDashboardRoutes" name="test_admin_stats" time="0.048"><failure message="AttributeError: 'NoneType' object has no attribute 'keys'">backend/tests/test_modular_routes_refactoring.py:336: in test_admin_stats
    print(f"✅ Admin stats retrieved: {list(data.keys())[:5]}")
                                           ^^^^^^^^^
E   AttributeError: 'NoneType' object has no attribute 'keys'</failure></testcase><testcase classname="backend.tests.test_modular_routes_refactoring.TestAdminDashboardRoutes" name="test_admin_dashboard_all" time="0.042" /><testcase classname="backend.tests.test_modular_routes_refactoring.TestAdminDashboardRoutes" name="test_admin_user_growth_chart" time="0.037" /><testcase classname="backend.tests.test_modular_routes_refactoring.TestAdminUsersRoutes" name="test_admin_users_list" time="0.044" /><testcase classname="backend.tests.test_modular_routes_refactoring.TestAdminUsersRoutes" name="test_admin_users_list_paginated" time="0.039" /><testcase classname="backend.tests.test_modular_routes_refactoring.TestAdminUsersRoutes" name="test_admin_user_stats" time="0.044" /><testcase classname="backend.tests.test_modular_routes_refactoring.TestAdminOrdersRoutes" name="test_admin_orders_stats" time="0.040" /><testcase classname="backend.tests.test_modular_routes_refactoring.TestAdminOrdersRoutes" name="test_admin_orders_list" time="0.050" /><testcase classname="backend.tests.test_modular_routes_refactoring.TestAdminProductsRoutes" name="test_admin_products_list" time="0.050" /><testcase classname="backend.tests.test_modular_routes_refactoring.TestAdminProductsRoutes" name="test_admin_products_paginated" time="0.042" /><testcase classname="backend.tests.test_modular_routes_refactoring.TestAdminProductsRoutes" name="test_admin_marketplace_settings" time="0.039" /><testcase classname="backend.tests.test_modular_routes_refactoring.TestAdminProductsRoutes" name="test_admin_redemption_rules" time="0.037" /><testcase classname="backend.tests.test_modular_routes_refactoring.TestAdminWithdrawalsRoutes" name="test_admin_withdrawals_pending_count" time="0.037" /><testcase classname="backend.tests.test_modular_routes_refactoring.TestAdminWithdrawalsRoutes" name="test_admin_withdrawals_list" time="0.041" /><testcase classname="backend.tests.test_modular_routes_refactoring.TestRouteAvailability" name="test_auth_routes_available" time="0.036" /><testcase classname="backend.tests.test_modular_routes_refactoring.TestRouteAvailability" name="test_user_routes_available" time="0.074" /><testcase classname="backend.tests.test_modular_routes_refactoring.TestRouteAvailability" name="test_wallet_routes_available" time="0.079" /><testcase classname="backend.tests.test_modular_routes_refactoring.TestRouteAvailability" name="test_referral_routes_available" time="0.075" /><testcase classname="backend.tests.test_modular_routes_refactoring.TestRouteAvailability" name="test_admin_routes_available" time="0.128" /></testsuite></testsuites>