<?xml version="1.0" encoding="utf-8"?><testsuites name="pytest tests"><testsuite name="pytest" errors="0" failures="0" skipped="0" tests="8" time="0.485" timestamp="2026-02-09T08:07:29.889422+00:00" hostname="agent-env-6408b44c-da42-42ba-ba58-42499707bac6"><testcase classname="tests.test_network_tree.TestNetworkTreeAPI" name="test_network_tree_returns_valid_structure" time="0.081" /><testcase classname="tests.test_network_tree.TestNetworkTreeAPI" name="test_network_tree_contains_user_details" time="0.043" /><testcase classname="tests.test_network_tree.TestNetworkTreeAPI" name="test_network_tree_nonexistent_user" time="0.039" /><testcase classname="tests.test_network_tree.TestNetworkTreeAPI" name="test_network_tree_for_admin_user" time="0.042" /><testcase classname="tests.test_network_tree.TestReferralsEnhancedAPI" name="test_referral_levels_api" time="0.045" /><testcase classname="tests.test_network_tree.TestReferralsEnhancedAPI" name="test_referral_tree_api" time="0.041" /><testcase classname="tests.test_network_tree.TestReferralsEnhancedAPI" name="test_network_analytics_api" time="0.046" /><testcase classname="tests.test_network_tree.TestUserAPI" name="test_get_user_by_uid" time="0.043" /></testsuite></testsuites>