<?xml version="1.0" encoding="utf-8"?><testsuites name="pytest tests"><testsuite name="pytest" errors="0" failures="0" skipped="0" tests="15" time="2.018" timestamp="2026-01-13T06:40:56.694755+00:00" hostname="agent-env-53994b6d-f2ce-4ebe-bc79-b647c2d5423f"><testcase classname="tests.test_notifications.TestNotificationAPIs" name="test_get_notifications_list" time="0.104" /><testcase classname="tests.test_notifications.TestNotificationAPIs" name="test_get_notifications_with_pagination" time="0.046" /><testcase classname="tests.test_notifications.TestNotificationAPIs" name="test_get_notifications_unread_only" time="0.081" /><testcase classname="tests.test_notifications.TestNotificationAPIs" name="test_get_unread_count" time="0.044" /><testcase classname="tests.test_notifications.TestNotificationAPIs" name="test_get_notifications_for_test_user" time="0.040" /><testcase classname="tests.test_notifications.TestFollowCreatesNotification" name="test_follow_creates_notification" time="0.167" /><testcase classname="tests.test_notifications.TestMessageCreatesNotification" name="test_send_message_creates_notification" time="0.119" /><testcase classname="tests.test_notifications.TestNotificationActions" name="test_mark_notification_as_read" time="0.201" /><testcase classname="tests.test_notifications.TestNotificationActions" name="test_mark_all_notifications_read" time="0.168" /><testcase classname="tests.test_notifications.TestNotificationActions" name="test_delete_notification" time="0.164" /><testcase classname="tests.test_notifications.TestNotificationActions" name="test_delete_nonexistent_notification" time="0.078" /><testcase classname="tests.test_notifications.TestNotificationActions" name="test_clear_all_notifications" time="0.252" /><testcase classname="tests.test_notifications.TestNotificationStructure" name="test_notification_has_required_fields" time="0.183" /><testcase classname="tests.test_notifications.TestNotificationTypes" name="test_new_follower_notification_type" time="0.116" /><testcase classname="tests.test_notifications.TestNotificationTypes" name="test_new_message_notification_type" time="0.078" /></testsuite></testsuites>