<?xml version="1.0" encoding="utf-8"?><testsuites name="pytest tests"><testsuite name="pytest" errors="0" failures="2" skipped="0" tests="19" time="2.675" timestamp="2026-01-13T14:20:22.642193+00:00" hostname="agent-env-d3bda4a2-606c-49a1-a3fa-0e776324ba15"><testcase classname="tests.test_pagination_messages_referrals.TestHealthAndAuth" name="test_health_check" time="0.080" /><testcase classname="tests.test_pagination_messages_referrals.TestHealthAndAuth" name="test_admin_login" time="0.043"><failure message="assert 404 == 200&#10; +  where 404 = &lt;Response [404]&gt;.status_code">tests/test_pagination_messages_referrals.py:39: in test_admin_login
    assert response.status_code == 200
E   assert 404 == 200
E    +  where 404 = &lt;Response [404]&gt;.status_code</failure></testcase><testcase classname="tests.test_pagination_messages_referrals.TestGlobalFeedPagination" name="test_global_feed_first_page" time="0.050" /><testcase classname="tests.test_pagination_messages_referrals.TestGlobalFeedPagination" name="test_global_feed_pagination_params" time="0.045" /><testcase classname="tests.test_pagination_messages_referrals.TestGlobalFeedPagination" name="test_global_feed_second_page" time="0.046" /><testcase classname="tests.test_pagination_messages_referrals.TestNetworkFeedPagination" name="test_network_feed_first_page" time="0.098" /><testcase classname="tests.test_pagination_messages_referrals.TestNetworkFeedPagination" name="test_network_feed_pagination_params" time="0.079" /><testcase classname="tests.test_pagination_messages_referrals.TestFollowersFollowingPagination" name="test_followers_list_first_page" time="0.079" /><testcase classname="tests.test_pagination_messages_referrals.TestFollowersFollowingPagination" name="test_followers_list_pagination_params" time="0.115" /><testcase classname="tests.test_pagination_messages_referrals.TestFollowersFollowingPagination" name="test_following_list_first_page" time="0.086" /><testcase classname="tests.test_pagination_messages_referrals.TestFollowersFollowingPagination" name="test_following_list_pagination_params" time="0.079" /><testcase classname="tests.test_pagination_messages_referrals.TestDirectMessages" name="test_get_conversations" time="0.078" /><testcase classname="tests.test_pagination_messages_referrals.TestDirectMessages" name="test_send_message_endpoint_exists" time="0.077" /><testcase classname="tests.test_pagination_messages_referrals.TestDirectMessages" name="test_unread_count" time="0.079" /><testcase classname="tests.test_pagination_messages_referrals.TestReferralEarnings" name="test_referral_earnings_endpoint" time="1.085" /><testcase classname="tests.test_pagination_messages_referrals.TestReferralEarnings" name="test_referral_earnings_with_period" time="0.079" /><testcase classname="tests.test_pagination_messages_referrals.TestReferralEarnings" name="test_referral_levels_endpoint" time="0.078" /><testcase classname="tests.test_pagination_messages_referrals.TestInvitePage" name="test_user_has_referral_code" time="0.083"><failure message="assert 404 == 200&#10; +  where 404 = &lt;Response [404]&gt;.status_code">tests/test_pagination_messages_referrals.py:254: in test_user_has_referral_code
    assert response.status_code == 200
E   assert 404 == 200
E    +  where 404 = &lt;Response [404]&gt;.status_code</failure></testcase><testcase classname="tests.test_pagination_messages_referrals.TestInvitePage" name="test_referral_stats" time="0.077" /></testsuite></testsuites>