<?xml version="1.0" encoding="utf-8"?><testsuites name="pytest tests"><testsuite name="pytest" errors="0" failures="0" skipped="0" tests="9" time="2.035" timestamp="2026-06-21T16:42:15.217175+00:00" hostname="agent-env-1402b158-3a1a-47dc-9046-ba754c78d940"><testcase classname="backend.tests.test_ads_rewarded_phase2" name="test_version_info_is_1_0_5_code_6" time="0.297" /><testcase classname="backend.tests.test_ads_rewarded_phase2" name="test_quota_baseline_zero" time="0.358" /><testcase classname="backend.tests.test_ads_rewarded_phase2" name="test_start_returns_view_token_and_ad_unit" time="0.153" /><testcase classname="backend.tests.test_ads_rewarded_phase2" name="test_credit_success_and_ledger_and_balance" time="0.119" /><testcase classname="backend.tests.test_ads_rewarded_phase2" name="test_quota_after_one_credit" time="0.108" /><testcase classname="backend.tests.test_ads_rewarded_phase2" name="test_credit_replay_returns_409" time="0.124" /><testcase classname="backend.tests.test_ads_rewarded_phase2" name="test_credit_invalid_token_returns_404" time="0.145" /><testcase classname="backend.tests.test_ads_rewarded_phase2" name="test_daily_limit_blocks_11th_start" time="0.247" /><testcase classname="backend.tests.test_ads_rewarded_phase2" name="test_endpoints_require_auth" time="0.358" /></testsuite></testsuites>