<?xml version="1.0" encoding="utf-8"?><testsuites name="pytest tests"><testsuite name="pytest" errors="0" failures="0" skipped="0" tests="8" time="8.173" timestamp="2026-08-09T10:19:36.343401+00:00" hostname="agent-env-1402b158-3a1a-47dc-9046-ba754c78d940"><testcase classname="backend.tests.test_careers_phase_fg" name="test_targets_assignment_and_weight_validation" time="1.114" /><testcase classname="backend.tests.test_careers_phase_fg" name="test_appraisal_full_cycle_with_auto_rating" time="1.201" /><testcase classname="backend.tests.test_careers_phase_fg" name="test_incentive_rule_and_calculation" time="1.415" /><testcase classname="backend.tests.test_careers_phase_fg" name="test_incentive_pay_state_machine" time="1.380" /><testcase classname="backend.tests.test_careers_phase_fg" name="test_rbac_roles_and_permission_check" time="0.860" /><testcase classname="backend.tests.test_careers_phase_fg" name="test_audit_log_captures_writes_and_filters" time="1.167" /><testcase classname="backend.tests.test_careers_phase_fg" name="test_notification_templates_seed_and_render" time="0.772" /><testcase classname="backend.tests.test_careers_phase_fg" name="test_notification_template_invalid_key_and_channel" time="0.231" /></testsuite></testsuites>