<?xml version="1.0" encoding="utf-8"?><testsuites name="pytest tests"><testsuite name="pytest" errors="0" failures="0" skipped="0" tests="10" time="4.550" timestamp="2026-08-09T08:57:20.739747+00:00" hostname="agent-env-1402b158-3a1a-47dc-9046-ba754c78d940"><testcase classname="tests.test_careers_phase_a" name="test_meta_returns_30_statuses_and_sources" time="0.242" /><testcase classname="tests.test_careers_phase_a" name="test_job_code_and_slug_and_application_id_formats" time="0.218" /><testcase classname="tests.test_careers_phase_a" name="test_apply_by_slug_works" time="0.217" /><testcase classname="tests.test_careers_phase_a" name="test_status_transition_and_history" time="1.468" /><testcase classname="tests.test_careers_phase_a" name="test_kanban_board_groups_by_status" time="0.171" /><testcase classname="tests.test_careers_phase_a" name="test_job_lifecycle_actions_and_public_visibility" time="0.629" /><testcase classname="tests.test_careers_phase_a" name="test_paused_job_rejects_new_applications" time="0.322" /><testcase classname="tests.test_careers_phase_a" name="test_duplicate_job_creates_draft_with_new_code" time="0.220" /><testcase classname="tests.test_careers_phase_a" name="test_recruitment_source_persisted" time="0.316" /><testcase classname="tests.test_careers_phase_a" name="test_auto_close_when_vacancies_filled" time="0.719" /></testsuite></testsuites>