<?xml version="1.0" encoding="utf-8"?><testsuites name="pytest tests"><testsuite name="pytest" errors="0" failures="0" skipped="0" tests="14" time="0.858" timestamp="2026-02-12T17:26:44.955404+00:00" hostname="agent-env-43d1603d-f1ca-4f6a-bbcf-d4372b76c35e"><testcase classname="backend.tests.test_pl_fee_structure.TestPLFeeStructure" name="test_pl_api_returns_processing_fees_field" time="0.106" /><testcase classname="backend.tests.test_pl_fee_structure.TestPLFeeStructure" name="test_pl_api_returns_admin_charges_field" time="0.050" /><testcase classname="backend.tests.test_pl_fee_structure.TestPLFeeStructure" name="test_pl_api_has_service_wise_details" time="0.050" /><testcase classname="backend.tests.test_pl_fee_structure.TestPLFeeCalculations" name="test_processing_fee_is_10rs_per_transaction" time="0.048" /><testcase classname="backend.tests.test_pl_fee_structure.TestPLFeeCalculations" name="test_total_fee_revenue_calculation" time="0.047" /><testcase classname="backend.tests.test_pl_fee_structure.TestPLInsights" name="test_insights_array_exists" time="0.048" /><testcase classname="backend.tests.test_pl_fee_structure.TestPLInsights" name="test_fee_insight_in_marathi_when_revenue_exists" time="0.045" /><testcase classname="backend.tests.test_pl_fee_structure.TestPLPeriodFilters" name="test_pl_day_period" time="0.046" /><testcase classname="backend.tests.test_pl_fee_structure.TestPLPeriodFilters" name="test_pl_week_period" time="0.046" /><testcase classname="backend.tests.test_pl_fee_structure.TestPLPeriodFilters" name="test_pl_month_period" time="0.048" /><testcase classname="backend.tests.test_pl_fee_structure.TestPLPeriodFilters" name="test_pl_year_period" time="0.050" /><testcase classname="backend.tests.test_pl_fee_structure.TestPLResponseStructure" name="test_pl_has_required_fields" time="0.048" /><testcase classname="backend.tests.test_pl_fee_structure.TestPLResponseStructure" name="test_pl_summary_structure" time="0.052" /><testcase classname="backend.tests.test_pl_fee_structure.TestPLResponseStructure" name="test_pl_revenue_breakdown_complete" time="0.046" /></testsuite></testsuites>