<?xml version="1.0" encoding="utf-8"?><testsuites name="pytest tests"><testsuite name="pytest" errors="0" failures="0" skipped="0" tests="10" time="3.183" timestamp="2026-04-05T17:32:27.139328+00:00" hostname="agent-env-1402b158-3a1a-47dc-9046-ba754c78d940"><testcase classname="backend.tests.test_prc_rate_consistency.TestPRCRateConsistency" name="test_health_check" time="0.120" /><testcase classname="backend.tests.test_prc_rate_consistency.TestPRCRateConsistency" name="test_dashboard_returns_prc_rate" time="0.619" /><testcase classname="backend.tests.test_prc_rate_consistency.TestPRCRateConsistency" name="test_prc_economy_current_rate" time="0.112" /><testcase classname="backend.tests.test_prc_rate_consistency.TestPRCRateConsistency" name="test_dashboard_rate_matches_economy_rate" time="0.452" /><testcase classname="backend.tests.test_prc_rate_consistency.TestPRCRateConsistency" name="test_bank_transfer_config_returns_prc_rate" time="0.113" /><testcase classname="backend.tests.test_prc_rate_consistency.TestPRCRateConsistency" name="test_elite_pricing_returns_prc_rate" time="0.106" /><testcase classname="backend.tests.test_prc_rate_consistency.TestPRCRateConsistency" name="test_redeem_limit_endpoint" time="0.118" /><testcase classname="backend.tests.test_prc_rate_consistency.TestPRCRateConsistency" name="test_user_endpoint_returns_prc_balance" time="0.356" /><testcase classname="backend.tests.test_prc_rate_consistency.TestPRCRateConsistency" name="test_all_rates_consistent" time="0.680" /><testcase classname="backend.tests.test_prc_rate_consistency.TestLoginFlow" name="test_login_with_pin" time="0.466" /></testsuite></testsuites>