<?xml version="1.0" encoding="utf-8"?><testsuites name="pytest tests"><testsuite name="pytest" errors="0" failures="0" skipped="0" tests="22" time="2.398" timestamp="2026-08-17T14:46:13.761870+00:00" hostname="agent-env-1402b158-3a1a-47dc-9046-ba754c78d940"><testcase classname="backend.tests.test_prc_svc_charge_http" name="test_pending_returns_false_for_new_user" time="0.233" /><testcase classname="backend.tests.test_prc_svc_charge_http" name="test_history_empty_for_new_user" time="0.123" /><testcase classname="backend.tests.test_prc_svc_charge_http" name="test_create_payment_missing_charge_returns_404" time="0.162" /><testcase classname="backend.tests.test_prc_svc_charge_http" name="test_get_charge_missing_returns_404" time="0.129" /><testcase classname="backend.tests.test_prc_svc_charge_http" name="test_manual_mark_paid_without_pin_returns_403" time="0.416" /><testcase classname="backend.tests.test_prc_svc_charge_http" name="test_manual_mark_paid_wrong_pin_returns_403" time="0.165" /><testcase classname="backend.tests.test_prc_svc_charge_http" name="test_reverse_wrong_pin_returns_403" time="0.146" /><testcase classname="backend.tests.test_prc_svc_charge_http" name="test_revenue_report_returns_series" time="0.150" /><testcase classname="backend.tests.test_prc_svc_charge_http" name="test_admin_summary_ok" time="0.169" /><testcase classname="backend.tests.test_prc_svc_charge_http" name="test_admin_pending_list_ok" time="0.153" /><testcase classname="backend.tests.test_prc_svc_charge_http" name="test_admin_search_ok" time="0.157" /><testcase classname="backend.tests.test_prc_svc_charge_http" name="test_admin_finance_profit_loss_includes_prc_svc_charges" time="0.166" /><testcase classname="backend.tests.test_redemption_service_charge" name="test_successful_redemption_creates_one_charge" time="0.167" /><testcase classname="backend.tests.test_redemption_service_charge" name="test_idempotent_no_duplicate_on_double_call" time="0.001" /><testcase classname="backend.tests.test_redemption_service_charge" name="test_has_pending_returns_none_when_no_charge" time="0.000" /><testcase classname="backend.tests.test_redemption_service_charge" name="test_has_pending_returns_charge_when_exists" time="0.001" /><testcase classname="backend.tests.test_redemption_service_charge" name="test_zero_prc_amount_skipped" time="0.000" /><testcase classname="backend.tests.test_redemption_service_charge" name="test_min_service_charge_enforced" time="0.000" /><testcase classname="backend.tests.test_redemption_service_charge" name="test_10000_prc_calculation" time="0.000" /><testcase classname="backend.tests.test_redemption_service_charge" name="test_charge_has_all_required_fields" time="0.000" /><testcase classname="backend.tests.test_redemption_service_charge" name="test_audit_row_created_on_charge_creation" time="0.000" /><testcase classname="backend.tests.test_redemption_service_charge" name="test_config_defaults_persist" time="0.000" /></testsuite></testsuites>