<?xml version="1.0" encoding="utf-8"?><testsuites name="pytest tests"><testsuite name="pytest" errors="0" failures="0" skipped="1" tests="12" time="0.845" timestamp="2026-04-13T12:26:28.834609+00:00" hostname="agent-env-1402b158-3a1a-47dc-9046-ba754c78d940"><testcase classname="backend.tests.test_prc_subscription_features.TestSubscriptionConfig" name="test_subscription_config_returns_prc_enabled_field" time="0.167" /><testcase classname="backend.tests.test_prc_subscription_features.TestElitePricing" name="test_elite_pricing_returns_breakdown" time="0.050" /><testcase classname="backend.tests.test_prc_subscription_features.TestPayWithPRC" name="test_pay_with_prc_validates_user" time="0.047" /><testcase classname="backend.tests.test_prc_subscription_features.TestPayWithPRC" name="test_pay_with_prc_checks_balance" time="0.049" /><testcase classname="backend.tests.test_prc_subscription_features.TestPayWithPRC" name="test_pay_with_prc_endpoint_exists" time="0.048" /><testcase classname="backend.tests.test_prc_subscription_features.TestActivateUpcoming" name="test_activate_upcoming_returns_error_for_nonexistent_user" time="0.058" /><testcase classname="backend.tests.test_prc_subscription_features.TestActivateUpcoming" name="test_activate_upcoming_endpoint_exists" time="0.048" /><testcase classname="backend.tests.test_prc_subscription_features.TestCheckAllPending" name="test_check_all_pending_returns_results" time="0.053" /><testcase classname="backend.tests.test_prc_subscription_features.TestNetworkStats" name="test_network_stats_returns_tree_network_size" time="0.056" /><testcase classname="backend.tests.test_prc_subscription_features.TestRedeemLimit" name="test_redeem_limit_returns_network_size" time="0.059" /><testcase classname="backend.tests.test_prc_subscription_features.TestRedeemLimit" name="test_redeem_limit_matches_tree_network_size" time="0.116" /><testcase classname="backend.tests.test_prc_subscription_features.TestAdminPRCToggle" name="test_toggle_prc_subscription_endpoint_exists" time="0.050"><skipped type="pytest.skip" message="Admin login failed: 404 - {&quot;detail&quot;:&quot;Not Found&quot;}">/app/backend/tests/test_prc_subscription_features.py:257: Admin login failed: 404 - {"detail":"Not Found"}</skipped></testcase></testsuite></testsuites>