<?xml version="1.0" encoding="utf-8"?><testsuites name="pytest tests"><testsuite name="pytest" errors="0" failures="0" skipped="0" tests="11" time="5.264" timestamp="2026-03-21T13:53:07.695207+00:00" hostname="agent-env-25cccb23-e89c-4c83-95c6-da5af20c7d0c"><testcase classname="backend.tests.test_prc_rate_consistency.TestPRCRateConsistency" name="test_prc_rate_api_returns_consistent_rate" time="2.195" /><testcase classname="backend.tests.test_prc_rate_consistency.TestPRCRateConsistency" name="test_prc_economy_rate_matches_current_rate" time="0.214" /><testcase classname="backend.tests.test_prc_rate_consistency.TestPRCRateConsistency" name="test_user_document_has_no_prc_rate_field" time="0.641" /><testcase classname="backend.tests.test_prc_rate_consistency.TestPRCRateConsistency" name="test_dashboard_endpoint_has_no_user_specific_rate" time="0.547" /><testcase classname="backend.tests.test_prc_rate_consistency.TestPRCRateConsistency" name="test_redeem_categories_has_no_user_specific_rate" time="0.109" /><testcase classname="backend.tests.test_prc_rate_consistency.TestPRCRateConsistency" name="test_rate_source_is_dynamic_economy" time="0.111" /><testcase classname="backend.tests.test_prc_rate_consistency.TestPRCRateConsistency" name="test_rate_within_valid_range" time="0.104" /><testcase classname="backend.tests.test_prc_rate_consistency.TestPRCRateConsistency" name="test_economy_factors_are_valid" time="0.097" /><testcase classname="backend.tests.test_prc_rate_consistency.TestPRCRateNoUserOverride" name="test_multiple_users_see_same_rate" time="0.497" /><testcase classname="backend.tests.test_prc_rate_consistency.TestPRCRateNoUserOverride" name="test_rate_api_is_not_user_authenticated" time="0.109" /><testcase classname="backend.tests.test_prc_rate_consistency.TestPRCRateCaching" name="test_rate_is_cached_for_performance" time="0.615" /></testsuite></testsuites>