<?xml version="1.0" encoding="utf-8"?><testsuites name="pytest tests"><testsuite name="pytest" errors="0" failures="0" skipped="0" tests="36" time="5.210" timestamp="2026-08-19T05:29:07.191194+00:00" hostname="agent-env-1402b158-3a1a-47dc-9046-ba754c78d940"><testcase classname="backend.tests.test_prc_svc_charge_http" name="test_pending_returns_false_for_new_user" time="0.311" /><testcase classname="backend.tests.test_prc_svc_charge_http" name="test_history_empty_for_new_user" time="0.141" /><testcase classname="backend.tests.test_prc_svc_charge_http" name="test_create_payment_missing_charge_returns_404" time="0.121" /><testcase classname="backend.tests.test_prc_svc_charge_http" name="test_get_charge_missing_returns_404" time="0.097" /><testcase classname="backend.tests.test_prc_svc_charge_http" name="test_manual_mark_paid_without_pin_returns_403" time="0.369" /><testcase classname="backend.tests.test_prc_svc_charge_http" name="test_manual_mark_paid_wrong_pin_returns_403" time="0.122" /><testcase classname="backend.tests.test_prc_svc_charge_http" name="test_reverse_wrong_pin_returns_403" time="0.196" /><testcase classname="backend.tests.test_prc_svc_charge_http" name="test_revenue_report_returns_series" time="0.221" /><testcase classname="backend.tests.test_prc_svc_charge_http" name="test_admin_summary_ok" time="0.119" /><testcase classname="backend.tests.test_prc_svc_charge_http" name="test_admin_pending_list_ok" time="0.096" /><testcase classname="backend.tests.test_prc_svc_charge_http" name="test_admin_search_ok" time="0.121" /><testcase classname="backend.tests.test_prc_svc_charge_http" name="test_admin_finance_profit_loss_includes_prc_svc_charges" time="0.183" /><testcase classname="backend.tests.test_redemption_service_charge" name="test_successful_redemption_creates_one_charge" time="0.281" /><testcase classname="backend.tests.test_redemption_service_charge" name="test_idempotent_no_duplicate_on_double_call" time="0.001" /><testcase classname="backend.tests.test_redemption_service_charge" name="test_has_pending_returns_none_when_no_charge" time="0.000" /><testcase classname="backend.tests.test_redemption_service_charge" name="test_has_pending_returns_charge_when_exists" time="0.001" /><testcase classname="backend.tests.test_redemption_service_charge" name="test_zero_prc_amount_skipped" time="0.000" /><testcase classname="backend.tests.test_redemption_service_charge" name="test_min_service_charge_enforced" time="0.000" /><testcase classname="backend.tests.test_redemption_service_charge" name="test_10000_prc_calculation" time="0.000" /><testcase classname="backend.tests.test_redemption_service_charge" name="test_charge_has_all_required_fields" time="0.000" /><testcase classname="backend.tests.test_redemption_service_charge" name="test_audit_row_created_on_charge_creation" time="0.000" /><testcase classname="backend.tests.test_redemption_service_charge" name="test_config_defaults_persist" time="0.000" /><testcase classname="backend.tests.test_prc_svc_charge_bulk_pay" name="test_bulk_pay_order_404_when_no_pending" time="0.006" /><testcase classname="backend.tests.test_prc_svc_charge_bulk_pay" name="test_bulk_pay_order_creates_one_order" time="0.864" /><testcase classname="backend.tests.test_prc_svc_charge_bulk_pay" name="test_bulk_verify_marks_all_paid" time="0.804" /><testcase classname="backend.tests.test_prc_svc_charge_bulk_pay" name="test_bulk_verify_rejects_invalid_signature" time="0.010" /><testcase classname="backend.tests.test_prc_svc_charge_e2e_block" name="test_pending_charge_blocks_bank_transfer_request" time="0.632" /><testcase classname="backend.tests.test_prc_svc_charge_e2e_block" name="test_after_clearing_pending_not_blocked_by_svc_charge" time="0.126" /><testcase classname="backend.tests.test_prc_universal_svc_hook" name="test_redeem_debit_creates_charge" time="0.039" /><testcase classname="backend.tests.test_prc_universal_svc_hook" name="test_bank_transfer_debit_skips_hook" time="0.003" /><testcase classname="backend.tests.test_prc_universal_svc_hook" name="test_admin_debit_skips_hook" time="0.003" /><testcase classname="backend.tests.test_prc_universal_svc_hook" name="test_transfer_out_skips_hook" time="0.003" /><testcase classname="backend.tests.test_prc_universal_svc_hook" name="test_monthly_fee_creates_charge" time="0.004" /><testcase classname="backend.tests.test_prc_universal_svc_hook" name="test_skip_via_metadata_opt_out" time="0.003" /><testcase classname="backend.tests.test_prc_universal_svc_hook" name="test_refund_cancels_linked_charge" time="0.006" /><testcase classname="backend.tests.test_prc_universal_svc_hook" name="test_idempotent_on_same_reference" time="0.007" /></testsuite></testsuites>