<?xml version="1.0" encoding="utf-8"?><testsuites name="pytest tests"><testsuite name="pytest" errors="0" failures="0" skipped="0" tests="19" time="1.321" timestamp="2026-03-20T07:54:44.725952+00:00" hostname="agent-env-ca19f9ef-c0a5-4c3b-b725-63a4f2128de6"><testcase classname="tests.test_prc_field_standardization.TestPRCFieldsHelper" name="test_user_redeem_limit_returns_total_redeemed" time="0.124" /><testcase classname="tests.test_prc_field_standardization.TestPRCFieldsHelper" name="test_total_redeemed_is_not_zero_for_active_user" time="0.047" /><testcase classname="tests.test_prc_field_standardization.TestPRCFieldsHelper" name="test_remaining_limit_calculation" time="0.048" /><testcase classname="tests.test_prc_field_standardization.TestAdminMembersListRedeemLimit" name="test_members_list_includes_redeem_limit" time="0.080" /><testcase classname="tests.test_prc_field_standardization.TestAdminMembersListRedeemLimit" name="test_members_list_total_redeemed_not_always_zero" time="0.083" /><testcase classname="tests.test_prc_field_standardization.TestAdminMembersListRedeemLimit" name="test_specific_user_in_members_list" time="0.102" /><testcase classname="tests.test_prc_field_standardization.TestAdminMembersListRedeemLimit" name="test_sorting_by_used_limit" time="0.049" /><testcase classname="tests.test_prc_field_standardization.TestPRCFieldVariations" name="test_debug_field_analysis_endpoint" time="0.043" /><testcase classname="tests.test_prc_field_standardization.TestPRCFieldVariations" name="test_total_redeemed_consistency" time="0.140" /><testcase classname="tests.test_prc_field_standardization.TestRedeemLimitAcrossCollections" name="test_user_has_subscription_plan" time="0.047" /><testcase classname="tests.test_prc_field_standardization.TestRedeemLimitAcrossCollections" name="test_usage_percentage_calculation" time="0.048" /><testcase classname="tests.test_prc_field_standardization.TestRedeemLimitWithDifferentUsers" name="test_elite_user_base_limit" time="0.064" /><testcase classname="tests.test_prc_field_standardization.TestRedeemLimitWithDifferentUsers" name="test_growth_user_base_limit" time="0.055" /><testcase classname="tests.test_prc_field_standardization.TestRedeemLimitWithDifferentUsers" name="test_explorer_has_zero_limit" time="0.044" /><testcase classname="tests.test_prc_field_standardization.TestBugFix_CollectionsAndFields" name="test_debug_endpoint_shows_collections_checked" time="0.057" /><testcase classname="tests.test_prc_field_standardization.TestBugFix_CollectionsAndFields" name="test_user_redeem_limit_matches_debug_calculation" time="0.092" /><testcase classname="tests.test_prc_field_standardization.TestBugFix_CollectionsAndFields" name="test_total_redeemed_non_zero_for_test_user" time="0.045" /><testcase classname="tests.test_prc_field_standardization.TestEdgeCases" name="test_nonexistent_user_redeem_limit" time="0.046" /><testcase classname="tests.test_prc_field_standardization.TestEdgeCases" name="test_large_limit_response" time="0.082" /></testsuite></testsuites>