<?xml version="1.0" encoding="utf-8"?><testsuites name="pytest tests"><testsuite name="pytest" errors="0" failures="0" skipped="0" tests="18" time="1.157" timestamp="2026-01-06T12:11:12.713902+00:00" hostname="agent-env-d37e29c8-2865-4e57-b918-02f1ac8f47c1"><testcase classname="tests.test_prc_ledger_financial_reports.TestPRCLedger" name="test_get_prc_ledger_returns_summary_and_entries" time="0.109" /><testcase classname="tests.test_prc_ledger_financial_reports.TestPRCLedger" name="test_prc_ledger_filter_credit_only" time="0.046" /><testcase classname="tests.test_prc_ledger_financial_reports.TestPRCLedger" name="test_prc_ledger_filter_debit_only" time="0.045" /><testcase classname="tests.test_prc_ledger_financial_reports.TestPRCLedger" name="test_prc_ledger_inr_conversion" time="0.045" /><testcase classname="tests.test_prc_ledger_financial_reports.TestPRCLedger" name="test_sync_prc_to_books" time="0.091" /><testcase classname="tests.test_prc_ledger_financial_reports.TestProfitLossStatement" name="test_get_profit_loss_statement" time="0.042" /><testcase classname="tests.test_prc_ledger_financial_reports.TestProfitLossStatement" name="test_profit_loss_with_month_year" time="0.041" /><testcase classname="tests.test_prc_ledger_financial_reports.TestBalanceSheet" name="test_get_balance_sheet" time="0.045" /><testcase classname="tests.test_prc_ledger_financial_reports.TestPRCFlowReport" name="test_get_prc_flow_report" time="0.046" /><testcase classname="tests.test_prc_ledger_financial_reports.TestPRCFlowReport" name="test_prc_flow_with_month_year" time="0.046" /><testcase classname="tests.test_prc_ledger_financial_reports.TestAutoCategorization" name="test_auto_categorize_rent" time="0.039" /><testcase classname="tests.test_prc_ledger_financial_reports.TestAutoCategorization" name="test_auto_categorize_salary" time="0.038" /><testcase classname="tests.test_prc_ledger_financial_reports.TestAutoCategorization" name="test_auto_categorize_capital" time="0.075" /><testcase classname="tests.test_prc_ledger_financial_reports.TestAutoCategorization" name="test_auto_categorize_utilities" time="0.036" /><testcase classname="tests.test_prc_ledger_financial_reports.TestAutoCategorization" name="test_auto_categorize_vip_fee" time="0.045" /><testcase classname="tests.test_prc_ledger_financial_reports.TestAutoCategorization" name="test_get_category_suggestions" time="0.039" /><testcase classname="tests.test_prc_ledger_financial_reports.TestPRCLedgerEntryStructure" name="test_ledger_entry_has_required_fields" time="0.046" /><testcase classname="tests.test_prc_ledger_financial_reports.TestPRCLedgerEntryStructure" name="test_pagination_works" time="0.042" /></testsuite></testsuites>