<?xml version="1.0" encoding="utf-8"?><testsuites name="pytest tests"><testsuite name="pytest" errors="0" failures="1" skipped="0" tests="18" time="12.438" timestamp="2026-02-15T08:06:43.966911+00:00" hostname="agent-env-5242cb8d-2e74-4790-8a32-dca1b9b45606"><testcase classname="tests.test_production_readiness.TestHealthCheck" name="test_backend_health" time="0.162" /><testcase classname="tests.test_production_readiness.TestAuthFlow" name="test_auth_type_check" time="0.111" /><testcase classname="tests.test_production_readiness.TestAuthFlow" name="test_login_with_valid_credentials" time="0.347" /><testcase classname="tests.test_production_readiness.TestAuthFlow" name="test_login_with_wrong_pin_fails" time="1.759" /><testcase classname="tests.test_production_readiness.TestAuthFlow" name="test_login_nonexistent_user_fails" time="0.122" /><testcase classname="tests.test_production_readiness.TestUserDashboard" name="test_get_user_data" time="0.931" /><testcase classname="tests.test_production_readiness.TestUserDashboard" name="test_dashboard_combined_api" time="0.909" /><testcase classname="tests.test_production_readiness.TestMiningFlow" name="test_mining_status" time="1.776" /><testcase classname="tests.test_production_readiness.TestMiningFlow" name="test_redemption_stats" time="0.892" /><testcase classname="tests.test_production_readiness.TestSubscriptionFlow" name="test_subscription_plans_list" time="0.134"><failure message="AssertionError: Subscription plans failed: {&quot;detail&quot;:&quot;Not Found&quot;}&#10;assert 404 == 200&#10; +  where 404 = &lt;Response [404]&gt;.status_code">tests/test_production_readiness.py:197: in test_subscription_plans_list
    assert response.status_code == 200, f"Subscription plans failed: {response.text}"
E   AssertionError: Subscription plans failed: {"detail":"Not Found"}
E   assert 404 == 200
E    +  where 404 = &lt;Response [404]&gt;.status_code</failure></testcase><testcase classname="tests.test_production_readiness.TestSubscriptionFlow" name="test_subscription_pricing" time="0.112" /><testcase classname="tests.test_production_readiness.TestAdminSubscriptionManagement" name="test_subscription_stats" time="0.876" /><testcase classname="tests.test_production_readiness.TestAdminSubscriptionManagement" name="test_vip_payments_pending" time="0.918" /><testcase classname="tests.test_production_readiness.TestAdminSubscriptionManagement" name="test_vip_payments_approved" time="1.000" /><testcase classname="tests.test_production_readiness.TestAdminSubscriptionManagement" name="test_vip_payments_with_filters" time="0.683" /><testcase classname="tests.test_production_readiness.TestNotifications" name="test_get_notifications" time="0.502" /><testcase classname="tests.test_production_readiness.TestSessionManagement" name="test_multiple_logins_same_user" time="0.893" /><testcase classname="tests.test_production_readiness.TestMobileResponsiveness" name="test_api_response_time" time="0.207" /></testsuite></testsuites>