<?xml version="1.0" encoding="utf-8"?><testsuites name="pytest tests"><testsuite name="pytest" errors="0" failures="0" skipped="0" tests="10" time="2.372" timestamp="2025-12-31T05:23:57.018234+00:00" hostname="agent-env-b153c6e7-f0c2-498a-a883-fab17f110313"><testcase classname="tests.test_vip_expiry_features.TestExpiredVIPLogin" name="test_expired_vip_login_shows_expiry_info" time="0.312" /><testcase classname="tests.test_vip_expiry_features.TestMarketplaceAccess" name="test_expired_vip_blocked_from_marketplace" time="0.044" /><testcase classname="tests.test_vip_expiry_features.TestGiftVoucherAccess" name="test_expired_vip_blocked_from_gift_voucher" time="0.045" /><testcase classname="tests.test_vip_expiry_features.TestBillPaymentAccess" name="test_expired_vip_blocked_from_bill_payment" time="0.082" /><testcase classname="tests.test_vip_expiry_features.TestPRCBurnJob" name="test_prc_burn_job_execution" time="0.088" /><testcase classname="tests.test_vip_expiry_features.TestPRCBurnJob" name="test_verify_prc_balance_after_burn" time="0.268" /><testcase classname="tests.test_vip_expiry_features.TestFreeUserAccess" name="test_free_user_blocked_from_marketplace" time="0.342" /><testcase classname="tests.test_vip_expiry_features.TestFreeUserAccess" name="test_free_user_blocked_from_gift_voucher" time="0.302" /><testcase classname="tests.test_vip_expiry_features.TestFreeUserAccess" name="test_free_user_blocked_from_bill_payment" time="0.299" /><testcase classname="tests.test_vip_expiry_features.TestActiveVIPAccess" name="test_active_vip_can_access_marketplace" time="0.405" /></testsuite></testsuites>