<?xml version="1.0" encoding="utf-8"?><testsuites name="pytest tests"><testsuite name="pytest" errors="0" failures="0" skipped="0" tests="15" time="0.921" timestamp="2026-01-06T05:34:56.238981+00:00" hostname="agent-env-e23fa5ff-904c-4520-9f9d-01ff748623c5"><testcase classname="tests.test_quick_view_ledger_apis.TestMasterSummaryAPI" name="test_master_summary_endpoint_exists" time="0.106" /><testcase classname="tests.test_quick_view_ledger_apis.TestMasterSummaryAPI" name="test_master_summary_response_structure" time="0.046" /><testcase classname="tests.test_quick_view_ledger_apis.TestMasterSummaryAPI" name="test_master_summary_income_breakdown" time="0.044" /><testcase classname="tests.test_quick_view_ledger_apis.TestMasterSummaryAPI" name="test_master_summary_expense_breakdown" time="0.040" /><testcase classname="tests.test_quick_view_ledger_apis.TestMasterSummaryAPI" name="test_master_summary_prc_stats" time="0.039" /><testcase classname="tests.test_quick_view_ledger_apis.TestMasterSummaryAPI" name="test_master_summary_net_pl_calculation" time="0.040" /><testcase classname="tests.test_quick_view_ledger_apis.TestCashLedgerAPI" name="test_cash_ledger_endpoint_exists" time="0.079" /><testcase classname="tests.test_quick_view_ledger_apis.TestCashLedgerAPI" name="test_cash_ledger_response_structure" time="0.039" /><testcase classname="tests.test_quick_view_ledger_apis.TestCashLedgerAPI" name="test_cash_ledger_pagination" time="0.036" /><testcase classname="tests.test_quick_view_ledger_apis.TestBankLedgerAPI" name="test_bank_ledger_endpoint_exists" time="0.044" /><testcase classname="tests.test_quick_view_ledger_apis.TestBankLedgerAPI" name="test_bank_ledger_response_structure" time="0.035" /><testcase classname="tests.test_quick_view_ledger_apis.TestBankLedgerAPI" name="test_bank_ledger_pagination" time="0.038" /><testcase classname="tests.test_quick_view_ledger_apis.TestAdminAccountingDashboardAPIs" name="test_master_dashboard_endpoint" time="0.045" /><testcase classname="tests.test_quick_view_ledger_apis.TestAdminAccountingDashboardAPIs" name="test_accounting_settings_endpoint" time="0.037" /><testcase classname="tests.test_quick_view_ledger_apis.TestAdminAccountingDashboardAPIs" name="test_conversion_rate_endpoint" time="0.076" /></testsuite></testsuites>