<?xml version="1.0" encoding="utf-8"?><testsuites name="pytest tests"><testsuite name="pytest" errors="0" failures="0" skipped="1" tests="17" time="5.343" timestamp="2026-04-07T11:38:59.617657+00:00" hostname="agent-env-1402b158-3a1a-47dc-9046-ba754c78d940"><testcase classname="backend.tests.test_razorpay_subscription_e2e.TestRazorpayConfig" name="test_razorpay_config_returns_key" time="0.191" /><testcase classname="backend.tests.test_razorpay_subscription_e2e.TestNewUserSubscription" name="test_new_user_is_explorer_initially" time="0.354" /><testcase classname="backend.tests.test_razorpay_subscription_e2e.TestNewUserSubscription" name="test_create_razorpay_order_for_new_user" time="0.905" /><testcase classname="backend.tests.test_razorpay_subscription_e2e.TestNewUserSubscription" name="test_order_saved_in_database" time="0.112" /><testcase classname="backend.tests.test_razorpay_subscription_e2e.TestNewUserSubscription" name="test_verify_payment_rejects_invalid_signature" time="0.498" /><testcase classname="backend.tests.test_razorpay_subscription_e2e.TestOldUserRenewal" name="test_existing_user_has_subscription" time="0.344" /><testcase classname="backend.tests.test_razorpay_subscription_e2e.TestOldUserRenewal" name="test_create_order_for_old_user" time="0.392" /><testcase classname="backend.tests.test_razorpay_subscription_e2e.TestOldUserRenewal" name="test_debug_subscription_renewal_calculation" time="0.114" /><testcase classname="backend.tests.test_razorpay_subscription_e2e.TestAdminManualActivation" name="test_admin_manual_activate_by_email" time="0.338"><skipped type="pytest.skip" message="Test user has no email set">/app/backend/tests/test_razorpay_subscription_e2e.py:275: Test user has no email set</skipped></testcase><testcase classname="backend.tests.test_razorpay_subscription_e2e.TestAdminManualActivation" name="test_verify_subscription_after_activation" time="0.331" /><testcase classname="backend.tests.test_razorpay_subscription_e2e.TestSubscriptionExpiry" name="test_expiry_downgrade_logic" time="0.123" /><testcase classname="backend.tests.test_razorpay_subscription_e2e.TestPaymentHistory" name="test_get_payment_history" time="0.118" /><testcase classname="backend.tests.test_razorpay_subscription_e2e.TestPaymentHistory" name="test_payment_history_only_successful" time="0.112" /><testcase classname="backend.tests.test_razorpay_subscription_e2e.TestOrderStatusUpdate" name="test_update_order_status_cancelled" time="0.487" /><testcase classname="backend.tests.test_razorpay_subscription_e2e.TestOrderStatusUpdate" name="test_cancelled_order_cannot_activate" time="0.616" /><testcase classname="backend.tests.test_razorpay_subscription_e2e.TestHealthAndConfig" name="test_api_health" time="0.127" /><testcase classname="backend.tests.test_razorpay_subscription_e2e.TestHealthAndConfig" name="test_razorpay_toggle_requires_admin" time="0.120" /></testsuite></testsuites>