<?xml version="1.0" encoding="utf-8"?><testsuites name="pytest tests"><testsuite name="pytest" errors="0" failures="0" skipped="0" tests="20" time="12.936" timestamp="2026-03-05T13:27:30.502028+00:00" hostname="agent-env-a6ff97af-9c50-4a17-a5ab-32b04a54cfaf"><testcase classname="tests.test_razorpay_admin.TestAdminRazorpaySubscriptions" name="test_get_all_subscriptions" time="0.141" /><testcase classname="tests.test_razorpay_admin.TestAdminRazorpaySubscriptions" name="test_stats_fields" time="0.128" /><testcase classname="tests.test_razorpay_admin.TestAdminRazorpaySubscriptions" name="test_order_fields" time="0.116" /><testcase classname="tests.test_razorpay_admin.TestAdminRazorpaySubscriptions" name="test_search_by_name" time="0.114" /><testcase classname="tests.test_razorpay_admin.TestAdminRazorpaySubscriptions" name="test_search_by_email" time="0.118" /><testcase classname="tests.test_razorpay_admin.TestAdminRazorpaySubscriptions" name="test_search_by_phone" time="0.115" /><testcase classname="tests.test_razorpay_admin.TestAdminRazorpaySubscriptions" name="test_search_by_order_id" time="0.189" /><testcase classname="tests.test_razorpay_admin.TestAdminRazorpaySubscriptions" name="test_filter_by_status_paid" time="0.107" /><testcase classname="tests.test_razorpay_admin.TestAdminRazorpaySubscriptions" name="test_filter_by_status_created" time="0.122" /><testcase classname="tests.test_razorpay_admin.TestAdminRazorpaySubscriptions" name="test_filter_by_status_failed" time="0.113" /><testcase classname="tests.test_razorpay_admin.TestAdminRazorpaySubscriptions" name="test_search_with_status_filter" time="0.115" /><testcase classname="tests.test_razorpay_admin.TestPaymentHistory" name="test_payment_history_include_all" time="0.123" /><testcase classname="tests.test_razorpay_admin.TestPaymentHistory" name="test_payment_history_status_messages" time="0.111" /><testcase classname="tests.test_razorpay_admin.TestPaymentHistory" name="test_payment_history_only_successful" time="0.135" /><testcase classname="tests.test_razorpay_admin.TestSyncPending" name="test_sync_pending_endpoint" time="3.563" /><testcase classname="tests.test_razorpay_admin.TestSyncPending" name="test_sync_pending_returns_results" time="3.609" /><testcase classname="tests.test_razorpay_admin.TestSyncPending" name="test_sync_pending_handles_errors" time="3.520" /><testcase classname="tests.test_razorpay_admin.TestRazorpayConfig" name="test_razorpay_config" time="0.161" /><testcase classname="tests.test_razorpay_admin.TestUpdateOrderStatus" name="test_update_order_status_requires_fields" time="0.154" /><testcase classname="tests.test_razorpay_admin.TestUpdateOrderStatus" name="test_update_order_status_validates_status" time="0.108" /></testsuite></testsuites>