<?xml version="1.0" encoding="utf-8"?><testsuites name="pytest tests"><testsuite name="pytest" errors="0" failures="0" skipped="0" tests="10" time="2.428" timestamp="2026-04-04T06:53:39.984719+00:00" hostname="agent-env-ca371a54-40b0-42ff-80aa-58c06ba63846"><testcase classname="tests.test_redeem_limit_status_filter.TestRedeemLimitStatusFilter" name="test_api_health" time="0.177" /><testcase classname="tests.test_redeem_limit_status_filter.TestRedeemLimitStatusFilter" name="test_redeem_limit_endpoint_exists" time="0.476" /><testcase classname="tests.test_redeem_limit_status_filter.TestRedeemLimitStatusFilter" name="test_bug_user_excludes_retry_failed" time="0.127" /><testcase classname="tests.test_redeem_limit_status_filter.TestRedeemLimitStatusFilter" name="test_prc_user_excludes_failed" time="0.144" /><testcase classname="tests.test_redeem_limit_status_filter.TestRedeemLimitStatusFilter" name="test_cash_user_subscription_payments" time="0.110" /><testcase classname="tests.test_redeem_limit_status_filter.TestRedeemLimitStatusFilter" name="test_redeem_limit_includes_pending" time="0.112" /><testcase classname="tests.test_redeem_limit_status_filter.TestUser360TotalRedeemed" name="test_user360_total_redeemed_matches_redeem_limit" time="0.555" /><testcase classname="tests.test_redeem_limit_status_filter.TestUser360TotalRedeemed" name="test_user360_excludes_failed_statuses" time="0.124" /><testcase classname="tests.test_redeem_limit_status_filter.TestRedeemLimitResponseStructure" name="test_redeem_limit_response_fields" time="0.462" /><testcase classname="tests.test_redeem_limit_status_filter.TestRedeemLimitResponseStructure" name="test_redeem_limit_calculation_formula" time="0.106" /></testsuite></testsuites>