<?xml version="1.0" encoding="utf-8"?><testsuites name="pytest tests"><testsuite name="pytest" errors="0" failures="0" skipped="0" tests="9" time="0.517" timestamp="2026-02-09T18:11:18.324855+00:00" hostname="agent-env-6408b44c-da42-42ba-ba58-42499707bac6"><testcase classname="backend.tests.test_referral_earnings.TestReferralEarningsAPI" name="test_api_health" time="0.062" /><testcase classname="backend.tests.test_referral_earnings.TestReferralEarningsAPI" name="test_referral_earnings_returns_correct_structure" time="0.049" /><testcase classname="backend.tests.test_referral_earnings.TestReferralEarningsAPI" name="test_summary_has_required_fields" time="0.046" /><testcase classname="backend.tests.test_referral_earnings.TestReferralEarningsAPI" name="test_level_breakdown_shows_l1_to_l5" time="0.039" /><testcase classname="backend.tests.test_referral_earnings.TestReferralEarningsAPI" name="test_top_performers_structure" time="0.042" /><testcase classname="backend.tests.test_referral_earnings.TestReferralEarningsAPI" name="test_today_earnings_shown_when_positive" time="0.037" /><testcase classname="backend.tests.test_referral_earnings.TestReferralEarningsAPI" name="test_earnings_array_has_transactions" time="0.047" /><testcase classname="backend.tests.test_referral_earnings.TestReferralEarningsAPI" name="test_comparison_data_available" time="0.041" /><testcase classname="backend.tests.test_referral_earnings.TestReferralEarningsEdgeCases" name="test_invalid_user_id" time="0.038" /></testsuite></testsuites>