<?xml version="1.0" encoding="utf-8"?><testsuites name="pytest tests"><testsuite name="pytest" errors="0" failures="0" skipped="0" tests="13" time="5.436" timestamp="2026-04-14T02:26:13.769649+00:00" hostname="agent-env-1402b158-3a1a-47dc-9046-ba754c78d940"><testcase classname="backend.tests.test_refund_blocker_modal.TestPendingRefundsAPI" name="test_pending_refunds_returns_success" time="0.273" /><testcase classname="backend.tests.test_refund_blocker_modal.TestPendingRefundsAPI" name="test_pending_refunds_returns_list" time="0.150" /><testcase classname="backend.tests.test_refund_blocker_modal.TestPendingRefundsAPI" name="test_pending_refunds_invalid_user" time="0.153" /><testcase classname="backend.tests.test_refund_blocker_modal.TestSendOTPAPI" name="test_send_otp_requires_user_id" time="0.136" /><testcase classname="backend.tests.test_refund_blocker_modal.TestSendOTPAPI" name="test_send_otp_validates_ownership" time="0.115" /><testcase classname="backend.tests.test_refund_blocker_modal.TestSendOTPAPI" name="test_send_otp_with_valid_user" time="1.252" /><testcase classname="backend.tests.test_refund_blocker_modal.TestVerifyOTPAPI" name="test_verify_otp_requires_user_id_and_otp" time="0.167" /><testcase classname="backend.tests.test_refund_blocker_modal.TestVerifyOTPAPI" name="test_verify_otp_validates_ownership" time="0.111" /><testcase classname="backend.tests.test_refund_blocker_modal.TestVerifyOTPAPI" name="test_verify_otp_with_invalid_otp" time="1.145" /><testcase classname="backend.tests.test_refund_blocker_modal.TestDashboardRefundFlag" name="test_dashboard_returns_requires_refund_action_flag" time="0.623" /><testcase classname="backend.tests.test_refund_blocker_modal.TestDashboardRefundFlag" name="test_dashboard_returns_pending_refund_count" time="0.404" /><testcase classname="backend.tests.test_refund_blocker_modal.TestDashboardRefundFlag" name="test_dashboard_user_data_structure" time="0.367" /><testcase classname="backend.tests.test_refund_blocker_modal.TestRefundFlowIntegration" name="test_pending_refunds_matches_dashboard_flag" time="0.498" /></testsuite></testsuites>