<?xml version="1.0" encoding="utf-8"?><testsuites name="pytest tests"><testsuite name="pytest" errors="0" failures="0" skipped="0" tests="8" time="1.142" timestamp="2026-03-30T01:49:12.834536+00:00" hostname="agent-env-16883f22-a3fc-47eb-8345-dc363b30a9d1"><testcase classname="backend.tests.test_registration_validation.TestRegistrationValidation" name="test_empty_mobile_returns_400" time="0.312" /><testcase classname="backend.tests.test_registration_validation.TestRegistrationValidation" name="test_duplicate_mobile_returns_400" time="0.114" /><testcase classname="backend.tests.test_registration_validation.TestRegistrationValidation" name="test_5_digit_mobile_returns_400" time="0.107" /><testcase classname="backend.tests.test_registration_validation.TestRegistrationValidation" name="test_empty_name_returns_400" time="0.104" /><testcase classname="backend.tests.test_registration_validation.TestRegistrationValidation" name="test_weak_pin_all_same_digits_returns_400" time="0.121" /><testcase classname="backend.tests.test_registration_validation.TestRegistrationValidation" name="test_duplicate_email_returns_400" time="0.117" /><testcase classname="backend.tests.test_registration_validation.TestRegistrationValidation" name="test_invalid_email_format_returns_400" time="0.119" /><testcase classname="backend.tests.test_registration_validation.TestRegistrationValidation" name="test_pin_not_6_digits_returns_400" time="0.114" /></testsuite></testsuites>