<?xml version="1.0" encoding="utf-8"?><testsuites name="pytest tests"><testsuite name="pytest" errors="0" failures="1" skipped="0" tests="32" time="3.779" timestamp="2026-03-20T11:36:25.596102+00:00" hostname="agent-env-f95be7bc-a495-46cb-84f8-acd2984fbb10"><testcase classname="backend.tests.test_restore_zero_balance_prc.TestRestoreZeroBalancePRC" name="test_endpoint_exists_and_responds" time="0.122" /><testcase classname="backend.tests.test_restore_zero_balance_prc.TestRestoreZeroBalancePRC" name="test_dry_run_default_is_true" time="0.097" /><testcase classname="backend.tests.test_restore_zero_balance_prc.TestRestoreZeroBalancePRC" name="test_dry_run_explicit_true" time="0.098" /><testcase classname="backend.tests.test_restore_zero_balance_prc.TestRestoreZeroBalancePRC" name="test_dry_run_false_accepted" time="0.108" /><testcase classname="backend.tests.test_restore_zero_balance_prc.TestRestoreZeroBalancePRC" name="test_limit_parameter_works" time="0.105" /><testcase classname="backend.tests.test_restore_zero_balance_prc.TestRestoreZeroBalancePRC" name="test_response_structure_basic" time="0.108" /><testcase classname="backend.tests.test_restore_zero_balance_prc.TestRestoreZeroBalancePRC" name="test_response_summary_structure" time="0.096" /><testcase classname="backend.tests.test_restore_zero_balance_prc.TestRestoreZeroBalancePRC" name="test_restorations_array_structure" time="0.108" /><testcase classname="backend.tests.test_restore_zero_balance_prc.TestRestoreZeroBalancePRC" name="test_user_skipped_when_no_backup_found" time="0.105" /><testcase classname="backend.tests.test_restore_zero_balance_prc.TestRestoreZeroBalancePRC" name="test_skipped_count_matches_restorations" time="0.128" /><testcase classname="backend.tests.test_restore_zero_balance_prc.TestRestoreZeroBalancePRC" name="test_found_equals_restored_plus_skipped_plus_errors" time="0.114" /><testcase classname="backend.tests.test_restore_zero_balance_prc.TestRestoreZeroBalancePRC" name="test_timestamp_is_valid_iso_format" time="0.096" /><testcase classname="backend.tests.test_restore_zero_balance_prc.TestRestoreZeroBalancePRC" name="test_dry_run_does_not_modify_data" time="0.143" /><testcase classname="backend.tests.test_restore_zero_balance_prc.TestRestoreZeroBalancePRC" name="test_dry_run_status_is_would_restore_or_skipped" time="0.121" /><testcase classname="backend.tests.test_restore_zero_balance_prc.TestRestoreZeroBalancePRC" name="test_errors_array_in_response" time="0.101" /><testcase classname="backend.tests.test_restore_zero_balance_prc.TestRestoreZeroBalancePRC" name="test_invalid_limit_parameter" time="0.102" /><testcase classname="backend.tests.test_restore_zero_balance_prc.TestRestoreZeroBalancePRC" name="test_negative_limit_parameter" time="0.111" /><testcase classname="backend.tests.test_restore_zero_balance_prc.TestRestoreZeroBalancePRCWithTestData" name="test_restoration_source_priority_prc_corrections_log_first" time="0.101" /><testcase classname="backend.tests.test_restore_zero_balance_prc.TestRestoreZeroBalancePRCWithTestData" name="test_restoration_includes_balance_info" time="0.096" /><testcase classname="backend.tests.test_restore_zero_balance_prc.TestRestoreZeroBalancePRCIntegration" name="test_total_prc_to_restore_calculation" time="0.112" /><testcase classname="backend.tests.test_restore_zero_balance_prc.TestRestoreZeroBalancePRCIntegration" name="test_note_changes_based_on_dry_run" time="0.142" /><testcase classname="backend.tests.test_restore_zero_balance_prc.TestRestoreZeroBalancePRCEdgeCases" name="test_restorations_capped_at_100" time="0.122" /><testcase classname="backend.tests.test_restore_zero_balance_prc.TestRestoreZeroBalancePRCEdgeCases" name="test_errors_capped_at_20" time="0.106" /><testcase classname="backend.tests.test_restore_zero_balance_prc.TestRestoreZeroBalancePRCEdgeCases" name="test_limit_zero_returns_no_users" time="0.121" /><testcase classname="backend.tests.test_restore_zero_balance_prc_integration.TestRestoreZeroBalancePRCWithDatabaseSetup" name="test_dry_run_finds_user_from_correction_log" time="0.112" /><testcase classname="backend.tests.test_restore_zero_balance_prc_integration.TestRestoreZeroBalancePRCWithDatabaseSetup" name="test_dry_run_finds_user_from_before_correction_field" time="0.106" /><testcase classname="backend.tests.test_restore_zero_balance_prc_integration.TestRestoreZeroBalancePRCWithDatabaseSetup" name="test_correction_log_takes_priority_over_user_field" time="0.106" /><testcase classname="backend.tests.test_restore_zero_balance_prc_integration.TestRestoreZeroBalancePRCWithDatabaseSetup" name="test_actual_restoration_updates_user_balance" time="0.117" /><testcase classname="backend.tests.test_restore_zero_balance_prc_integration.TestRestoreZeroBalancePRCWithDatabaseSetup" name="test_actual_restoration_creates_restoration_log" time="0.112" /><testcase classname="backend.tests.test_restore_zero_balance_prc_integration.TestRestoreZeroBalancePRCWithDatabaseSetup" name="test_actual_restoration_creates_transaction_log" time="0.109"><failure message="Failed: BUG: Transaction log creation fails due to missing 'transaction_id' field. The transactions collection has a unique index on 'transaction_id'. Error: E11000 duplicate key error collection: paras_reward_db.transactions index: transaction_id_1 dup key: { transaction_id: null }, full error: {'index': 0, 'code': 11000, 'errmsg': 'E11000 duplicate key error collection: paras_reward_db.transactions index: transaction_id_1 dup key: { transaction_id: null }', 'keyPattern': {'transaction_id': 1}, 'keyValue': {'transaction_id': None}}">backend/tests/test_restore_zero_balance_prc_integration.py:319: in test_actual_restoration_creates_transaction_log
    pytest.fail(
E   Failed: BUG: Transaction log creation fails due to missing 'transaction_id' field. The transactions collection has a unique index on 'transaction_id'. Error: E11000 duplicate key error collection: paras_reward_db.transactions index: transaction_id_1 dup key: { transaction_id: null }, full error: {'index': 0, 'code': 11000, 'errmsg': 'E11000 duplicate key error collection: paras_reward_db.transactions index: transaction_id_1 dup key: { transaction_id: null }', 'keyPattern': {'transaction_id': 1}, 'keyValue': {'transaction_id': None}}</failure></testcase><testcase classname="backend.tests.test_restore_zero_balance_prc_integration.TestRestoreZeroBalancePRCWithDatabaseSetup" name="test_restored_user_not_processed_again" time="0.171" /><testcase classname="backend.tests.test_restore_zero_balance_prc_integration.TestRestoreZeroBalancePRCNegativeBalance" name="test_negative_balance_user_found" time="0.114" /></testsuite></testsuites>