<?xml version="1.0" encoding="utf-8"?><testsuites name="pytest tests"><testsuite name="pytest" errors="0" failures="0" skipped="0" tests="24" time="2.925" timestamp="2026-03-20T11:34:38.359413+00:00" hostname="agent-env-f95be7bc-a495-46cb-84f8-acd2984fbb10"><testcase classname="backend.tests.test_restore_zero_balance_prc.TestRestoreZeroBalancePRC" name="test_endpoint_exists_and_responds" time="0.229" /><testcase classname="backend.tests.test_restore_zero_balance_prc.TestRestoreZeroBalancePRC" name="test_dry_run_default_is_true" time="0.145" /><testcase classname="backend.tests.test_restore_zero_balance_prc.TestRestoreZeroBalancePRC" name="test_dry_run_explicit_true" time="0.148" /><testcase classname="backend.tests.test_restore_zero_balance_prc.TestRestoreZeroBalancePRC" name="test_dry_run_false_accepted" time="0.102" /><testcase classname="backend.tests.test_restore_zero_balance_prc.TestRestoreZeroBalancePRC" name="test_limit_parameter_works" time="0.137" /><testcase classname="backend.tests.test_restore_zero_balance_prc.TestRestoreZeroBalancePRC" name="test_response_structure_basic" time="0.108" /><testcase classname="backend.tests.test_restore_zero_balance_prc.TestRestoreZeroBalancePRC" name="test_response_summary_structure" time="0.100" /><testcase classname="backend.tests.test_restore_zero_balance_prc.TestRestoreZeroBalancePRC" name="test_restorations_array_structure" time="0.099" /><testcase classname="backend.tests.test_restore_zero_balance_prc.TestRestoreZeroBalancePRC" name="test_user_skipped_when_no_backup_found" time="0.133" /><testcase classname="backend.tests.test_restore_zero_balance_prc.TestRestoreZeroBalancePRC" name="test_skipped_count_matches_restorations" time="0.095" /><testcase classname="backend.tests.test_restore_zero_balance_prc.TestRestoreZeroBalancePRC" name="test_found_equals_restored_plus_skipped_plus_errors" time="0.119" /><testcase classname="backend.tests.test_restore_zero_balance_prc.TestRestoreZeroBalancePRC" name="test_timestamp_is_valid_iso_format" time="0.099" /><testcase classname="backend.tests.test_restore_zero_balance_prc.TestRestoreZeroBalancePRC" name="test_dry_run_does_not_modify_data" time="0.161" /><testcase classname="backend.tests.test_restore_zero_balance_prc.TestRestoreZeroBalancePRC" name="test_dry_run_status_is_would_restore_or_skipped" time="0.099" /><testcase classname="backend.tests.test_restore_zero_balance_prc.TestRestoreZeroBalancePRC" name="test_errors_array_in_response" time="0.097" /><testcase classname="backend.tests.test_restore_zero_balance_prc.TestRestoreZeroBalancePRC" name="test_invalid_limit_parameter" time="0.095" /><testcase classname="backend.tests.test_restore_zero_balance_prc.TestRestoreZeroBalancePRC" name="test_negative_limit_parameter" time="0.094" /><testcase classname="backend.tests.test_restore_zero_balance_prc.TestRestoreZeroBalancePRCWithTestData" name="test_restoration_source_priority_prc_corrections_log_first" time="0.100" /><testcase classname="backend.tests.test_restore_zero_balance_prc.TestRestoreZeroBalancePRCWithTestData" name="test_restoration_includes_balance_info" time="0.103" /><testcase classname="backend.tests.test_restore_zero_balance_prc.TestRestoreZeroBalancePRCIntegration" name="test_total_prc_to_restore_calculation" time="0.117" /><testcase classname="backend.tests.test_restore_zero_balance_prc.TestRestoreZeroBalancePRCIntegration" name="test_note_changes_based_on_dry_run" time="0.135" /><testcase classname="backend.tests.test_restore_zero_balance_prc.TestRestoreZeroBalancePRCEdgeCases" name="test_restorations_capped_at_100" time="0.101" /><testcase classname="backend.tests.test_restore_zero_balance_prc.TestRestoreZeroBalancePRCEdgeCases" name="test_errors_capped_at_20" time="0.119" /><testcase classname="backend.tests.test_restore_zero_balance_prc.TestRestoreZeroBalancePRCEdgeCases" name="test_limit_zero_returns_no_users" time="0.104" /></testsuite></testsuites>