<?xml version="1.0" encoding="utf-8"?><testsuites name="pytest tests"><testsuite name="pytest" errors="0" failures="0" skipped="0" tests="19" time="5.045" timestamp="2026-04-07T12:16:31.245322+00:00" hostname="agent-env-1402b158-3a1a-47dc-9046-ba754c78d940"><testcase classname="backend.tests.test_security_pin.TestSecurityPinCheck" name="test_check_security_pin_status_returns_has_pin" time="0.178" /><testcase classname="backend.tests.test_security_pin.TestSecurityPinCheck" name="test_check_security_pin_never_returns_actual_pin" time="0.112" /><testcase classname="backend.tests.test_security_pin.TestSecurityPinCheck" name="test_check_security_pin_invalid_user" time="0.112" /><testcase classname="backend.tests.test_security_pin.TestSecurityPinChange" name="test_change_security_pin_with_current_pin" time="0.415" /><testcase classname="backend.tests.test_security_pin.TestSecurityPinChange" name="test_change_security_pin_with_login_pin" time="0.692" /><testcase classname="backend.tests.test_security_pin.TestSecurityPinChange" name="test_change_security_pin_rejects_non_4_digit" time="0.344" /><testcase classname="backend.tests.test_security_pin.TestSecurityPinChange" name="test_change_security_pin_rejects_all_same_digits" time="0.465" /><testcase classname="backend.tests.test_security_pin.TestSecurityPinChange" name="test_change_security_pin_rejects_wrong_current_pin" time="0.121" /><testcase classname="backend.tests.test_security_pin.TestSecurityPinChange" name="test_change_security_pin_requires_user_id" time="0.115" /><testcase classname="backend.tests.test_security_pin.TestForgotPinFlow" name="test_step1_verify_email" time="0.103" /><testcase classname="backend.tests.test_security_pin.TestForgotPinFlow" name="test_step1_verify_email_not_found" time="0.105" /><testcase classname="backend.tests.test_security_pin.TestForgotPinFlow" name="test_verify_security_rejects_incorrect_pin" time="0.211" /><testcase classname="backend.tests.test_security_pin.TestForgotPinFlow" name="test_verify_security_requires_4_digit_pin" time="0.100" /><testcase classname="backend.tests.test_security_pin.TestSecurityPinNeverExposed" name="test_login_does_not_expose_security_pin" time="0.338" /><testcase classname="backend.tests.test_security_pin.TestSecurityPinNeverExposed" name="test_user_profile_does_not_expose_security_pin" time="0.523" /><testcase classname="backend.tests.test_security_pin.TestSecurityPinNeverExposed" name="test_verify_document_returns_has_security_pin_flag_only" time="0.167" /><testcase classname="backend.tests.test_security_pin.TestRegistrationSecurityPin" name="test_new_user_gets_default_security_pin" time="0.113" /><testcase classname="backend.tests.test_security_pin.TestSecurityPinAPIStructure" name="test_check_endpoint_structure" time="0.104" /><testcase classname="backend.tests.test_security_pin.TestSecurityPinAPIStructure" name="test_change_endpoint_success_structure" time="0.691" /></testsuite></testsuites>