<?xml version="1.0" encoding="utf-8"?><testsuites name="pytest tests"><testsuite name="pytest" errors="0" failures="0" skipped="0" tests="10" time="1.104" timestamp="2026-02-18T10:08:55.296541+00:00" hostname="agent-env-5e930800-c605-45a1-9182-4bf3e2bbe078"><testcase classname="tests.test_service_toggles.TestServiceTogglesAPI" name="test_get_all_service_toggles" time="0.224" /><testcase classname="tests.test_service_toggles.TestServiceTogglesAPI" name="test_toggle_service_disable" time="0.257" /><testcase classname="tests.test_service_toggles.TestServiceTogglesAPI" name="test_toggle_service_enable" time="0.228" /><testcase classname="tests.test_service_toggles.TestServiceTogglesAPI" name="test_toggle_invalid_service" time="0.152" /><testcase classname="tests.test_service_toggles.TestDisabledServiceBlocking" name="test_disabled_mobile_recharge_blocks_request" time="0.024" /><testcase classname="tests.test_service_toggles.TestDisabledServiceBlocking" name="test_disabled_dish_recharge_blocks_request" time="0.024" /><testcase classname="tests.test_service_toggles.TestDisabledServiceBlocking" name="test_disabled_loan_emi_blocks_request" time="0.023" /><testcase classname="tests.test_service_toggles.TestDisabledServiceBlocking" name="test_disabled_bank_redeem_blocks_request" time="0.027" /><testcase classname="tests.test_service_toggles.TestDisabledServiceBlocking" name="test_disabled_gift_voucher_blocks_request" time="0.023" /><testcase classname="tests.test_service_toggles.TestToggleAllServices" name="test_toggle_all_services_disabled_then_enabled" time="0.053" /></testsuite></testsuites>