<?xml version="1.0" encoding="utf-8"?><testsuites name="pytest tests"><testsuite name="pytest" errors="0" failures="0" skipped="0" tests="4" time="1.744" timestamp="2026-07-08T08:25:19.967355+00:00" hostname="agent-env-1402b158-3a1a-47dc-9046-ba754c78d940"><testcase classname="backend.tests.test_structure_gate_live" name="test_default_user_bypasses_structure" time="0.502" /><testcase classname="backend.tests.test_structure_gate_live" name="test_district_gate_active" time="0.350" /><testcase classname="backend.tests.test_structure_gate_live" name="test_national_gate_structure" time="0.379" /><testcase classname="backend.tests.test_structure_gate_live" name="test_audit_structure_endpoint" time="0.476" /></testsuite></testsuites>