<?xml version="1.0" encoding="utf-8"?><testsuites name="pytest tests"><testsuite name="pytest" errors="0" failures="1" skipped="0" tests="21" time="6.982" timestamp="2026-02-18T06:19:18.014360+00:00" hostname="agent-env-42e7cb8f-e8bd-44f2-996a-e65d22ff9915"><testcase classname="backend.tests.test_subscription_kyc_timeout.TestHealthCheck" name="test_health_endpoint" time="0.236" /><testcase classname="backend.tests.test_subscription_kyc_timeout.TestSubscriptionPaymentApproval" name="test_get_pending_vip_payments" time="0.111" /><testcase classname="backend.tests.test_subscription_kyc_timeout.TestSubscriptionPaymentApproval" name="test_get_pending_count" time="0.144" /><testcase classname="backend.tests.test_subscription_kyc_timeout.TestSubscriptionPaymentApproval" name="test_approve_nonexistent_payment" time="0.142" /><testcase classname="backend.tests.test_subscription_kyc_timeout.TestSubscriptionPaymentApproval" name="test_reject_nonexistent_payment" time="0.098" /><testcase classname="backend.tests.test_subscription_kyc_timeout.TestSubscriptionPaymentApproval" name="test_subscription_stats" time="0.161" /><testcase classname="backend.tests.test_subscription_kyc_timeout.TestSubscriptionPaymentApproval" name="test_pricing_reference" time="0.112" /><testcase classname="backend.tests.test_subscription_kyc_timeout.TestKYCDocumentSubmission" name="test_kyc_invalid_aadhaar_format" time="0.545" /><testcase classname="backend.tests.test_subscription_kyc_timeout.TestKYCDocumentSubmission" name="test_kyc_invalid_pan_format" time="0.429" /><testcase classname="backend.tests.test_subscription_kyc_timeout.TestKYCDocumentSubmission" name="test_kyc_invalid_image_format" time="0.429"><failure message="AssertionError: assert ('image' in 'aadhaar number already registered (already registered with adm***). please use correct aadhaar number.' or 'format' in 'aadhaar number already registered (already registered with adm***). please use correct aadhaar number.')&#10; +  where 'aadhaar number already registered (already registered with adm***). please use correct aadhaar number.' = &lt;built-in method lower of str object at 0xfa7502369890&gt;()&#10; +    where &lt;built-in method lower of str object at 0xfa7502369890&gt; = 'Aadhaar number already registered (already registered with adm***). Please use correct Aadhaar number.'.lower&#10; +      where 'Aadhaar number already registered (already registered with adm***). Please use correct Aadhaar number.' = &lt;built-in method get of dict object at 0xfa75023a8c40&gt;('detail', '')&#10; +        where &lt;built-in method get of dict object at 0xfa75023a8c40&gt; = {'detail': 'Aadhaar number already registered (already registered with adm***). Please use correct Aadhaar number.'}.get&#10; +  and   'aadhaar number already registered (already registered with adm***). please use correct aadhaar number.' = &lt;built-in method lower of str object at 0xfa7502369890&gt;()&#10; +    where &lt;built-in method lower of str object at 0xfa7502369890&gt; = 'Aadhaar number already registered (already registered with adm***). Please use correct Aadhaar number.'.lower&#10; +      where 'Aadhaar number already registered (already registered with adm***). Please use correct Aadhaar number.' = &lt;built-in method get of dict object at 0xfa75023a8c40&gt;('detail', '')&#10; +        where &lt;built-in method get of dict object at 0xfa75023a8c40&gt; = {'detail': 'Aadhaar number already registered (already registered with adm***). Please use correct Aadhaar number.'}.get">backend/tests/test_subscription_kyc_timeout.py:183: in test_kyc_invalid_image_format
    assert "image" in data.get("detail", "").lower() or "format" in data.get("detail", "").lower()
E   AssertionError: assert ('image' in 'aadhaar number already registered (already registered with adm***). please use correct aadhaar number.' or 'format' in 'aadhaar number already registered (already registered with adm***). please use correct aadhaar number.')
E    +  where 'aadhaar number already registered (already registered with adm***). please use correct aadhaar number.' = &lt;built-in method lower of str object at 0xfa7502369890&gt;()
E    +    where &lt;built-in method lower of str object at 0xfa7502369890&gt; = 'Aadhaar number already registered (already registered with adm***). Please use correct Aadhaar number.'.lower
E    +      where 'Aadhaar number already registered (already registered with adm***). Please use correct Aadhaar number.' = &lt;built-in method get of dict object at 0xfa75023a8c40&gt;('detail', '')
E    +        where &lt;built-in method get of dict object at 0xfa75023a8c40&gt; = {'detail': 'Aadhaar number already registered (already registered with adm***). Please use correct Aadhaar number.'}.get
E    +  and   'aadhaar number already registered (already registered with adm***). please use correct aadhaar number.' = &lt;built-in method lower of str object at 0xfa7502369890&gt;()
E    +    where &lt;built-in method lower of str object at 0xfa7502369890&gt; = 'Aadhaar number already registered (already registered with adm***). Please use correct Aadhaar number.'.lower
E    +      where 'Aadhaar number already registered (already registered with adm***). Please use correct Aadhaar number.' = &lt;built-in method get of dict object at 0xfa75023a8c40&gt;('detail', '')
E    +        where &lt;built-in method get of dict object at 0xfa75023a8c40&gt; = {'detail': 'Aadhaar number already registered (already registered with adm***). Please use correct Aadhaar number.'}.get</failure></testcase><testcase classname="backend.tests.test_subscription_kyc_timeout.TestKYCDocumentSubmission" name="test_kyc_valid_aadhaar_format" time="0.988" /><testcase classname="backend.tests.test_subscription_kyc_timeout.TestKYCDocumentSubmission" name="test_kyc_valid_pan_format" time="0.640" /><testcase classname="backend.tests.test_subscription_kyc_timeout.TestKYCList" name="test_get_kyc_list_all" time="0.789" /><testcase classname="backend.tests.test_subscription_kyc_timeout.TestKYCList" name="test_get_kyc_list_pending" time="0.693" /><testcase classname="backend.tests.test_subscription_kyc_timeout.TestAdminVIPPaymentFlow" name="test_vip_payments_with_filters" time="0.241" /><testcase classname="backend.tests.test_subscription_kyc_timeout.TestAdminVIPPaymentFlow" name="test_vip_cache_clear" time="0.099" /><testcase classname="backend.tests.test_subscription_kyc_timeout.TestTimeoutHandling" name="test_health_quick_response" time="0.112" /><testcase classname="backend.tests.test_subscription_kyc_timeout.TestTimeoutHandling" name="test_performance_status" time="0.104" /><testcase classname="backend.tests.test_subscription_kyc_timeout.TestTimeoutHandling" name="test_cache_stats" time="0.107" /><testcase classname="backend.tests.test_subscription_kyc_timeout.TestErrorScenarios" name="test_approve_already_approved_payment_id" time="0.104" /><testcase classname="backend.tests.test_subscription_kyc_timeout.TestErrorScenarios" name="test_kyc_submit_empty_data" time="0.537" /></testsuite></testsuites>