<?xml version="1.0" encoding="utf-8"?><testsuites name="pytest tests"><testsuite name="pytest" errors="0" failures="0" skipped="0" tests="15" time="1.855" timestamp="2026-03-28T17:14:39.540775+00:00" hostname="agent-env-acd2fb09-5000-432d-ae82-df2a46faa1d9"><testcase classname="tests.test_subscription_burning.TestElitePricingAPI" name="test_elite_pricing_endpoint_returns_success" time="0.157" /><testcase classname="tests.test_subscription_burning.TestElitePricingAPI" name="test_elite_pricing_returns_both_prc_and_cash" time="0.110" /><testcase classname="tests.test_subscription_burning.TestElitePricingAPI" name="test_prc_pricing_includes_5_percent_burning" time="0.101" /><testcase classname="tests.test_subscription_burning.TestElitePricingAPI" name="test_cash_pricing_includes_1_percent_burning" time="0.110" /><testcase classname="tests.test_subscription_burning.TestElitePricingAPI" name="test_admin_charge_calculated_on_base_plus_processing" time="0.101" /><testcase classname="tests.test_subscription_burning.TestElitePricingAPI" name="test_pricing_breakdown_has_all_required_fields" time="0.168" /><testcase classname="tests.test_subscription_burning.TestElitePricingAPI" name="test_burn_rate_labels_in_response" time="0.127" /><testcase classname="tests.test_subscription_burning.TestRedeemChargesAPI" name="test_redeem_charges_prc_payment_5_percent_burn" time="0.110" /><testcase classname="tests.test_subscription_burning.TestRedeemChargesAPI" name="test_redeem_charges_cash_payment_1_percent_burn" time="0.109" /><testcase classname="tests.test_subscription_burning.TestRedeemChargesAPI" name="test_redeem_charges_default_is_cash" time="0.147" /><testcase classname="tests.test_subscription_burning.TestRedeemChargesAPI" name="test_redeem_charges_burn_prc_calculated" time="0.109" /><testcase classname="tests.test_subscription_burning.TestMathVerification" name="test_prc_subscription_math_with_rate_10" time="0.107" /><testcase classname="tests.test_subscription_burning.TestMathVerification" name="test_cash_subscription_math_with_rate_10" time="0.139" /><testcase classname="tests.test_subscription_burning.TestComparisonTable" name="test_burn_rate_difference" time="0.111" /><testcase classname="tests.test_subscription_burning.TestComparisonTable" name="test_prc_total_higher_than_cash" time="0.123" /></testsuite></testsuites>