<?xml version="1.0" encoding="utf-8"?><testsuites name="pytest tests"><testsuite name="pytest" errors="0" failures="0" skipped="0" tests="14" time="0.903" timestamp="2026-01-13T11:31:13.744595+00:00" hostname="agent-env-d3bda4a2-606c-49a1-a3fa-0e776324ba15"><testcase classname="tests.test_subscription_tap_mining.TestHealthCheck" name="test_api_health" time="0.077" /><testcase classname="tests.test_subscription_tap_mining.TestUserSubscriptionPlan" name="test_get_user_subscription_plan" time="0.042" /><testcase classname="tests.test_subscription_tap_mining.TestUserSubscriptionPlan" name="test_admin_user_subscription_plan" time="0.042" /><testcase classname="tests.test_subscription_tap_mining.TestMiningStatus" name="test_mining_status_returns_active_referrals" time="0.041" /><testcase classname="tests.test_subscription_tap_mining.TestMiningStatus" name="test_mining_status_returns_referral_breakdown" time="0.044" /><testcase classname="tests.test_subscription_tap_mining.TestMiningStatus" name="test_mining_status_returns_mining_rate" time="0.044" /><testcase classname="tests.test_subscription_tap_mining.TestMiningStatus" name="test_mining_status_session_fields" time="0.041" /><testcase classname="tests.test_subscription_tap_mining.TestTapGame" name="test_tap_game_respects_plan_limits" time="0.039" /><testcase classname="tests.test_subscription_tap_mining.TestTapGame" name="test_tap_endpoint_exists" time="0.085" /><testcase classname="tests.test_subscription_tap_mining.TestSubscriptionPlans" name="test_subscription_plans_endpoint" time="0.039" /><testcase classname="tests.test_subscription_tap_mining.TestSubscriptionPlans" name="test_subscription_pricing_endpoint" time="0.038" /><testcase classname="tests.test_subscription_tap_mining.TestMiningRateCalculation" name="test_mining_rate_reflects_subscription_multiplier" time="0.086" /><testcase classname="tests.test_subscription_tap_mining.TestReferralBonus" name="test_referral_breakdown_structure" time="0.037" /><testcase classname="tests.test_subscription_tap_mining.TestReferralBonus" name="test_active_referrals_count" time="0.041" /></testsuite></testsuites>