<?xml version="1.0" encoding="utf-8"?><testsuites name="pytest tests"><testsuite name="pytest" errors="0" failures="0" skipped="1" tests="14" time="4.435" timestamp="2026-01-20T05:56:36.317250+00:00" hostname="agent-env-6f84a3a8-78b7-4ff5-b1b1-d00498d8ce31"><testcase classname="tests.test_tap_game_referral_reward.TestHealthCheck" name="test_health_endpoint" time="0.069" /><testcase classname="tests.test_tap_game_referral_reward.TestTapGameExplorerPlan" name="test_explorer_prc_per_tap" time="0.305" /><testcase classname="tests.test_tap_game_referral_reward.TestTapGameExplorerPlan" name="test_explorer_daily_limit_100" time="0.344" /><testcase classname="tests.test_tap_game_referral_reward.TestTapGameExplorerPlan" name="test_explorer_tap_limit_exceeded" time="0.348" /><testcase classname="tests.test_tap_game_referral_reward.TestTapGameStartupPlan" name="test_startup_prc_per_tap" time="0.598"><skipped type="pytest.skip" message="Could not upgrade user to Startup: {&quot;detail&quot;:&quot;Not Found&quot;}">/app/tests/test_tap_game_referral_reward.py:179: Could not upgrade user to Startup: {"detail":"Not Found"}</skipped></testcase><testcase classname="tests.test_tap_game_referral_reward.TestTapGameAllPlans" name="test_prc_per_tap_configuration" time="0.341" /><testcase classname="tests.test_tap_game_referral_reward.TestDailyTapLimit" name="test_partial_taps_tracking" time="0.383" /><testcase classname="tests.test_tap_game_referral_reward.TestDailyTapLimit" name="test_tap_limit_reached_error" time="0.341" /><testcase classname="tests.test_tap_game_referral_reward.TestReferralRewardSystem" name="test_referral_reward_eligibility_check" time="0.302" /><testcase classname="tests.test_tap_game_referral_reward.TestReferralRewardSystem" name="test_referral_reward_one_time_flag" time="0.299" /><testcase classname="tests.test_tap_game_referral_reward.TestTapGameUserNotFound" name="test_invalid_user_id" time="0.037" /><testcase classname="tests.test_tap_game_referral_reward.TestTapGameUserNotFound" name="test_invalid_tap_count" time="0.340" /><testcase classname="tests.test_tap_game_referral_reward.TestTapGamePRCCalculation" name="test_prc_earned_calculation" time="0.342" /><testcase classname="tests.test_tap_game_referral_reward.TestTapGamePRCCalculation" name="test_full_daily_prc_for_explorer" time="0.301" /></testsuite></testsuites>