<?xml version="1.0" encoding="utf-8"?><testsuites name="pytest tests"><testsuite name="pytest" errors="0" failures="0" skipped="0" tests="11" time="50.395" timestamp="2026-01-20T05:57:52.227472+00:00" hostname="agent-env-6f84a3a8-78b7-4ff5-b1b1-d00498d8ce31"><testcase classname="tests.test_tap_game_subscription_plans.TestStartupPlanTapGame" name="test_startup_prc_per_tap" time="0.641" /><testcase classname="tests.test_tap_game_subscription_plans.TestStartupPlanTapGame" name="test_startup_daily_limit_100" time="0.611" /><testcase classname="tests.test_tap_game_subscription_plans.TestGrowthPlanTapGame" name="test_growth_prc_per_tap" time="0.609" /><testcase classname="tests.test_tap_game_subscription_plans.TestGrowthPlanTapGame" name="test_growth_daily_prc_potential" time="0.607" /><testcase classname="tests.test_tap_game_subscription_plans.TestElitePlanTapGame" name="test_elite_prc_per_tap" time="0.608" /><testcase classname="tests.test_tap_game_subscription_plans.TestElitePlanTapGame" name="test_elite_daily_prc_potential" time="0.595" /><testcase classname="tests.test_tap_game_subscription_plans.TestAllPlansPRCComparison" name="test_prc_rates_comparison" time="2.247" /><testcase classname="tests.test_tap_game_subscription_plans.TestReferralRewardSystemDetailed" name="test_referral_reward_requirements" time="0.647" /><testcase classname="tests.test_tap_game_subscription_plans.TestReferralRewardSystemDetailed" name="test_referral_code_generation" time="0.299" /><testcase classname="tests.test_tap_game_subscription_plans.TestReferralRewardSystemDetailed" name="test_referral_stats_endpoint" time="0.298" /><testcase classname="tests.test_tap_game_subscription_plans.TestDailyTapLimitAllPlans" name="test_all_plans_have_100_tap_limit" time="43.162" /></testsuite></testsuites>