<?xml version="1.0" encoding="utf-8"?><testsuites name="pytest tests"><testsuite name="pytest" errors="0" failures="0" skipped="0" tests="31" time="3.884" timestamp="2026-06-19T07:46:42.963853+00:00" hostname="agent-env-1402b158-3a1a-47dc-9046-ba754c78d940"><testcase classname="tests.test_fixed_prc_rate_cleanup.TestRateHelpersDirectImport" name="test_helpers_get_prc_rate_sync_returns_10" time="0.001" /><testcase classname="tests.test_fixed_prc_rate_cleanup.TestRateHelpersDirectImport" name="test_helpers_get_prc_rate_async_returns_10" time="0.001" /><testcase classname="tests.test_fixed_prc_rate_cleanup.TestRateHelpersDirectImport" name="test_bank_redeem_get_dynamic_prc_rate_returns_10" time="0.436" /><testcase classname="tests.test_fixed_prc_rate_cleanup.TestRateHelpersDirectImport" name="test_unified_redeem_v2_get_dynamic_prc_rate_returns_10" time="0.015" /><testcase classname="tests.test_fixed_prc_rate_cleanup.TestRateHelpersDirectImport" name="test_growth_economy_get_dynamic_prc_rate_returns_10" time="0.000" /><testcase classname="tests.test_fixed_prc_rate_cleanup.TestRateHelpersDirectImport" name="test_admin_accounting_get_prc_ledger_rate_returns_0_10" time="0.000" /><testcase classname="tests.test_fixed_prc_rate_cleanup.TestPrcRateAPI" name="test_growth_prc_rate_endpoint" time="0.159" /><testcase classname="tests.test_fixed_prc_rate_cleanup.TestSurvivingEndpoints" name="test_mining_rate_breakdown_200" time="0.109" /><testcase classname="tests.test_fixed_prc_rate_cleanup.TestSurvivingEndpoints" name="test_notifications_level_breakdown_200" time="0.104" /><testcase classname="tests.test_fixed_prc_rate_cleanup.TestSurvivingEndpoints" name="test_bank_redeem_denominations_uses_fixed_rate" time="0.099" /><testcase classname="tests.test_fixed_prc_rate_cleanup" name="test_deleted_endpoint_unreachable[/growth/admin/set-prc-rate]" time="0.218" /><testcase classname="tests.test_fixed_prc_rate_cleanup" name="test_deleted_endpoint_unreachable[/growth/admin/prc-rate-override]" time="0.213" /><testcase classname="tests.test_fixed_prc_rate_cleanup" name="test_deleted_endpoint_unreachable[/admin/settings/prc-rate]" time="0.199" /><testcase classname="tests.test_fixed_prc_rate_cleanup" name="test_deleted_endpoint_unreachable[/admin/prc-economy/dashboard]" time="0.208" /><testcase classname="tests.test_fixed_prc_rate_cleanup" name="test_deleted_endpoint_unreachable[/admin/prc-economy/rate]" time="0.212" /><testcase classname="tests.test_fixed_prc_rate_cleanup" name="test_deleted_endpoint_unreachable[/admin/prc-economy/redeem-pressure]" time="0.205" /><testcase classname="tests.test_fixed_prc_rate_cleanup" name="test_deleted_endpoint_unreachable[/admin/prc-economy/stability]" time="0.197" /><testcase classname="tests.test_fixed_prc_rate_cleanup" name="test_deleted_endpoint_unreachable[/admin/prc-economy/emergency-check]" time="0.192" /><testcase classname="tests.test_fixed_prc_rate_cleanup" name="test_deleted_endpoint_unreachable[/admin/prc-economy/whale-wallets]" time="0.205" /><testcase classname="tests.test_fixed_prc_rate_cleanup" name="test_deleted_endpoint_unreachable[/admin/prc-economy/pause-status]" time="0.207" /><testcase classname="tests.test_fixed_prc_rate_cleanup" name="test_deleted_endpoint_unreachable[/admin/prc-economy/pause]" time="0.213" /><testcase classname="tests.test_fixed_prc_rate_cleanup" name="test_deleted_endpoint_unreachable[/admin/prc-economy/resume]" time="0.204" /><testcase classname="tests.test_fixed_prc_rate_cleanup" name="test_deleted_endpoint_unreachable[/admin/prc-economy/check-and-pause]" time="0.200" /><testcase classname="tests.test_fixed_prc_rate_cleanup" name="test_deleted_endpoint_unreachable[/prc-economy/current-rate]" time="0.203" /><testcase classname="tests.test_fixed_prc_rate_cleanup" name="test_deleted_files_removed[/app/backend/routes/prc_economy.py]" time="0.000" /><testcase classname="tests.test_fixed_prc_rate_cleanup" name="test_deleted_files_removed[/app/backend/routes/admin_prc_economy.py]" time="0.000" /><testcase classname="tests.test_fixed_prc_rate_cleanup" name="test_deleted_files_removed[/app/frontend/src/components/PRCRateDisplay.js]" time="0.000" /><testcase classname="tests.test_fixed_prc_rate_cleanup" name="test_deleted_files_removed[/app/frontend/src/pages/AdminPRCRateControl.js]" time="0.000" /><testcase classname="tests.test_fixed_prc_rate_cleanup" name="test_deleted_files_removed[/app/frontend/src/pages/AdminPRCEconomyDashboard.js]" time="0.000" /><testcase classname="tests.test_fixed_prc_rate_cleanup.TestBackendStartup" name="test_no_import_errors_in_backend_err_log" time="0.003" /><testcase classname="tests.test_fixed_prc_rate_cleanup.TestBackendStartup" name="test_server_imports_admin_prc_economy_removed" time="0.022" /></testsuite></testsuites>