<?xml version="1.0" encoding="utf-8"?><testsuites name="pytest tests"><testsuite name="pytest" errors="0" failures="0" skipped="1" tests="10" time="1.442" timestamp="2026-03-29T11:26:50.605697+00:00" hostname="agent-env-59364a4e-feff-437a-a9b8-229f901b437b"><testcase classname="tests.test_single_leg_mining.TestHealthEndpoint" name="test_health_endpoint" time="0.199" /><testcase classname="tests.test_single_leg_mining.TestMiningStatusWithSingleLegTree" name="test_mining_status_returns_network_size" time="0.109" /><testcase classname="tests.test_single_leg_mining.TestMiningStatusWithSingleLegTree" name="test_mining_rate_breakdown" time="0.104" /><testcase classname="tests.test_single_leg_mining.TestGrowthEconomyNetworkStats" name="test_network_stats_endpoint" time="0.106" /><testcase classname="tests.test_single_leg_mining.TestGrowthEconomyNetworkStats" name="test_mining_speed_endpoint" time="0.206" /><testcase classname="tests.test_single_leg_mining.TestDirectReferralsUnchanged" name="test_direct_referrals_count" time="0.106" /><testcase classname="tests.test_single_leg_mining.TestNewUserRegistration" name="test_registration_assigns_tree_position" time="0.228"><skipped type="pytest.skip" message="Registration failed: {&quot;detail&quot;:&quot;Mobile number must be 10 digits&quot;}">/app/backend/tests/test_single_leg_mining.py:201: Registration failed: {"detail":"Mobile number must be 10 digits"}</skipped></testcase><testcase classname="tests.test_single_leg_mining.TestMiningFormulaCalculation" name="test_base_rate_is_500" time="0.108" /><testcase classname="tests.test_single_leg_mining.TestMiningFormulaCalculation" name="test_prc_per_user_formula" time="0.106" /><testcase classname="tests.test_single_leg_mining.TestNetworkCapFormula" name="test_network_cap_formula" time="0.134" /></testsuite></testsuites>