<?xml version="1.0" encoding="utf-8"?><testsuites name="pytest tests"><testsuite name="pytest" errors="0" failures="0" skipped="0" tests="11" time="1.745" timestamp="2026-06-19T08:06:12.913014+00:00" hostname="agent-env-1402b158-3a1a-47dc-9046-ba754c78d940"><testcase classname="backend.tests.test_mining_collect_cooldown.TestCollectCooldownFlow" name="test_01_seed_active_session_and_status" time="0.182" /><testcase classname="backend.tests.test_mining_collect_cooldown.TestCollectCooldownFlow" name="test_02_collect_returns_cooldown_and_no_autostart" time="0.543" /><testcase classname="backend.tests.test_mining_collect_cooldown.TestCollectCooldownFlow" name="test_03_status_after_collect_shows_cooldown" time="0.051" /><testcase classname="backend.tests.test_mining_collect_cooldown.TestCollectCooldownFlow" name="test_04_start_during_cooldown_returns_429" time="0.047" /><testcase classname="backend.tests.test_mining_collect_cooldown.TestCollectCooldownFlow" name="test_05_db_persistence_after_collect" time="0.001" /><testcase classname="backend.tests.test_mining_collect_cooldown.TestCollectCooldownFlow" name="test_06_backdate_cooldown_then_start_succeeds" time="0.507" /><testcase classname="backend.tests.test_mining_collect_cooldown.TestCollectCooldownFlow" name="test_07_shared_state_post_manual_start" time="0.049" /><testcase classname="backend.tests.test_mining_collect_cooldown.TestCollectEdgeCases" name="test_explorer_collect_returns_403" time="0.098" /><testcase classname="backend.tests.test_mining_collect_cooldown.TestCollectEdgeCases" name="test_elite_no_session_collect_returns_400" time="0.047" /><testcase classname="backend.tests.test_mining_collect_cooldown.TestRegressions" name="test_rate_breakdown_returns_six_tiers" time="0.047" /><testcase classname="backend.tests.test_mining_collect_cooldown.TestRegressions" name="test_prc_fixed_rate_unchanged" time="0.048" /></testsuite></testsuites>