<?xml version="1.0" encoding="utf-8"?><testsuites name="pytest tests"><testsuite name="pytest" errors="0" failures="0" skipped="0" tests="9" time="1.845" timestamp="2026-02-24T06:46:15.083196+00:00" hostname="agent-env-86059e7b-95b6-4478-aaee-6ad115725f5e"><testcase classname="tests.test_unified_payments.TestRevertStatusAPI" name="test_revert_status_missing_params" time="0.213" /><testcase classname="tests.test_unified_payments.TestRevertStatusAPI" name="test_revert_status_invalid_type" time="0.099" /><testcase classname="tests.test_unified_payments.TestRevertStatusAPI" name="test_revert_status_nonexistent_request" time="0.164" /><testcase classname="tests.test_unified_payments.TestBankRedeemRequests" name="test_get_bank_redeem_requests" time="0.108" /><testcase classname="tests.test_unified_payments.TestBankRedeemRequests" name="test_get_bank_redeem_requests_with_status_filter" time="0.414" /><testcase classname="tests.test_unified_payments.TestRDRedeemRequests" name="test_get_rd_redeem_requests" time="0.142" /><testcase classname="tests.test_unified_payments.TestBillPaymentRequests" name="test_get_bill_payment_requests_emi" time="0.125" /><testcase classname="tests.test_unified_payments.TestUnifiedPaymentEndpoints" name="test_all_payment_endpoints_reachable" time="0.379" /><testcase classname="tests.test_unified_payments.TestUnifiedPaymentEndpoints" name="test_revert_status_endpoint_exists" time="0.100" /></testsuite></testsuites>