<?xml version="1.0" encoding="utf-8"?><testsuites name="pytest tests"><testsuite name="pytest" errors="0" failures="0" skipped="0" tests="39" time="4.570" timestamp="2026-03-02T13:03:52.400322+00:00" hostname="agent-env-7b8301fa-af10-47e2-9c4a-983ff2ce58c1"><testcase classname="tests.test_unified_redeem_v2.TestUnifiedRedeemServicesAPI" name="test_get_services_returns_success" time="0.179" /><testcase classname="tests.test_unified_redeem_v2.TestUnifiedRedeemServicesAPI" name="test_get_services_returns_all_six_services" time="0.113" /><testcase classname="tests.test_unified_redeem_v2.TestUnifiedRedeemServicesAPI" name="test_get_services_returns_correct_service_structure" time="0.114" /><testcase classname="tests.test_unified_redeem_v2.TestUnifiedRedeemServicesAPI" name="test_get_services_returns_charges_info" time="0.104" /><testcase classname="tests.test_unified_redeem_v2.TestCalculateChargesAPI" name="test_calculate_charges_success" time="0.105" /><testcase classname="tests.test_unified_redeem_v2.TestCalculateChargesAPI" name="test_calculate_charges_correct_formula_100_inr" time="0.145" /><testcase classname="tests.test_unified_redeem_v2.TestCalculateChargesAPI" name="test_calculate_charges_correct_prc_conversion" time="0.096" /><testcase classname="tests.test_unified_redeem_v2.TestCalculateChargesAPI" name="test_calculate_charges_500_inr" time="0.110" /><testcase classname="tests.test_unified_redeem_v2.TestCalculateChargesAPI" name="test_calculate_charges_199_inr" time="0.151" /><testcase classname="tests.test_unified_redeem_v2.TestCalculateChargesAPI" name="test_calculate_charges_zero_amount_fails" time="0.113" /><testcase classname="tests.test_unified_redeem_v2.TestCalculateChargesAPI" name="test_calculate_charges_negative_amount_fails" time="0.121" /><testcase classname="tests.test_unified_redeem_v2.TestCalculateChargesAPI" name="test_calculate_charges_missing_amount_fails" time="0.102" /><testcase classname="tests.test_unified_redeem_v2.TestAdminStatsAPI" name="test_admin_stats_success" time="0.111" /><testcase classname="tests.test_unified_redeem_v2.TestAdminStatsAPI" name="test_admin_stats_returns_by_status" time="0.113" /><testcase classname="tests.test_unified_redeem_v2.TestAdminStatsAPI" name="test_admin_stats_returns_by_service" time="0.115" /><testcase classname="tests.test_unified_redeem_v2.TestAdminStatsAPI" name="test_admin_stats_returns_today" time="0.115" /><testcase classname="tests.test_unified_redeem_v2.TestAdminStatsAPI" name="test_admin_stats_returns_pending_count" time="0.109" /><testcase classname="tests.test_unified_redeem_v2.TestAdminRequestsAPI" name="test_admin_requests_success" time="0.124" /><testcase classname="tests.test_unified_redeem_v2.TestAdminRequestsAPI" name="test_admin_requests_returns_requests_array" time="0.105" /><testcase classname="tests.test_unified_redeem_v2.TestAdminRequestsAPI" name="test_admin_requests_returns_pagination" time="0.110" /><testcase classname="tests.test_unified_redeem_v2.TestAdminRequestsAPI" name="test_admin_requests_default_pagination" time="0.123" /><testcase classname="tests.test_unified_redeem_v2.TestAdminRequestsAPI" name="test_admin_requests_custom_pagination" time="0.124" /><testcase classname="tests.test_unified_redeem_v2.TestAdminRequestsAPI" name="test_admin_requests_returns_filters_applied" time="0.119" /><testcase classname="tests.test_unified_redeem_v2.TestAdminRequestsAPI" name="test_admin_requests_filter_by_status" time="0.121" /><testcase classname="tests.test_unified_redeem_v2.TestAdminRequestsAPI" name="test_admin_requests_filter_by_service_type" time="0.106" /><testcase classname="tests.test_unified_redeem_v2.TestAdminRequestsAPI" name="test_admin_requests_search_filter" time="0.109" /><testcase classname="tests.test_unified_redeem_v2.TestAdminRequestsAPI" name="test_admin_requests_sort_by_amount" time="0.104" /><testcase classname="tests.test_unified_redeem_v2.TestAdminRequestsAPI" name="test_admin_requests_invalid_sort_by_fails" time="0.111" /><testcase classname="tests.test_unified_redeem_v2.TestCreateRedeemRequestAPI" name="test_create_request_invalid_service_type" time="0.096" /><testcase classname="tests.test_unified_redeem_v2.TestCreateRedeemRequestAPI" name="test_create_request_user_not_found" time="0.109" /><testcase classname="tests.test_unified_redeem_v2.TestCreateRedeemRequestAPI" name="test_create_request_zero_amount_fails" time="0.114" /><testcase classname="tests.test_unified_redeem_v2.TestCreateRedeemRequestAPI" name="test_create_request_negative_amount_fails" time="0.113" /><testcase classname="tests.test_unified_redeem_v2.TestAdminApproveRejectAPI" name="test_approve_request_not_found" time="0.126" /><testcase classname="tests.test_unified_redeem_v2.TestAdminApproveRejectAPI" name="test_reject_without_reason_fails" time="0.120" /><testcase classname="tests.test_unified_redeem_v2.TestAdminApproveRejectAPI" name="test_invalid_action_fails" time="0.103" /><testcase classname="tests.test_unified_redeem_v2.TestAdminCompleteAPI" name="test_complete_request_not_found" time="0.114" /><testcase classname="tests.test_unified_redeem_v2.TestAdminRequestDetailsAPI" name="test_get_request_not_found" time="0.112" /><testcase classname="tests.test_unified_redeem_v2.TestUserRequestsAPI" name="test_user_requests_success" time="0.118" /><testcase classname="tests.test_unified_redeem_v2.TestUserRequestsAPI" name="test_user_requests_with_filters" time="0.105" /></testsuite></testsuites>