<?xml version="1.0" encoding="utf-8"?><testsuites name="pytest tests"><testsuite name="pytest" errors="0" failures="0" skipped="0" tests="12" time="2.710" timestamp="2026-04-05T08:09:30.311864+00:00" hostname="agent-env-1402b158-3a1a-47dc-9046-ba754c78d940"><testcase classname="backend.tests.test_usage_history_redeem_match.TestHealthCheck" name="test_health_endpoint_returns_200" time="1.103" /><testcase classname="backend.tests.test_usage_history_redeem_match.TestUsageHistoryAPI" name="test_usage_history_returns_200" time="0.113" /><testcase classname="backend.tests.test_usage_history_redeem_match.TestUsageHistoryAPI" name="test_usage_history_has_required_fields" time="0.114" /><testcase classname="backend.tests.test_usage_history_redeem_match.TestUsageHistoryAPI" name="test_usage_history_no_burns_or_admin" time="0.108" /><testcase classname="backend.tests.test_usage_history_redeem_match.TestUsageHistoryAPI" name="test_usage_history_prc_user_no_burns" time="0.113" /><testcase classname="backend.tests.test_usage_history_redeem_match.TestRedeemLimitAPI" name="test_redeem_limit_returns_200" time="0.166" /><testcase classname="backend.tests.test_usage_history_redeem_match.TestRedeemLimitAPI" name="test_redeem_limit_has_total_redeemed" time="0.113" /><testcase classname="backend.tests.test_usage_history_redeem_match.TestUsageHistoryRedeemLimitMatch" name="test_primary_user_totals_match" time="0.228" /><testcase classname="backend.tests.test_usage_history_redeem_match.TestUsageHistoryRedeemLimitMatch" name="test_prc_user_totals_match" time="0.241" /><testcase classname="backend.tests.test_usage_history_redeem_match.TestUsageHistoryDataStructure" name="test_graph_data_structure" time="0.142" /><testcase classname="backend.tests.test_usage_history_redeem_match.TestUsageHistoryDataStructure" name="test_daily_breakdown_structure" time="0.110" /><testcase classname="backend.tests.test_usage_history_redeem_match.TestInvalidUser" name="test_usage_history_invalid_user_returns_404" time="0.105" /></testsuite></testsuites>