<?xml version="1.0" encoding="utf-8"?><testsuites name="pytest tests"><testsuite name="pytest" errors="0" failures="0" skipped="0" tests="22" time="7.027" timestamp="2026-01-22T19:24:17.685976+00:00" hostname="agent-env-dcbd9d91-74c1-49b5-ad73-9219d67f491b"><testcase classname="backend.tests.test_user_360.TestUser360Search" name="test_search_by_email" time="0.341" /><testcase classname="backend.tests.test_user_360.TestUser360Search" name="test_search_by_uid" time="0.312" /><testcase classname="backend.tests.test_user_360.TestUser360Search" name="test_search_by_referral_code" time="0.307" /><testcase classname="backend.tests.test_user_360.TestUser360Search" name="test_search_short_query_rejected" time="0.318" /><testcase classname="backend.tests.test_user_360.TestUser360Search" name="test_search_nonexistent_user" time="0.277" /><testcase classname="backend.tests.test_user_360.TestUser360Search" name="test_financial_stats_structure" time="0.294" /><testcase classname="backend.tests.test_user_360.TestUser360Search" name="test_referral_data_structure" time="0.289" /><testcase classname="backend.tests.test_user_360.TestUser360Search" name="test_transactions_structure" time="0.298" /><testcase classname="backend.tests.test_user_360.TestUser360Search" name="test_activity_timeline" time="0.280" /><testcase classname="backend.tests.test_user_360.TestUser360Actions" name="test_pause_mining_action" time="0.301" /><testcase classname="backend.tests.test_user_360.TestUser360Actions" name="test_resume_mining_action" time="0.301" /><testcase classname="backend.tests.test_user_360.TestUser360Actions" name="test_adjust_balance_action" time="0.436" /><testcase classname="backend.tests.test_user_360.TestUser360Actions" name="test_adjust_balance_zero_rejected" time="0.303" /><testcase classname="backend.tests.test_user_360.TestUser360Actions" name="test_set_daily_cap_action" time="0.302" /><testcase classname="backend.tests.test_user_360.TestUser360Actions" name="test_send_notification_action" time="0.296" /><testcase classname="backend.tests.test_user_360.TestUser360Actions" name="test_send_notification_empty_message_rejected" time="0.348" /><testcase classname="backend.tests.test_user_360.TestUser360Actions" name="test_save_notes_action" time="0.338" /><testcase classname="backend.tests.test_user_360.TestUser360Actions" name="test_reset_password_action" time="0.329" /><testcase classname="backend.tests.test_user_360.TestUser360Actions" name="test_unknown_action_rejected" time="0.297" /><testcase classname="backend.tests.test_user_360.TestUser360Actions" name="test_action_missing_user_id" time="0.334" /><testcase classname="backend.tests.test_user_360.TestUser360Actions" name="test_action_missing_action" time="0.298" /><testcase classname="backend.tests.test_user_360.TestUser360Actions" name="test_action_nonexistent_user" time="0.333" /></testsuite></testsuites>